Performing C SOURCE FILE Test CMAKE_HAVE_LIBC_PTHREAD failed with the following output:
Change Dir: /home/marcelot/Desktop/RMAL/VTKPractice/environment/build/CMakeFiles/CMakeTmp

Run Build Command(s):/usr/bin/make -f Makefile cmTC_b3b96/fast && /usr/bin/make  -f CMakeFiles/cmTC_b3b96.dir/build.make CMakeFiles/cmTC_b3b96.dir/build
make[1]: Entering directory '/home/marcelot/Desktop/RMAL/VTKPractice/environment/build/CMakeFiles/CMakeTmp'
Building C object CMakeFiles/cmTC_b3b96.dir/src.c.o
/usr/bin/cc -DCMAKE_HAVE_LIBC_PTHREAD   -o CMakeFiles/cmTC_b3b96.dir/src.c.o -c /home/marcelot/Desktop/RMAL/VTKPractice/environment/build/CMakeFiles/CMakeTmp/src.c
Linking C executable cmTC_b3b96
/var/lib/snapd/snap/cmake/1005/bin/cmake -E cmake_link_script CMakeFiles/cmTC_b3b96.dir/link.txt --verbose=1
/usr/bin/cc CMakeFiles/cmTC_b3b96.dir/src.c.o -o cmTC_b3b96 
/usr/bin/ld: CMakeFiles/cmTC_b3b96.dir/src.c.o: in function `main':
src.c:(.text+0x3e): undefined reference to `pthread_create'
/usr/bin/ld: src.c:(.text+0x4a): undefined reference to `pthread_detach'
/usr/bin/ld: src.c:(.text+0x56): undefined reference to `pthread_cancel'
/usr/bin/ld: src.c:(.text+0x67): undefined reference to `pthread_join'
collect2: error: ld returned 1 exit status
make[1]: *** [CMakeFiles/cmTC_b3b96.dir/build.make:99: cmTC_b3b96] Error 1
make[1]: Leaving directory '/home/marcelot/Desktop/RMAL/VTKPractice/environment/build/CMakeFiles/CMakeTmp'
make: *** [Makefile:127: cmTC_b3b96/fast] Error 2


Source file was:
#include <pthread.h>

static void* test_func(void* data)
{
  return data;
}

int main(void)
{
  pthread_t thread;
  pthread_create(&thread, NULL, test_func, NULL);
  pthread_detach(thread);
  pthread_cancel(thread);
  pthread_join(thread, NULL);
  pthread_atfork(NULL, NULL, NULL);
  pthread_exit(NULL);

  return 0;
}

