[0.072s] Invoking command in '/home/marcelo/Documents/GitHub/RMAL/uam/ros_uam/build/open_manipulator_msgs': CMAKE_PREFIX_PATH=/opt/ros/foxy /usr/bin/cmake /home/marcelo/Documents/GitHub/RMAL/uam/ros_uam/src/open_manipulator_msgs -DAMENT_CMAKE_SYMLINK_INSTALL=1 -DCMAKE_INSTALL_PREFIX=/home/marcelo/Documents/GitHub/RMAL/uam/ros_uam/install/open_manipulator_msgs
[0.284s] -- The C compiler identification is GNU 9.4.0
[0.366s] -- The CXX compiler identification is GNU 9.4.0
[0.374s] -- Check for working C compiler: /usr/bin/cc
[0.456s] -- Check for working C compiler: /usr/bin/cc -- works
[0.456s] -- Detecting C compiler ABI info
[0.549s] -- Detecting C compiler ABI info - done
[0.560s] -- Detecting C compile features
[0.560s] -- Detecting C compile features - done
[0.562s] -- Check for working CXX compiler: /usr/bin/c++
[0.635s] -- Check for working CXX compiler: /usr/bin/c++ -- works
[0.635s] -- Detecting CXX compiler ABI info
[0.722s] -- Detecting CXX compiler ABI info - done
[0.732s] -- Detecting CXX compile features
[0.733s] -- Detecting CXX compile features - done
[0.736s] -- Found ament_cmake: 0.9.11 (/opt/ros/foxy/share/ament_cmake/cmake)
[0.757s] -- Found PythonInterp: /usr/bin/python3 (found suitable version "3.8.10", minimum required is "3") 
[0.757s] -- Using PYTHON_EXECUTABLE: /usr/bin/python3
[0.919s] -- Override CMake install command with custom implementation using symlinks instead of copying resources
[0.937s] -- Found geometry_msgs: 2.0.5 (/opt/ros/foxy/share/geometry_msgs/cmake)
[0.980s] -- Using all available rosidl_typesupport_c: rosidl_typesupport_fastrtps_c;rosidl_typesupport_introspection_c
[0.989s] -- Found rosidl_adapter: 1.3.0 (/opt/ros/foxy/share/rosidl_adapter/cmake)
[1.151s] -- Found OpenSSL: /usr/lib/x86_64-linux-gnu/libcrypto.so (found version "1.1.1f")  
[1.196s] -- Found FastRTPS: /opt/ros/foxy/include  
[1.347s] -- Using all available rosidl_typesupport_cpp: rosidl_typesupport_fastrtps_cpp;rosidl_typesupport_introspection_cpp
[1.462s] -- Found rosidl_default_generators: 1.0.1 (/opt/ros/foxy/share/rosidl_default_generators/cmake)
[1.520s] -- Found PythonInterp: /usr/bin/python3 (found version "3.8.10") 
[1.825s] -- Found ament_cmake_cppcheck: 0.9.8 (/opt/ros/foxy/share/ament_cmake_cppcheck/cmake)
[1.827s] -- Found ament_cmake_cpplint: 0.9.8 (/opt/ros/foxy/share/ament_cmake_cpplint/cmake)
[1.831s] -- Found ament_cmake_uncrustify: 0.9.8 (/opt/ros/foxy/share/ament_cmake_uncrustify/cmake)
[1.834s] -- Found ament_cmake_ros: 0.9.2 (/opt/ros/foxy/share/ament_cmake_ros/cmake)
[2.061s] -- Using all available rosidl_typesupport_c: rosidl_typesupport_fastrtps_c;rosidl_typesupport_introspection_c
[2.164s] -- Using all available rosidl_typesupport_cpp: rosidl_typesupport_fastrtps_cpp;rosidl_typesupport_introspection_cpp
[2.186s] -- Found PythonInterp: /usr/bin/python3 (found suitable version "3.8.10", minimum required is "3.5") 
[2.187s] -- Found python_cmake_module: 0.8.1 (/opt/ros/foxy/share/python_cmake_module/cmake)
[2.209s] -- Found PythonLibs: /usr/lib/x86_64-linux-gnu/libpython3.8.so (found suitable version "3.8.10", minimum required is "3.5") 
[2.209s] -- Using PYTHON_EXECUTABLE: /usr/bin/python3
[2.209s] -- Using PYTHON_INCLUDE_DIRS: /usr/include/python3.8
[2.209s] -- Using PYTHON_LIBRARIES: /usr/lib/x86_64-linux-gnu/libpython3.8.so
[2.235s] -- Found PythonExtra: .so  
[2.308s] -- Found ament_cmake_flake8: 0.9.8 (/opt/ros/foxy/share/ament_cmake_flake8/cmake)
[2.313s] -- Found ament_cmake_pep257: 0.9.8 (/opt/ros/foxy/share/ament_cmake_pep257/cmake)
[2.327s] -- Configuring done
[2.404s] -- Generating done
[2.407s] -- Build files have been written to: /home/marcelo/Documents/GitHub/RMAL/uam/ros_uam/build/open_manipulator_msgs
[2.426s] Invoked command in '/home/marcelo/Documents/GitHub/RMAL/uam/ros_uam/build/open_manipulator_msgs' returned '0': CMAKE_PREFIX_PATH=/opt/ros/foxy /usr/bin/cmake /home/marcelo/Documents/GitHub/RMAL/uam/ros_uam/src/open_manipulator_msgs -DAMENT_CMAKE_SYMLINK_INSTALL=1 -DCMAKE_INSTALL_PREFIX=/home/marcelo/Documents/GitHub/RMAL/uam/ros_uam/install/open_manipulator_msgs
[2.427s] Invoking command in '/home/marcelo/Documents/GitHub/RMAL/uam/ros_uam/build/open_manipulator_msgs': CMAKE_PREFIX_PATH=/opt/ros/foxy /usr/bin/cmake --build /home/marcelo/Documents/GitHub/RMAL/uam/ros_uam/build/open_manipulator_msgs -- -j6 -l6
[2.488s] [35m[1mScanning dependencies of target open_manipulator_msgs__cpp[0m
[2.492s] [  1%] [34m[1mGenerating C code for ROS interfaces[0m
[2.505s] [  2%] [34m[1mGenerating C++ code for ROS interfaces[0m
[3.495s] [  2%] Built target open_manipulator_msgs__cpp
[3.516s] [  3%] [34m[1mGenerating C++ type support dispatch for ROS interfaces[0m
[3.520s] [  4%] [34m[1mGenerating C++ type support for eProsima Fast-RTPS[0m
[3.558s] [  5%] [34m[1mGenerating C++ introspection for ROS interfaces[0m
[3.615s] [35m[1mScanning dependencies of target open_manipulator_msgs__rosidl_generator_c[0m
[3.638s] [  6%] [32mBuilding C object CMakeFiles/open_manipulator_msgs__rosidl_generator_c.dir/rosidl_generator_c/open_manipulator_msgs/msg/detail/joint_position__functions.c.o[0m
[3.644s] [  7%] [32mBuilding C object CMakeFiles/open_manipulator_msgs__rosidl_generator_c.dir/rosidl_generator_c/open_manipulator_msgs/msg/detail/kinematics_pose__functions.c.o[0m
[3.668s] [  8%] [32mBuilding C object CMakeFiles/open_manipulator_msgs__rosidl_generator_c.dir/rosidl_generator_c/open_manipulator_msgs/msg/detail/open_manipulator_state__functions.c.o[0m
[3.710s] [  9%] [32mBuilding C object CMakeFiles/open_manipulator_msgs__rosidl_generator_c.dir/rosidl_generator_c/open_manipulator_msgs/srv/detail/get_joint_position__functions.c.o[0m
[3.725s] [ 10%] [32mBuilding C object CMakeFiles/open_manipulator_msgs__rosidl_generator_c.dir/rosidl_generator_c/open_manipulator_msgs/srv/detail/get_kinematics_pose__functions.c.o[0m
[3.773s] [ 11%] [32mBuilding C object CMakeFiles/open_manipulator_msgs__rosidl_generator_c.dir/rosidl_generator_c/open_manipulator_msgs/srv/detail/set_joint_position__functions.c.o[0m
[3.820s] [ 12%] [32mBuilding C object CMakeFiles/open_manipulator_msgs__rosidl_generator_c.dir/rosidl_generator_c/open_manipulator_msgs/srv/detail/set_kinematics_pose__functions.c.o[0m
[3.871s] [ 13%] [32mBuilding C object CMakeFiles/open_manipulator_msgs__rosidl_generator_c.dir/rosidl_generator_c/open_manipulator_msgs/srv/detail/set_drawing_trajectory__functions.c.o[0m
[3.886s] [ 14%] [32mBuilding C object CMakeFiles/open_manipulator_msgs__rosidl_generator_c.dir/rosidl_generator_c/open_manipulator_msgs/srv/detail/set_actuator_state__functions.c.o[0m
[3.970s] [ 15%] [32m[1mLinking C shared library libopen_manipulator_msgs__rosidl_generator_c.so[0m
[4.010s] [35m[1mScanning dependencies of target open_manipulator_msgs__rosidl_typesupport_cpp[0m
[4.029s] [ 16%] [32mBuilding CXX object CMakeFiles/open_manipulator_msgs__rosidl_typesupport_cpp.dir/rosidl_typesupport_cpp/open_manipulator_msgs/msg/joint_position__type_support.cpp.o[0m
[4.032s] [ 17%] [32mBuilding CXX object CMakeFiles/open_manipulator_msgs__rosidl_typesupport_cpp.dir/rosidl_typesupport_cpp/open_manipulator_msgs/msg/kinematics_pose__type_support.cpp.o[0m
[4.041s] [ 18%] [32mBuilding CXX object CMakeFiles/open_manipulator_msgs__rosidl_typesupport_cpp.dir/rosidl_typesupport_cpp/open_manipulator_msgs/msg/open_manipulator_state__type_support.cpp.o[0m
[4.049s] [ 18%] Built target open_manipulator_msgs__rosidl_generator_c
[4.087s] [ 20%] [34m[1mGenerating C type support dispatch for ROS interfaces[0m
[4.362s] [ 21%] [32mBuilding CXX object CMakeFiles/open_manipulator_msgs__rosidl_typesupport_cpp.dir/rosidl_typesupport_cpp/open_manipulator_msgs/srv/get_joint_position__type_support.cpp.o[0m
[4.382s] [ 22%] [32mBuilding CXX object CMakeFiles/open_manipulator_msgs__rosidl_typesupport_cpp.dir/rosidl_typesupport_cpp/open_manipulator_msgs/srv/get_kinematics_pose__type_support.cpp.o[0m
[4.440s] [ 23%] [32mBuilding CXX object CMakeFiles/open_manipulator_msgs__rosidl_typesupport_cpp.dir/rosidl_typesupport_cpp/open_manipulator_msgs/srv/set_joint_position__type_support.cpp.o[0m
[4.600s] [35m[1mScanning dependencies of target open_manipulator_msgs__rosidl_typesupport_introspection_cpp[0m
[4.660s] [ 24%] [32mBuilding CXX object CMakeFiles/open_manipulator_msgs__rosidl_typesupport_introspection_cpp.dir/rosidl_typesupport_introspection_cpp/open_manipulator_msgs/msg/detail/joint_position__type_support.cpp.o[0m
[4.706s] [35m[1mScanning dependencies of target open_manipulator_msgs__rosidl_typesupport_fastrtps_cpp[0m
[4.776s] [ 25%] [32mBuilding CXX object CMakeFiles/open_manipulator_msgs__rosidl_typesupport_fastrtps_cpp.dir/rosidl_typesupport_fastrtps_cpp/open_manipulator_msgs/msg/detail/dds_fastrtps/joint_position__type_support.cpp.o[0m
[5.066s] [ 26%] [32mBuilding CXX object CMakeFiles/open_manipulator_msgs__rosidl_typesupport_cpp.dir/rosidl_typesupport_cpp/open_manipulator_msgs/srv/set_kinematics_pose__type_support.cpp.o[0m
[5.072s] [ 27%] [32mBuilding CXX object CMakeFiles/open_manipulator_msgs__rosidl_typesupport_cpp.dir/rosidl_typesupport_cpp/open_manipulator_msgs/srv/set_drawing_trajectory__type_support.cpp.o[0m
[5.110s] [ 28%] [32mBuilding CXX object CMakeFiles/open_manipulator_msgs__rosidl_typesupport_fastrtps_cpp.dir/rosidl_typesupport_fastrtps_cpp/open_manipulator_msgs/msg/detail/dds_fastrtps/kinematics_pose__type_support.cpp.o[0m
[5.112s] [35m[1mScanning dependencies of target open_manipulator_msgs__rosidl_typesupport_c[0m
[5.174s] [ 29%] [32mBuilding CXX object CMakeFiles/open_manipulator_msgs__rosidl_typesupport_c.dir/rosidl_typesupport_c/open_manipulator_msgs/msg/joint_position__type_support.cpp.o[0m
[5.316s] [ 30%] [32mBuilding CXX object CMakeFiles/open_manipulator_msgs__rosidl_typesupport_c.dir/rosidl_typesupport_c/open_manipulator_msgs/msg/kinematics_pose__type_support.cpp.o[0m
[5.412s] [ 31%] [32mBuilding CXX object CMakeFiles/open_manipulator_msgs__rosidl_typesupport_c.dir/rosidl_typesupport_c/open_manipulator_msgs/msg/open_manipulator_state__type_support.cpp.o[0m
[5.542s] [ 32%] [32mBuilding CXX object CMakeFiles/open_manipulator_msgs__rosidl_typesupport_c.dir/rosidl_typesupport_c/open_manipulator_msgs/srv/get_joint_position__type_support.cpp.o[0m
[5.632s] [ 33%] [32mBuilding CXX object CMakeFiles/open_manipulator_msgs__rosidl_typesupport_introspection_cpp.dir/rosidl_typesupport_introspection_cpp/open_manipulator_msgs/msg/detail/kinematics_pose__type_support.cpp.o[0m
[5.692s] [ 34%] [32mBuilding CXX object CMakeFiles/open_manipulator_msgs__rosidl_typesupport_c.dir/rosidl_typesupport_c/open_manipulator_msgs/srv/get_kinematics_pose__type_support.cpp.o[0m
[5.692s] [ 35%] [34m[1mGenerating C introspection for ROS interfaces[0m
[5.706s] [ 36%] [32mBuilding CXX object CMakeFiles/open_manipulator_msgs__rosidl_typesupport_cpp.dir/rosidl_typesupport_cpp/open_manipulator_msgs/srv/set_actuator_state__type_support.cpp.o[0m
[5.796s] [ 37%] [32mBuilding CXX object CMakeFiles/open_manipulator_msgs__rosidl_typesupport_c.dir/rosidl_typesupport_c/open_manipulator_msgs/srv/set_joint_position__type_support.cpp.o[0m
[5.903s] [ 38%] [32mBuilding CXX object CMakeFiles/open_manipulator_msgs__rosidl_typesupport_c.dir/rosidl_typesupport_c/open_manipulator_msgs/srv/set_kinematics_pose__type_support.cpp.o[0m
[5.922s] [ 40%] [32mBuilding CXX object CMakeFiles/open_manipulator_msgs__rosidl_typesupport_fastrtps_cpp.dir/rosidl_typesupport_fastrtps_cpp/open_manipulator_msgs/msg/detail/dds_fastrtps/open_manipulator_state__type_support.cpp.o[0m
[5.930s] [ 41%] [32mBuilding CXX object CMakeFiles/open_manipulator_msgs__rosidl_typesupport_c.dir/rosidl_typesupport_c/open_manipulator_msgs/srv/set_drawing_trajectory__type_support.cpp.o[0m
[6.054s] [ 42%] [32mBuilding CXX object CMakeFiles/open_manipulator_msgs__rosidl_typesupport_c.dir/rosidl_typesupport_c/open_manipulator_msgs/srv/set_actuator_state__type_support.cpp.o[0m
[6.071s] [ 43%] [32mBuilding CXX object CMakeFiles/open_manipulator_msgs__rosidl_typesupport_introspection_cpp.dir/rosidl_typesupport_introspection_cpp/open_manipulator_msgs/msg/detail/open_manipulator_state__type_support.cpp.o[0m
[6.206s] [ 44%] [32m[1mLinking CXX shared library libopen_manipulator_msgs__rosidl_typesupport_c.so[0m
[6.386s] [ 44%] Built target open_manipulator_msgs__rosidl_typesupport_c
[6.432s] [ 45%] [32mBuilding CXX object CMakeFiles/open_manipulator_msgs__rosidl_typesupport_introspection_cpp.dir/rosidl_typesupport_introspection_cpp/open_manipulator_msgs/srv/detail/get_joint_position__type_support.cpp.o[0m
[6.434s] [ 46%] [32mBuilding CXX object CMakeFiles/open_manipulator_msgs__rosidl_typesupport_fastrtps_cpp.dir/rosidl_typesupport_fastrtps_cpp/open_manipulator_msgs/srv/detail/dds_fastrtps/get_joint_position__type_support.cpp.o[0m
[6.626s] [ 47%] [32m[1mLinking CXX shared library libopen_manipulator_msgs__rosidl_typesupport_cpp.so[0m
[6.654s] [ 48%] [32mBuilding CXX object CMakeFiles/open_manipulator_msgs__rosidl_typesupport_fastrtps_cpp.dir/rosidl_typesupport_fastrtps_cpp/open_manipulator_msgs/srv/detail/dds_fastrtps/get_kinematics_pose__type_support.cpp.o[0m
[6.772s] [ 48%] Built target open_manipulator_msgs__rosidl_typesupport_cpp
[6.828s] [ 49%] [32mBuilding CXX object CMakeFiles/open_manipulator_msgs__rosidl_typesupport_fastrtps_cpp.dir/rosidl_typesupport_fastrtps_cpp/open_manipulator_msgs/srv/detail/dds_fastrtps/set_joint_position__type_support.cpp.o[0m
[6.941s] [ 50%] [32mBuilding CXX object CMakeFiles/open_manipulator_msgs__rosidl_typesupport_introspection_cpp.dir/rosidl_typesupport_introspection_cpp/open_manipulator_msgs/srv/detail/get_kinematics_pose__type_support.cpp.o[0m
[7.109s] [35m[1mScanning dependencies of target open_manipulator_msgs__rosidl_typesupport_introspection_c[0m
[7.197s] [ 51%] [32mBuilding C object CMakeFiles/open_manipulator_msgs__rosidl_typesupport_introspection_c.dir/rosidl_typesupport_introspection_c/open_manipulator_msgs/msg/detail/joint_position__type_support.c.o[0m
[7.239s] [ 52%] [32mBuilding C object CMakeFiles/open_manipulator_msgs__rosidl_typesupport_introspection_c.dir/rosidl_typesupport_introspection_c/open_manipulator_msgs/msg/detail/kinematics_pose__type_support.c.o[0m
[7.258s] [ 53%] [32mBuilding C object CMakeFiles/open_manipulator_msgs__rosidl_typesupport_introspection_c.dir/rosidl_typesupport_introspection_c/open_manipulator_msgs/msg/detail/open_manipulator_state__type_support.c.o[0m
[7.349s] [ 54%] [32mBuilding C object CMakeFiles/open_manipulator_msgs__rosidl_typesupport_introspection_c.dir/rosidl_typesupport_introspection_c/open_manipulator_msgs/srv/detail/get_joint_position__type_support.c.o[0m
[7.371s] [ 55%] [32mBuilding C object CMakeFiles/open_manipulator_msgs__rosidl_typesupport_introspection_c.dir/rosidl_typesupport_introspection_c/open_manipulator_msgs/srv/detail/get_kinematics_pose__type_support.c.o[0m
[7.420s] [ 56%] [32mBuilding C object CMakeFiles/open_manipulator_msgs__rosidl_typesupport_introspection_c.dir/rosidl_typesupport_introspection_c/open_manipulator_msgs/srv/detail/set_joint_position__type_support.c.o[0m
[7.450s] [ 57%] [32mBuilding C object CMakeFiles/open_manipulator_msgs__rosidl_typesupport_introspection_c.dir/rosidl_typesupport_introspection_c/open_manipulator_msgs/srv/detail/set_kinematics_pose__type_support.c.o[0m
[7.516s] [ 58%] [32mBuilding CXX object CMakeFiles/open_manipulator_msgs__rosidl_typesupport_introspection_cpp.dir/rosidl_typesupport_introspection_cpp/open_manipulator_msgs/srv/detail/set_joint_position__type_support.cpp.o[0m
[7.516s] [ 60%] [32mBuilding C object CMakeFiles/open_manipulator_msgs__rosidl_typesupport_introspection_c.dir/rosidl_typesupport_introspection_c/open_manipulator_msgs/srv/detail/set_drawing_trajectory__type_support.c.o[0m
[7.531s] [ 61%] [32mBuilding C object CMakeFiles/open_manipulator_msgs__rosidl_typesupport_introspection_c.dir/rosidl_typesupport_introspection_c/open_manipulator_msgs/srv/detail/set_actuator_state__type_support.c.o[0m
[7.551s] [ 62%] [32mBuilding CXX object CMakeFiles/open_manipulator_msgs__rosidl_typesupport_introspection_cpp.dir/rosidl_typesupport_introspection_cpp/open_manipulator_msgs/srv/detail/set_kinematics_pose__type_support.cpp.o[0m
[7.598s] [ 63%] [32mBuilding CXX object CMakeFiles/open_manipulator_msgs__rosidl_typesupport_introspection_cpp.dir/rosidl_typesupport_introspection_cpp/open_manipulator_msgs/srv/detail/set_drawing_trajectory__type_support.cpp.o[0m
[7.632s] [ 64%] [32mBuilding CXX object CMakeFiles/open_manipulator_msgs__rosidl_typesupport_introspection_cpp.dir/rosidl_typesupport_introspection_cpp/open_manipulator_msgs/srv/detail/set_actuator_state__type_support.cpp.o[0m
[7.641s] [ 65%] [32m[1mLinking C shared library libopen_manipulator_msgs__rosidl_typesupport_introspection_c.so[0m
[7.745s] [ 66%] [32mBuilding CXX object CMakeFiles/open_manipulator_msgs__rosidl_typesupport_fastrtps_cpp.dir/rosidl_typesupport_fastrtps_cpp/open_manipulator_msgs/srv/detail/dds_fastrtps/set_kinematics_pose__type_support.cpp.o[0m
[7.798s] [ 66%] Built target open_manipulator_msgs__rosidl_typesupport_introspection_c
[7.843s] [ 67%] [32mBuilding CXX object CMakeFiles/open_manipulator_msgs__rosidl_typesupport_fastrtps_cpp.dir/rosidl_typesupport_fastrtps_cpp/open_manipulator_msgs/srv/detail/dds_fastrtps/set_drawing_trajectory__type_support.cpp.o[0m
[7.991s] [ 68%] [32mBuilding CXX object CMakeFiles/open_manipulator_msgs__rosidl_typesupport_fastrtps_cpp.dir/rosidl_typesupport_fastrtps_cpp/open_manipulator_msgs/srv/detail/dds_fastrtps/set_actuator_state__type_support.cpp.o[0m
[8.116s] [ 69%] [32m[1mLinking CXX shared library libopen_manipulator_msgs__rosidl_typesupport_introspection_cpp.so[0m
[8.406s] [ 69%] Built target open_manipulator_msgs__rosidl_typesupport_introspection_cpp
[8.535s] [ 70%] [32m[1mLinking CXX shared library libopen_manipulator_msgs__rosidl_typesupport_fastrtps_cpp.so[0m
[8.658s] [ 70%] Built target open_manipulator_msgs__rosidl_typesupport_fastrtps_cpp
[8.673s] [ 71%] [34m[1mGenerating C type support for eProsima Fast-RTPS[0m
[9.314s] [35m[1mScanning dependencies of target open_manipulator_msgs__rosidl_typesupport_fastrtps_c[0m
[9.348s] [ 74%] [32mBuilding CXX object CMakeFiles/open_manipulator_msgs__rosidl_typesupport_fastrtps_c.dir/rosidl_typesupport_fastrtps_c/open_manipulator_msgs/srv/detail/get_kinematics_pose__type_support_c.cpp.o[0m
[9.348s] [ 74%] [32mBuilding CXX object CMakeFiles/open_manipulator_msgs__rosidl_typesupport_fastrtps_c.dir/rosidl_typesupport_fastrtps_c/open_manipulator_msgs/msg/detail/joint_position__type_support_c.cpp.o[0m
[9.348s] [ 74%] [32mBuilding CXX object CMakeFiles/open_manipulator_msgs__rosidl_typesupport_fastrtps_c.dir/rosidl_typesupport_fastrtps_c/open_manipulator_msgs/srv/detail/get_joint_position__type_support_c.cpp.o[0m
[9.350s] [ 75%] [32mBuilding CXX object CMakeFiles/open_manipulator_msgs__rosidl_typesupport_fastrtps_c.dir/rosidl_typesupport_fastrtps_c/open_manipulator_msgs/srv/detail/set_joint_position__type_support_c.cpp.o[0m
[9.360s] [ 76%] [32mBuilding CXX object CMakeFiles/open_manipulator_msgs__rosidl_typesupport_fastrtps_c.dir/rosidl_typesupport_fastrtps_c/open_manipulator_msgs/msg/detail/open_manipulator_state__type_support_c.cpp.o[0m
[9.362s] [ 77%] [32mBuilding CXX object CMakeFiles/open_manipulator_msgs__rosidl_typesupport_fastrtps_c.dir/rosidl_typesupport_fastrtps_c/open_manipulator_msgs/msg/detail/kinematics_pose__type_support_c.cpp.o[0m
[9.819s] [ 78%] [32mBuilding CXX object CMakeFiles/open_manipulator_msgs__rosidl_typesupport_fastrtps_c.dir/rosidl_typesupport_fastrtps_c/open_manipulator_msgs/srv/detail/set_kinematics_pose__type_support_c.cpp.o[0m
[9.845s] [ 80%] [32mBuilding CXX object CMakeFiles/open_manipulator_msgs__rosidl_typesupport_fastrtps_c.dir/rosidl_typesupport_fastrtps_c/open_manipulator_msgs/srv/detail/set_drawing_trajectory__type_support_c.cpp.o[0m
[9.855s] [ 81%] [32mBuilding CXX object CMakeFiles/open_manipulator_msgs__rosidl_typesupport_fastrtps_c.dir/rosidl_typesupport_fastrtps_c/open_manipulator_msgs/srv/detail/set_actuator_state__type_support_c.cpp.o[0m
[10.268s] [ 82%] [32m[1mLinking CXX shared library libopen_manipulator_msgs__rosidl_typesupport_fastrtps_c.so[0m
[10.372s] [ 82%] Built target open_manipulator_msgs__rosidl_typesupport_fastrtps_c
[10.381s] [35m[1mScanning dependencies of target open_manipulator_msgs[0m
[10.396s] [ 82%] Built target open_manipulator_msgs
[10.410s] [35m[1mScanning dependencies of target open_manipulator_msgs__py[0m
[10.426s] [ 83%] [34m[1mGenerating Python code for ROS interfaces[0m
[11.708s] [ 83%] Built target open_manipulator_msgs__py
[11.720s] [35m[1mScanning dependencies of target open_manipulator_msgs__python[0m
[11.752s] [ 84%] [32mBuilding C object CMakeFiles/open_manipulator_msgs__python.dir/rosidl_generator_py/open_manipulator_msgs/msg/_joint_position_s.c.o[0m
[11.755s] [ 85%] [32mBuilding C object CMakeFiles/open_manipulator_msgs__python.dir/rosidl_generator_py/open_manipulator_msgs/msg/_kinematics_pose_s.c.o[0m
[11.757s] [ 86%] [32mBuilding C object CMakeFiles/open_manipulator_msgs__python.dir/rosidl_generator_py/open_manipulator_msgs/srv/_get_kinematics_pose_s.c.o[0m
[11.757s] [ 87%] [32mBuilding C object CMakeFiles/open_manipulator_msgs__python.dir/rosidl_generator_py/open_manipulator_msgs/msg/_open_manipulator_state_s.c.o[0m
[11.762s] [ 89%] [32mBuilding C object CMakeFiles/open_manipulator_msgs__python.dir/rosidl_generator_py/open_manipulator_msgs/srv/_set_joint_position_s.c.o[0m
[11.762s] [ 89%] [32mBuilding C object CMakeFiles/open_manipulator_msgs__python.dir/rosidl_generator_py/open_manipulator_msgs/srv/_get_joint_position_s.c.o[0m
[11.855s] [ 90%] [32mBuilding C object CMakeFiles/open_manipulator_msgs__python.dir/rosidl_generator_py/open_manipulator_msgs/srv/_set_kinematics_pose_s.c.o[0m
[11.876s] [ 91%] [32mBuilding C object CMakeFiles/open_manipulator_msgs__python.dir/rosidl_generator_py/open_manipulator_msgs/srv/_set_drawing_trajectory_s.c.o[0m
[11.887s] [ 92%] [32mBuilding C object CMakeFiles/open_manipulator_msgs__python.dir/rosidl_generator_py/open_manipulator_msgs/srv/_set_actuator_state_s.c.o[0m
[11.989s] [ 93%] [32m[1mLinking C shared library rosidl_generator_py/open_manipulator_msgs/libopen_manipulator_msgs__python.so[0m
[12.038s] [ 93%] Built target open_manipulator_msgs__python
[12.049s] [35m[1mScanning dependencies of target open_manipulator_msgs__rosidl_typesupport_introspection_c__pyext[0m
[12.050s] [35m[1mScanning dependencies of target open_manipulator_msgs__rosidl_typesupport_fastrtps_c__pyext[0m
[12.053s] [35m[1mScanning dependencies of target open_manipulator_msgs__rosidl_typesupport_c__pyext[0m
[12.067s] [ 94%] [32mBuilding C object CMakeFiles/open_manipulator_msgs__rosidl_typesupport_introspection_c__pyext.dir/rosidl_generator_py/open_manipulator_msgs/_open_manipulator_msgs_s.ep.rosidl_typesupport_introspection_c.c.o[0m
[12.074s] [ 95%] [32mBuilding C object CMakeFiles/open_manipulator_msgs__rosidl_typesupport_fastrtps_c__pyext.dir/rosidl_generator_py/open_manipulator_msgs/_open_manipulator_msgs_s.ep.rosidl_typesupport_fastrtps_c.c.o[0m
[12.077s] [ 96%] [32mBuilding C object CMakeFiles/open_manipulator_msgs__rosidl_typesupport_c__pyext.dir/rosidl_generator_py/open_manipulator_msgs/_open_manipulator_msgs_s.ep.rosidl_typesupport_c.c.o[0m
[12.202s] [ 97%] [32m[1mLinking CXX shared library rosidl_generator_py/open_manipulator_msgs/open_manipulator_msgs_s__rosidl_typesupport_fastrtps_c.cpython-38-x86_64-linux-gnu.so[0m
[12.206s] [ 98%] [32m[1mLinking C shared library rosidl_generator_py/open_manipulator_msgs/open_manipulator_msgs_s__rosidl_typesupport_introspection_c.cpython-38-x86_64-linux-gnu.so[0m
[12.230s] [100%] [32m[1mLinking C shared library rosidl_generator_py/open_manipulator_msgs/open_manipulator_msgs_s__rosidl_typesupport_c.cpython-38-x86_64-linux-gnu.so[0m
[12.255s] [100%] Built target open_manipulator_msgs__rosidl_typesupport_introspection_c__pyext
[12.270s] [100%] Built target open_manipulator_msgs__rosidl_typesupport_fastrtps_c__pyext
[12.271s] [100%] Built target open_manipulator_msgs__rosidl_typesupport_c__pyext
[12.283s] Invoked command in '/home/marcelo/Documents/GitHub/RMAL/uam/ros_uam/build/open_manipulator_msgs' returned '0': CMAKE_PREFIX_PATH=/opt/ros/foxy /usr/bin/cmake --build /home/marcelo/Documents/GitHub/RMAL/uam/ros_uam/build/open_manipulator_msgs -- -j6 -l6
[12.398s] Invoking command in '/home/marcelo/Documents/GitHub/RMAL/uam/ros_uam/build/open_manipulator_msgs': CMAKE_PREFIX_PATH=/opt/ros/foxy /usr/bin/cmake --install /home/marcelo/Documents/GitHub/RMAL/uam/ros_uam/build/open_manipulator_msgs
[12.405s] -- Install configuration: ""
[12.405s] -- Execute custom install script
[12.406s] -- Symlinking: /home/marcelo/Documents/GitHub/RMAL/uam/ros_uam/install/open_manipulator_msgs/share/ament_index/resource_index/rosidl_interfaces/open_manipulator_msgs
[12.420s] -- Symlinking: /home/marcelo/Documents/GitHub/RMAL/uam/ros_uam/install/open_manipulator_msgs/include/open_manipulator_msgs/msg/detail/joint_position__functions.h
[12.431s] -- Symlinking: /home/marcelo/Documents/GitHub/RMAL/uam/ros_uam/install/open_manipulator_msgs/include/open_manipulator_msgs/msg/detail/joint_position__struct.h
[12.444s] -- Symlinking: /home/marcelo/Documents/GitHub/RMAL/uam/ros_uam/install/open_manipulator_msgs/include/open_manipulator_msgs/msg/detail/joint_position__type_support.h
[12.452s] -- Symlinking: /home/marcelo/Documents/GitHub/RMAL/uam/ros_uam/install/open_manipulator_msgs/include/open_manipulator_msgs/msg/detail/kinematics_pose__functions.h
[12.464s] -- Symlinking: /home/marcelo/Documents/GitHub/RMAL/uam/ros_uam/install/open_manipulator_msgs/include/open_manipulator_msgs/msg/detail/kinematics_pose__struct.h
[12.471s] -- Symlinking: /home/marcelo/Documents/GitHub/RMAL/uam/ros_uam/install/open_manipulator_msgs/include/open_manipulator_msgs/msg/detail/kinematics_pose__type_support.h
[12.483s] -- Symlinking: /home/marcelo/Documents/GitHub/RMAL/uam/ros_uam/install/open_manipulator_msgs/include/open_manipulator_msgs/msg/detail/open_manipulator_state__functions.h
[12.495s] -- Symlinking: /home/marcelo/Documents/GitHub/RMAL/uam/ros_uam/install/open_manipulator_msgs/include/open_manipulator_msgs/msg/detail/open_manipulator_state__struct.h
[12.503s] -- Symlinking: /home/marcelo/Documents/GitHub/RMAL/uam/ros_uam/install/open_manipulator_msgs/include/open_manipulator_msgs/msg/detail/open_manipulator_state__type_support.h
[12.510s] -- Symlinking: /home/marcelo/Documents/GitHub/RMAL/uam/ros_uam/install/open_manipulator_msgs/include/open_manipulator_msgs/msg/joint_position.h
[12.518s] -- Symlinking: /home/marcelo/Documents/GitHub/RMAL/uam/ros_uam/install/open_manipulator_msgs/include/open_manipulator_msgs/msg/kinematics_pose.h
[12.525s] -- Symlinking: /home/marcelo/Documents/GitHub/RMAL/uam/ros_uam/install/open_manipulator_msgs/include/open_manipulator_msgs/msg/open_manipulator_state.h
[12.533s] -- Symlinking: /home/marcelo/Documents/GitHub/RMAL/uam/ros_uam/install/open_manipulator_msgs/include/open_manipulator_msgs/msg/rosidl_generator_c__visibility_control.h
[12.541s] -- Symlinking: /home/marcelo/Documents/GitHub/RMAL/uam/ros_uam/install/open_manipulator_msgs/include/open_manipulator_msgs/srv/detail/get_joint_position__functions.h
[12.548s] -- Symlinking: /home/marcelo/Documents/GitHub/RMAL/uam/ros_uam/install/open_manipulator_msgs/include/open_manipulator_msgs/srv/detail/get_joint_position__struct.h
[12.555s] -- Symlinking: /home/marcelo/Documents/GitHub/RMAL/uam/ros_uam/install/open_manipulator_msgs/include/open_manipulator_msgs/srv/detail/get_joint_position__type_support.h
[12.563s] -- Symlinking: /home/marcelo/Documents/GitHub/RMAL/uam/ros_uam/install/open_manipulator_msgs/include/open_manipulator_msgs/srv/detail/get_kinematics_pose__functions.h
[12.570s] -- Symlinking: /home/marcelo/Documents/GitHub/RMAL/uam/ros_uam/install/open_manipulator_msgs/include/open_manipulator_msgs/srv/detail/get_kinematics_pose__struct.h
[12.577s] -- Symlinking: /home/marcelo/Documents/GitHub/RMAL/uam/ros_uam/install/open_manipulator_msgs/include/open_manipulator_msgs/srv/detail/get_kinematics_pose__type_support.h
[12.590s] -- Symlinking: /home/marcelo/Documents/GitHub/RMAL/uam/ros_uam/install/open_manipulator_msgs/include/open_manipulator_msgs/srv/detail/set_actuator_state__functions.h
[12.602s] -- Symlinking: /home/marcelo/Documents/GitHub/RMAL/uam/ros_uam/install/open_manipulator_msgs/include/open_manipulator_msgs/srv/detail/set_actuator_state__struct.h
[12.609s] -- Symlinking: /home/marcelo/Documents/GitHub/RMAL/uam/ros_uam/install/open_manipulator_msgs/include/open_manipulator_msgs/srv/detail/set_actuator_state__type_support.h
[12.617s] -- Symlinking: /home/marcelo/Documents/GitHub/RMAL/uam/ros_uam/install/open_manipulator_msgs/include/open_manipulator_msgs/srv/detail/set_drawing_trajectory__functions.h
[12.624s] -- Symlinking: /home/marcelo/Documents/GitHub/RMAL/uam/ros_uam/install/open_manipulator_msgs/include/open_manipulator_msgs/srv/detail/set_drawing_trajectory__struct.h
[12.632s] -- Symlinking: /home/marcelo/Documents/GitHub/RMAL/uam/ros_uam/install/open_manipulator_msgs/include/open_manipulator_msgs/srv/detail/set_drawing_trajectory__type_support.h
[12.639s] -- Symlinking: /home/marcelo/Documents/GitHub/RMAL/uam/ros_uam/install/open_manipulator_msgs/include/open_manipulator_msgs/srv/detail/set_joint_position__functions.h
[12.647s] -- Symlinking: /home/marcelo/Documents/GitHub/RMAL/uam/ros_uam/install/open_manipulator_msgs/include/open_manipulator_msgs/srv/detail/set_joint_position__struct.h
[12.655s] -- Symlinking: /home/marcelo/Documents/GitHub/RMAL/uam/ros_uam/install/open_manipulator_msgs/include/open_manipulator_msgs/srv/detail/set_joint_position__type_support.h
[12.662s] -- Symlinking: /home/marcelo/Documents/GitHub/RMAL/uam/ros_uam/install/open_manipulator_msgs/include/open_manipulator_msgs/srv/detail/set_kinematics_pose__functions.h
[12.670s] -- Symlinking: /home/marcelo/Documents/GitHub/RMAL/uam/ros_uam/install/open_manipulator_msgs/include/open_manipulator_msgs/srv/detail/set_kinematics_pose__struct.h
[12.677s] -- Symlinking: /home/marcelo/Documents/GitHub/RMAL/uam/ros_uam/install/open_manipulator_msgs/include/open_manipulator_msgs/srv/detail/set_kinematics_pose__type_support.h
[12.685s] -- Symlinking: /home/marcelo/Documents/GitHub/RMAL/uam/ros_uam/install/open_manipulator_msgs/include/open_manipulator_msgs/srv/get_joint_position.h
[12.693s] -- Symlinking: /home/marcelo/Documents/GitHub/RMAL/uam/ros_uam/install/open_manipulator_msgs/include/open_manipulator_msgs/srv/get_kinematics_pose.h
[12.701s] -- Symlinking: /home/marcelo/Documents/GitHub/RMAL/uam/ros_uam/install/open_manipulator_msgs/include/open_manipulator_msgs/srv/set_actuator_state.h
[12.709s] -- Symlinking: /home/marcelo/Documents/GitHub/RMAL/uam/ros_uam/install/open_manipulator_msgs/include/open_manipulator_msgs/srv/set_drawing_trajectory.h
[12.716s] -- Symlinking: /home/marcelo/Documents/GitHub/RMAL/uam/ros_uam/install/open_manipulator_msgs/include/open_manipulator_msgs/srv/set_joint_position.h
[12.728s] -- Symlinking: /home/marcelo/Documents/GitHub/RMAL/uam/ros_uam/install/open_manipulator_msgs/include/open_manipulator_msgs/srv/set_kinematics_pose.h
[12.735s] -- Symlinking: /home/marcelo/Documents/GitHub/RMAL/uam/ros_uam/install/open_manipulator_msgs/share/open_manipulator_msgs/environment/library_path.sh
[12.743s] -- Symlinking: /home/marcelo/Documents/GitHub/RMAL/uam/ros_uam/install/open_manipulator_msgs/share/open_manipulator_msgs/environment/library_path.dsv
[12.752s] -- Symlinking: /home/marcelo/Documents/GitHub/RMAL/uam/ros_uam/install/open_manipulator_msgs/include/open_manipulator_msgs/msg/detail/joint_position__rosidl_typesupport_fastrtps_c.h
[12.759s] -- Symlinking: /home/marcelo/Documents/GitHub/RMAL/uam/ros_uam/install/open_manipulator_msgs/include/open_manipulator_msgs/msg/detail/kinematics_pose__rosidl_typesupport_fastrtps_c.h
[12.767s] -- Symlinking: /home/marcelo/Documents/GitHub/RMAL/uam/ros_uam/install/open_manipulator_msgs/include/open_manipulator_msgs/msg/detail/open_manipulator_state__rosidl_typesupport_fastrtps_c.h
[12.774s] -- Symlinking: /home/marcelo/Documents/GitHub/RMAL/uam/ros_uam/install/open_manipulator_msgs/include/open_manipulator_msgs/msg/rosidl_typesupport_fastrtps_c__visibility_control.h
[12.782s] -- Symlinking: /home/marcelo/Documents/GitHub/RMAL/uam/ros_uam/install/open_manipulator_msgs/include/open_manipulator_msgs/srv/detail/get_joint_position__rosidl_typesupport_fastrtps_c.h
[12.789s] -- Symlinking: /home/marcelo/Documents/GitHub/RMAL/uam/ros_uam/install/open_manipulator_msgs/include/open_manipulator_msgs/srv/detail/get_kinematics_pose__rosidl_typesupport_fastrtps_c.h
[12.796s] -- Symlinking: /home/marcelo/Documents/GitHub/RMAL/uam/ros_uam/install/open_manipulator_msgs/include/open_manipulator_msgs/srv/detail/set_actuator_state__rosidl_typesupport_fastrtps_c.h
[12.804s] -- Symlinking: /home/marcelo/Documents/GitHub/RMAL/uam/ros_uam/install/open_manipulator_msgs/include/open_manipulator_msgs/srv/detail/set_drawing_trajectory__rosidl_typesupport_fastrtps_c.h
[12.811s] -- Symlinking: /home/marcelo/Documents/GitHub/RMAL/uam/ros_uam/install/open_manipulator_msgs/include/open_manipulator_msgs/srv/detail/set_joint_position__rosidl_typesupport_fastrtps_c.h
[12.819s] -- Symlinking: /home/marcelo/Documents/GitHub/RMAL/uam/ros_uam/install/open_manipulator_msgs/include/open_manipulator_msgs/srv/detail/set_kinematics_pose__rosidl_typesupport_fastrtps_c.h
[12.828s] -- Symlinking: /home/marcelo/Documents/GitHub/RMAL/uam/ros_uam/install/open_manipulator_msgs/lib/libopen_manipulator_msgs__rosidl_typesupport_fastrtps_c.so
[12.836s] -- Symlinking: /home/marcelo/Documents/GitHub/RMAL/uam/ros_uam/install/open_manipulator_msgs/include/open_manipulator_msgs/msg/detail/joint_position__rosidl_typesupport_fastrtps_cpp.hpp
[12.845s] -- Symlinking: /home/marcelo/Documents/GitHub/RMAL/uam/ros_uam/install/open_manipulator_msgs/include/open_manipulator_msgs/msg/detail/kinematics_pose__rosidl_typesupport_fastrtps_cpp.hpp
[12.852s] -- Symlinking: /home/marcelo/Documents/GitHub/RMAL/uam/ros_uam/install/open_manipulator_msgs/include/open_manipulator_msgs/msg/detail/open_manipulator_state__rosidl_typesupport_fastrtps_cpp.hpp
[12.860s] -- Symlinking: /home/marcelo/Documents/GitHub/RMAL/uam/ros_uam/install/open_manipulator_msgs/include/open_manipulator_msgs/msg/rosidl_typesupport_fastrtps_cpp__visibility_control.h
[12.867s] -- Symlinking: /home/marcelo/Documents/GitHub/RMAL/uam/ros_uam/install/open_manipulator_msgs/include/open_manipulator_msgs/srv/detail/get_joint_position__rosidl_typesupport_fastrtps_cpp.hpp
[12.875s] -- Symlinking: /home/marcelo/Documents/GitHub/RMAL/uam/ros_uam/install/open_manipulator_msgs/include/open_manipulator_msgs/srv/detail/get_kinematics_pose__rosidl_typesupport_fastrtps_cpp.hpp
[12.883s] -- Symlinking: /home/marcelo/Documents/GitHub/RMAL/uam/ros_uam/install/open_manipulator_msgs/include/open_manipulator_msgs/srv/detail/set_actuator_state__rosidl_typesupport_fastrtps_cpp.hpp
[12.891s] -- Symlinking: /home/marcelo/Documents/GitHub/RMAL/uam/ros_uam/install/open_manipulator_msgs/include/open_manipulator_msgs/srv/detail/set_drawing_trajectory__rosidl_typesupport_fastrtps_cpp.hpp
[12.899s] -- Symlinking: /home/marcelo/Documents/GitHub/RMAL/uam/ros_uam/install/open_manipulator_msgs/include/open_manipulator_msgs/srv/detail/set_joint_position__rosidl_typesupport_fastrtps_cpp.hpp
[12.906s] -- Symlinking: /home/marcelo/Documents/GitHub/RMAL/uam/ros_uam/install/open_manipulator_msgs/include/open_manipulator_msgs/srv/detail/set_kinematics_pose__rosidl_typesupport_fastrtps_cpp.hpp
[12.914s] -- Symlinking: /home/marcelo/Documents/GitHub/RMAL/uam/ros_uam/install/open_manipulator_msgs/lib/libopen_manipulator_msgs__rosidl_typesupport_fastrtps_cpp.so
[12.923s] -- Symlinking: /home/marcelo/Documents/GitHub/RMAL/uam/ros_uam/install/open_manipulator_msgs/include/open_manipulator_msgs/msg/detail/joint_position__rosidl_typesupport_introspection_c.h
[12.931s] -- Symlinking: /home/marcelo/Documents/GitHub/RMAL/uam/ros_uam/install/open_manipulator_msgs/include/open_manipulator_msgs/msg/detail/kinematics_pose__rosidl_typesupport_introspection_c.h
[12.939s] -- Symlinking: /home/marcelo/Documents/GitHub/RMAL/uam/ros_uam/install/open_manipulator_msgs/include/open_manipulator_msgs/msg/detail/open_manipulator_state__rosidl_typesupport_introspection_c.h
[12.947s] -- Symlinking: /home/marcelo/Documents/GitHub/RMAL/uam/ros_uam/install/open_manipulator_msgs/include/open_manipulator_msgs/msg/rosidl_typesupport_introspection_c__visibility_control.h
[12.954s] -- Symlinking: /home/marcelo/Documents/GitHub/RMAL/uam/ros_uam/install/open_manipulator_msgs/include/open_manipulator_msgs/srv/detail/get_joint_position__rosidl_typesupport_introspection_c.h
[12.962s] -- Symlinking: /home/marcelo/Documents/GitHub/RMAL/uam/ros_uam/install/open_manipulator_msgs/include/open_manipulator_msgs/srv/detail/get_kinematics_pose__rosidl_typesupport_introspection_c.h
[12.970s] -- Symlinking: /home/marcelo/Documents/GitHub/RMAL/uam/ros_uam/install/open_manipulator_msgs/include/open_manipulator_msgs/srv/detail/set_actuator_state__rosidl_typesupport_introspection_c.h
[12.977s] -- Symlinking: /home/marcelo/Documents/GitHub/RMAL/uam/ros_uam/install/open_manipulator_msgs/include/open_manipulator_msgs/srv/detail/set_drawing_trajectory__rosidl_typesupport_introspection_c.h
[12.985s] -- Symlinking: /home/marcelo/Documents/GitHub/RMAL/uam/ros_uam/install/open_manipulator_msgs/include/open_manipulator_msgs/srv/detail/set_joint_position__rosidl_typesupport_introspection_c.h
[12.992s] -- Symlinking: /home/marcelo/Documents/GitHub/RMAL/uam/ros_uam/install/open_manipulator_msgs/include/open_manipulator_msgs/srv/detail/set_kinematics_pose__rosidl_typesupport_introspection_c.h
[13.001s] -- Symlinking: /home/marcelo/Documents/GitHub/RMAL/uam/ros_uam/install/open_manipulator_msgs/include/open_manipulator_msgs/msg/detail/joint_position__builder.hpp
[13.008s] -- Symlinking: /home/marcelo/Documents/GitHub/RMAL/uam/ros_uam/install/open_manipulator_msgs/include/open_manipulator_msgs/msg/detail/joint_position__struct.hpp
[13.016s] -- Symlinking: /home/marcelo/Documents/GitHub/RMAL/uam/ros_uam/install/open_manipulator_msgs/include/open_manipulator_msgs/msg/detail/joint_position__traits.hpp
[13.023s] -- Symlinking: /home/marcelo/Documents/GitHub/RMAL/uam/ros_uam/install/open_manipulator_msgs/include/open_manipulator_msgs/msg/detail/kinematics_pose__builder.hpp
[13.031s] -- Symlinking: /home/marcelo/Documents/GitHub/RMAL/uam/ros_uam/install/open_manipulator_msgs/include/open_manipulator_msgs/msg/detail/kinematics_pose__struct.hpp
[13.038s] -- Symlinking: /home/marcelo/Documents/GitHub/RMAL/uam/ros_uam/install/open_manipulator_msgs/include/open_manipulator_msgs/msg/detail/kinematics_pose__traits.hpp
[13.046s] -- Symlinking: /home/marcelo/Documents/GitHub/RMAL/uam/ros_uam/install/open_manipulator_msgs/include/open_manipulator_msgs/msg/detail/open_manipulator_state__builder.hpp
[13.059s] -- Symlinking: /home/marcelo/Documents/GitHub/RMAL/uam/ros_uam/install/open_manipulator_msgs/include/open_manipulator_msgs/msg/detail/open_manipulator_state__struct.hpp
[13.067s] -- Symlinking: /home/marcelo/Documents/GitHub/RMAL/uam/ros_uam/install/open_manipulator_msgs/include/open_manipulator_msgs/msg/detail/open_manipulator_state__traits.hpp
[13.075s] -- Symlinking: /home/marcelo/Documents/GitHub/RMAL/uam/ros_uam/install/open_manipulator_msgs/include/open_manipulator_msgs/msg/joint_position.hpp
[13.083s] -- Symlinking: /home/marcelo/Documents/GitHub/RMAL/uam/ros_uam/install/open_manipulator_msgs/include/open_manipulator_msgs/msg/kinematics_pose.hpp
[13.091s] -- Symlinking: /home/marcelo/Documents/GitHub/RMAL/uam/ros_uam/install/open_manipulator_msgs/include/open_manipulator_msgs/msg/open_manipulator_state.hpp
[13.099s] -- Symlinking: /home/marcelo/Documents/GitHub/RMAL/uam/ros_uam/install/open_manipulator_msgs/include/open_manipulator_msgs/srv/detail/get_joint_position__builder.hpp
[13.107s] -- Symlinking: /home/marcelo/Documents/GitHub/RMAL/uam/ros_uam/install/open_manipulator_msgs/include/open_manipulator_msgs/srv/detail/get_joint_position__struct.hpp
[13.114s] -- Symlinking: /home/marcelo/Documents/GitHub/RMAL/uam/ros_uam/install/open_manipulator_msgs/include/open_manipulator_msgs/srv/detail/get_joint_position__traits.hpp
[13.122s] -- Symlinking: /home/marcelo/Documents/GitHub/RMAL/uam/ros_uam/install/open_manipulator_msgs/include/open_manipulator_msgs/srv/detail/get_kinematics_pose__builder.hpp
[13.135s] -- Symlinking: /home/marcelo/Documents/GitHub/RMAL/uam/ros_uam/install/open_manipulator_msgs/include/open_manipulator_msgs/srv/detail/get_kinematics_pose__struct.hpp
[13.147s] -- Symlinking: /home/marcelo/Documents/GitHub/RMAL/uam/ros_uam/install/open_manipulator_msgs/include/open_manipulator_msgs/srv/detail/get_kinematics_pose__traits.hpp
[13.156s] -- Symlinking: /home/marcelo/Documents/GitHub/RMAL/uam/ros_uam/install/open_manipulator_msgs/include/open_manipulator_msgs/srv/detail/set_actuator_state__builder.hpp
[13.164s] -- Symlinking: /home/marcelo/Documents/GitHub/RMAL/uam/ros_uam/install/open_manipulator_msgs/include/open_manipulator_msgs/srv/detail/set_actuator_state__struct.hpp
[13.171s] -- Symlinking: /home/marcelo/Documents/GitHub/RMAL/uam/ros_uam/install/open_manipulator_msgs/include/open_manipulator_msgs/srv/detail/set_actuator_state__traits.hpp
[13.179s] -- Symlinking: /home/marcelo/Documents/GitHub/RMAL/uam/ros_uam/install/open_manipulator_msgs/include/open_manipulator_msgs/srv/detail/set_drawing_trajectory__builder.hpp
[13.187s] -- Symlinking: /home/marcelo/Documents/GitHub/RMAL/uam/ros_uam/install/open_manipulator_msgs/include/open_manipulator_msgs/srv/detail/set_drawing_trajectory__struct.hpp
[13.194s] -- Symlinking: /home/marcelo/Documents/GitHub/RMAL/uam/ros_uam/install/open_manipulator_msgs/include/open_manipulator_msgs/srv/detail/set_drawing_trajectory__traits.hpp
[13.202s] -- Symlinking: /home/marcelo/Documents/GitHub/RMAL/uam/ros_uam/install/open_manipulator_msgs/include/open_manipulator_msgs/srv/detail/set_joint_position__builder.hpp
[13.209s] -- Symlinking: /home/marcelo/Documents/GitHub/RMAL/uam/ros_uam/install/open_manipulator_msgs/include/open_manipulator_msgs/srv/detail/set_joint_position__struct.hpp
[13.217s] -- Symlinking: /home/marcelo/Documents/GitHub/RMAL/uam/ros_uam/install/open_manipulator_msgs/include/open_manipulator_msgs/srv/detail/set_joint_position__traits.hpp
[13.224s] -- Symlinking: /home/marcelo/Documents/GitHub/RMAL/uam/ros_uam/install/open_manipulator_msgs/include/open_manipulator_msgs/srv/detail/set_kinematics_pose__builder.hpp
[13.232s] -- Symlinking: /home/marcelo/Documents/GitHub/RMAL/uam/ros_uam/install/open_manipulator_msgs/include/open_manipulator_msgs/srv/detail/set_kinematics_pose__struct.hpp
[13.239s] -- Symlinking: /home/marcelo/Documents/GitHub/RMAL/uam/ros_uam/install/open_manipulator_msgs/include/open_manipulator_msgs/srv/detail/set_kinematics_pose__traits.hpp
[13.247s] -- Symlinking: /home/marcelo/Documents/GitHub/RMAL/uam/ros_uam/install/open_manipulator_msgs/include/open_manipulator_msgs/srv/get_joint_position.hpp
[13.254s] -- Symlinking: /home/marcelo/Documents/GitHub/RMAL/uam/ros_uam/install/open_manipulator_msgs/include/open_manipulator_msgs/srv/get_kinematics_pose.hpp
[13.262s] -- Symlinking: /home/marcelo/Documents/GitHub/RMAL/uam/ros_uam/install/open_manipulator_msgs/include/open_manipulator_msgs/srv/set_actuator_state.hpp
[13.270s] -- Symlinking: /home/marcelo/Documents/GitHub/RMAL/uam/ros_uam/install/open_manipulator_msgs/include/open_manipulator_msgs/srv/set_drawing_trajectory.hpp
[13.279s] -- Symlinking: /home/marcelo/Documents/GitHub/RMAL/uam/ros_uam/install/open_manipulator_msgs/include/open_manipulator_msgs/srv/set_joint_position.hpp
[13.287s] -- Symlinking: /home/marcelo/Documents/GitHub/RMAL/uam/ros_uam/install/open_manipulator_msgs/include/open_manipulator_msgs/srv/set_kinematics_pose.hpp
[13.296s] -- Symlinking: /home/marcelo/Documents/GitHub/RMAL/uam/ros_uam/install/open_manipulator_msgs/include/open_manipulator_msgs/msg/detail/joint_position__rosidl_typesupport_introspection_cpp.hpp
[13.303s] -- Symlinking: /home/marcelo/Documents/GitHub/RMAL/uam/ros_uam/install/open_manipulator_msgs/include/open_manipulator_msgs/msg/detail/kinematics_pose__rosidl_typesupport_introspection_cpp.hpp
[13.311s] -- Symlinking: /home/marcelo/Documents/GitHub/RMAL/uam/ros_uam/install/open_manipulator_msgs/include/open_manipulator_msgs/msg/detail/open_manipulator_state__rosidl_typesupport_introspection_cpp.hpp
[13.318s] -- Symlinking: /home/marcelo/Documents/GitHub/RMAL/uam/ros_uam/install/open_manipulator_msgs/include/open_manipulator_msgs/srv/detail/get_joint_position__rosidl_typesupport_introspection_cpp.hpp
[13.326s] -- Symlinking: /home/marcelo/Documents/GitHub/RMAL/uam/ros_uam/install/open_manipulator_msgs/include/open_manipulator_msgs/srv/detail/get_kinematics_pose__rosidl_typesupport_introspection_cpp.hpp
[13.334s] -- Symlinking: /home/marcelo/Documents/GitHub/RMAL/uam/ros_uam/install/open_manipulator_msgs/include/open_manipulator_msgs/srv/detail/set_actuator_state__rosidl_typesupport_introspection_cpp.hpp
[13.342s] -- Symlinking: /home/marcelo/Documents/GitHub/RMAL/uam/ros_uam/install/open_manipulator_msgs/include/open_manipulator_msgs/srv/detail/set_drawing_trajectory__rosidl_typesupport_introspection_cpp.hpp
[13.350s] -- Symlinking: /home/marcelo/Documents/GitHub/RMAL/uam/ros_uam/install/open_manipulator_msgs/include/open_manipulator_msgs/srv/detail/set_joint_position__rosidl_typesupport_introspection_cpp.hpp
[13.358s] -- Symlinking: /home/marcelo/Documents/GitHub/RMAL/uam/ros_uam/install/open_manipulator_msgs/include/open_manipulator_msgs/srv/detail/set_kinematics_pose__rosidl_typesupport_introspection_cpp.hpp
[13.365s] -- Symlinking: /home/marcelo/Documents/GitHub/RMAL/uam/ros_uam/install/open_manipulator_msgs/share/open_manipulator_msgs/environment/pythonpath.sh
[13.373s] -- Symlinking: /home/marcelo/Documents/GitHub/RMAL/uam/ros_uam/install/open_manipulator_msgs/share/open_manipulator_msgs/environment/pythonpath.dsv
[13.381s] -- Symlinking: /home/marcelo/Documents/GitHub/RMAL/uam/ros_uam/install/open_manipulator_msgs/lib/python3.8/site-packages/open_manipulator_msgs/__init__.py
[13.390s] -- Symlinking: /home/marcelo/Documents/GitHub/RMAL/uam/ros_uam/install/open_manipulator_msgs/lib/python3.8/site-packages/open_manipulator_msgs/msg/__init__.py
[13.398s] -- Symlinking: /home/marcelo/Documents/GitHub/RMAL/uam/ros_uam/install/open_manipulator_msgs/lib/python3.8/site-packages/open_manipulator_msgs/msg/_joint_position.py
[13.405s] -- Symlinking: /home/marcelo/Documents/GitHub/RMAL/uam/ros_uam/install/open_manipulator_msgs/lib/python3.8/site-packages/open_manipulator_msgs/msg/_kinematics_pose.py
[13.412s] -- Symlinking: /home/marcelo/Documents/GitHub/RMAL/uam/ros_uam/install/open_manipulator_msgs/lib/python3.8/site-packages/open_manipulator_msgs/msg/_open_manipulator_state.py
[13.420s] -- Symlinking: /home/marcelo/Documents/GitHub/RMAL/uam/ros_uam/install/open_manipulator_msgs/lib/python3.8/site-packages/open_manipulator_msgs/srv/__init__.py
[13.428s] -- Symlinking: /home/marcelo/Documents/GitHub/RMAL/uam/ros_uam/install/open_manipulator_msgs/lib/python3.8/site-packages/open_manipulator_msgs/srv/_get_joint_position.py
[13.436s] -- Symlinking: /home/marcelo/Documents/GitHub/RMAL/uam/ros_uam/install/open_manipulator_msgs/lib/python3.8/site-packages/open_manipulator_msgs/srv/_get_kinematics_pose.py
[13.443s] -- Symlinking: /home/marcelo/Documents/GitHub/RMAL/uam/ros_uam/install/open_manipulator_msgs/lib/python3.8/site-packages/open_manipulator_msgs/srv/_set_actuator_state.py
[13.452s] -- Symlinking: /home/marcelo/Documents/GitHub/RMAL/uam/ros_uam/install/open_manipulator_msgs/lib/python3.8/site-packages/open_manipulator_msgs/srv/_set_drawing_trajectory.py
[13.460s] -- Symlinking: /home/marcelo/Documents/GitHub/RMAL/uam/ros_uam/install/open_manipulator_msgs/lib/python3.8/site-packages/open_manipulator_msgs/srv/_set_joint_position.py
[13.475s] -- Symlinking: /home/marcelo/Documents/GitHub/RMAL/uam/ros_uam/install/open_manipulator_msgs/lib/python3.8/site-packages/open_manipulator_msgs/srv/_set_kinematics_pose.py
[13.490s] -- Symlinking: /home/marcelo/Documents/GitHub/RMAL/uam/ros_uam/install/open_manipulator_msgs/lib/python3.8/site-packages/open_manipulator_msgs/open_manipulator_msgs_s__rosidl_typesupport_fastrtps_c.cpython-38-x86_64-linux-gnu.so
[13.500s] -- Symlinking: /home/marcelo/Documents/GitHub/RMAL/uam/ros_uam/install/open_manipulator_msgs/lib/python3.8/site-packages/open_manipulator_msgs/open_manipulator_msgs_s__rosidl_typesupport_introspection_c.cpython-38-x86_64-linux-gnu.so
[13.510s] -- Symlinking: /home/marcelo/Documents/GitHub/RMAL/uam/ros_uam/install/open_manipulator_msgs/lib/python3.8/site-packages/open_manipulator_msgs/open_manipulator_msgs_s__rosidl_typesupport_c.cpython-38-x86_64-linux-gnu.so
[13.520s] -- Symlinking: /home/marcelo/Documents/GitHub/RMAL/uam/ros_uam/install/open_manipulator_msgs/lib/libopen_manipulator_msgs__python.so
[13.529s] -- Symlinking: /home/marcelo/Documents/GitHub/RMAL/uam/ros_uam/install/open_manipulator_msgs/share/open_manipulator_msgs/msg/JointPosition.idl
[13.538s] -- Symlinking: /home/marcelo/Documents/GitHub/RMAL/uam/ros_uam/install/open_manipulator_msgs/share/open_manipulator_msgs/msg/KinematicsPose.idl
[13.548s] -- Symlinking: /home/marcelo/Documents/GitHub/RMAL/uam/ros_uam/install/open_manipulator_msgs/share/open_manipulator_msgs/msg/OpenManipulatorState.idl
[13.556s] -- Symlinking: /home/marcelo/Documents/GitHub/RMAL/uam/ros_uam/install/open_manipulator_msgs/share/open_manipulator_msgs/srv/GetJointPosition.idl
[13.567s] -- Symlinking: /home/marcelo/Documents/GitHub/RMAL/uam/ros_uam/install/open_manipulator_msgs/share/open_manipulator_msgs/srv/GetKinematicsPose.idl
[13.575s] -- Symlinking: /home/marcelo/Documents/GitHub/RMAL/uam/ros_uam/install/open_manipulator_msgs/share/open_manipulator_msgs/srv/SetJointPosition.idl
[13.583s] -- Symlinking: /home/marcelo/Documents/GitHub/RMAL/uam/ros_uam/install/open_manipulator_msgs/share/open_manipulator_msgs/srv/SetKinematicsPose.idl
[13.592s] -- Symlinking: /home/marcelo/Documents/GitHub/RMAL/uam/ros_uam/install/open_manipulator_msgs/share/open_manipulator_msgs/srv/SetDrawingTrajectory.idl
[13.599s] -- Symlinking: /home/marcelo/Documents/GitHub/RMAL/uam/ros_uam/install/open_manipulator_msgs/share/open_manipulator_msgs/srv/SetActuatorState.idl
[13.607s] -- Symlinking: /home/marcelo/Documents/GitHub/RMAL/uam/ros_uam/install/open_manipulator_msgs/share/open_manipulator_msgs/msg/JointPosition.msg
[13.614s] -- Symlinking: /home/marcelo/Documents/GitHub/RMAL/uam/ros_uam/install/open_manipulator_msgs/share/open_manipulator_msgs/msg/KinematicsPose.msg
[13.621s] -- Symlinking: /home/marcelo/Documents/GitHub/RMAL/uam/ros_uam/install/open_manipulator_msgs/share/open_manipulator_msgs/msg/OpenManipulatorState.msg
[13.629s] -- Symlinking: /home/marcelo/Documents/GitHub/RMAL/uam/ros_uam/install/open_manipulator_msgs/share/open_manipulator_msgs/srv/GetJointPosition.srv
[13.636s] -- Symlinking: /home/marcelo/Documents/GitHub/RMAL/uam/ros_uam/install/open_manipulator_msgs/share/open_manipulator_msgs/srv/GetJointPosition_Request.msg
[13.644s] -- Symlinking: /home/marcelo/Documents/GitHub/RMAL/uam/ros_uam/install/open_manipulator_msgs/share/open_manipulator_msgs/srv/GetJointPosition_Response.msg
[13.652s] -- Symlinking: /home/marcelo/Documents/GitHub/RMAL/uam/ros_uam/install/open_manipulator_msgs/share/open_manipulator_msgs/srv/GetKinematicsPose.srv
[13.660s] -- Symlinking: /home/marcelo/Documents/GitHub/RMAL/uam/ros_uam/install/open_manipulator_msgs/share/open_manipulator_msgs/srv/GetKinematicsPose_Request.msg
[13.667s] -- Symlinking: /home/marcelo/Documents/GitHub/RMAL/uam/ros_uam/install/open_manipulator_msgs/share/open_manipulator_msgs/srv/GetKinematicsPose_Response.msg
[13.675s] -- Symlinking: /home/marcelo/Documents/GitHub/RMAL/uam/ros_uam/install/open_manipulator_msgs/share/open_manipulator_msgs/srv/SetJointPosition.srv
[13.683s] -- Symlinking: /home/marcelo/Documents/GitHub/RMAL/uam/ros_uam/install/open_manipulator_msgs/share/open_manipulator_msgs/srv/SetJointPosition_Request.msg
[13.691s] -- Symlinking: /home/marcelo/Documents/GitHub/RMAL/uam/ros_uam/install/open_manipulator_msgs/share/open_manipulator_msgs/srv/SetJointPosition_Response.msg
[13.699s] -- Symlinking: /home/marcelo/Documents/GitHub/RMAL/uam/ros_uam/install/open_manipulator_msgs/share/open_manipulator_msgs/srv/SetKinematicsPose.srv
[13.708s] -- Symlinking: /home/marcelo/Documents/GitHub/RMAL/uam/ros_uam/install/open_manipulator_msgs/share/open_manipulator_msgs/srv/SetKinematicsPose_Request.msg
[13.715s] -- Symlinking: /home/marcelo/Documents/GitHub/RMAL/uam/ros_uam/install/open_manipulator_msgs/share/open_manipulator_msgs/srv/SetKinematicsPose_Response.msg
[13.723s] -- Symlinking: /home/marcelo/Documents/GitHub/RMAL/uam/ros_uam/install/open_manipulator_msgs/share/open_manipulator_msgs/srv/SetDrawingTrajectory.srv
[13.732s] -- Symlinking: /home/marcelo/Documents/GitHub/RMAL/uam/ros_uam/install/open_manipulator_msgs/share/open_manipulator_msgs/srv/SetDrawingTrajectory_Request.msg
[13.740s] -- Symlinking: /home/marcelo/Documents/GitHub/RMAL/uam/ros_uam/install/open_manipulator_msgs/share/open_manipulator_msgs/srv/SetDrawingTrajectory_Response.msg
[13.747s] -- Symlinking: /home/marcelo/Documents/GitHub/RMAL/uam/ros_uam/install/open_manipulator_msgs/share/open_manipulator_msgs/srv/SetActuatorState.srv
[13.756s] -- Symlinking: /home/marcelo/Documents/GitHub/RMAL/uam/ros_uam/install/open_manipulator_msgs/share/open_manipulator_msgs/srv/SetActuatorState_Request.msg
[13.763s] -- Symlinking: /home/marcelo/Documents/GitHub/RMAL/uam/ros_uam/install/open_manipulator_msgs/share/open_manipulator_msgs/srv/SetActuatorState_Response.msg
[13.771s] -- Symlinking: /home/marcelo/Documents/GitHub/RMAL/uam/ros_uam/install/open_manipulator_msgs/share/ament_index/resource_index/package_run_dependencies/open_manipulator_msgs
[13.779s] -- Symlinking: /home/marcelo/Documents/GitHub/RMAL/uam/ros_uam/install/open_manipulator_msgs/share/ament_index/resource_index/parent_prefix_path/open_manipulator_msgs
[13.787s] -- Symlinking: /home/marcelo/Documents/GitHub/RMAL/uam/ros_uam/install/open_manipulator_msgs/share/open_manipulator_msgs/environment/ament_prefix_path.sh
[13.794s] -- Symlinking: /home/marcelo/Documents/GitHub/RMAL/uam/ros_uam/install/open_manipulator_msgs/share/open_manipulator_msgs/environment/ament_prefix_path.dsv
[13.807s] -- Symlinking: /home/marcelo/Documents/GitHub/RMAL/uam/ros_uam/install/open_manipulator_msgs/share/open_manipulator_msgs/environment/path.sh
[13.815s] -- Symlinking: /home/marcelo/Documents/GitHub/RMAL/uam/ros_uam/install/open_manipulator_msgs/share/open_manipulator_msgs/environment/path.dsv
[13.823s] -- Symlinking: /home/marcelo/Documents/GitHub/RMAL/uam/ros_uam/install/open_manipulator_msgs/share/open_manipulator_msgs/local_setup.bash
[13.832s] -- Symlinking: /home/marcelo/Documents/GitHub/RMAL/uam/ros_uam/install/open_manipulator_msgs/share/open_manipulator_msgs/local_setup.sh
[13.840s] -- Symlinking: /home/marcelo/Documents/GitHub/RMAL/uam/ros_uam/install/open_manipulator_msgs/share/open_manipulator_msgs/local_setup.zsh
[13.847s] -- Symlinking: /home/marcelo/Documents/GitHub/RMAL/uam/ros_uam/install/open_manipulator_msgs/share/open_manipulator_msgs/local_setup.dsv
[13.860s] -- Symlinking: /home/marcelo/Documents/GitHub/RMAL/uam/ros_uam/install/open_manipulator_msgs/share/open_manipulator_msgs/package.dsv
[13.868s] -- Symlinking: /home/marcelo/Documents/GitHub/RMAL/uam/ros_uam/install/open_manipulator_msgs/share/ament_index/resource_index/packages/open_manipulator_msgs
[13.875s] -- Symlinking: /home/marcelo/Documents/GitHub/RMAL/uam/ros_uam/install/open_manipulator_msgs/share/open_manipulator_msgs/cmake/rosidl_cmake-extras.cmake
[13.883s] -- Symlinking: /home/marcelo/Documents/GitHub/RMAL/uam/ros_uam/install/open_manipulator_msgs/share/open_manipulator_msgs/cmake/ament_cmake_export_dependencies-extras.cmake
[13.895s] -- Symlinking: /home/marcelo/Documents/GitHub/RMAL/uam/ros_uam/install/open_manipulator_msgs/share/open_manipulator_msgs/cmake/ament_cmake_export_libraries-extras.cmake
[13.903s] -- Symlinking: /home/marcelo/Documents/GitHub/RMAL/uam/ros_uam/install/open_manipulator_msgs/share/open_manipulator_msgs/cmake/ament_cmake_export_targets-extras.cmake
[13.914s] -- Symlinking: /home/marcelo/Documents/GitHub/RMAL/uam/ros_uam/install/open_manipulator_msgs/share/open_manipulator_msgs/cmake/ament_cmake_export_include_directories-extras.cmake
[13.927s] -- Symlinking: /home/marcelo/Documents/GitHub/RMAL/uam/ros_uam/install/open_manipulator_msgs/share/open_manipulator_msgs/cmake/rosidl_cmake_export_typesupport_libraries-extras.cmake
[13.934s] -- Symlinking: /home/marcelo/Documents/GitHub/RMAL/uam/ros_uam/install/open_manipulator_msgs/share/open_manipulator_msgs/cmake/rosidl_cmake_export_typesupport_targets-extras.cmake
[13.942s] -- Symlinking: /home/marcelo/Documents/GitHub/RMAL/uam/ros_uam/install/open_manipulator_msgs/share/open_manipulator_msgs/cmake/open_manipulator_msgsConfig.cmake
[13.950s] -- Symlinking: /home/marcelo/Documents/GitHub/RMAL/uam/ros_uam/install/open_manipulator_msgs/share/open_manipulator_msgs/cmake/open_manipulator_msgsConfig-version.cmake
[13.958s] -- Symlinking: /home/marcelo/Documents/GitHub/RMAL/uam/ros_uam/install/open_manipulator_msgs/share/open_manipulator_msgs/package.xml
[13.966s] -- Installing: /home/marcelo/Documents/GitHub/RMAL/uam/ros_uam/install/open_manipulator_msgs/lib/libopen_manipulator_msgs__rosidl_generator_c.so
[13.966s] -- Set runtime path of "/home/marcelo/Documents/GitHub/RMAL/uam/ros_uam/install/open_manipulator_msgs/lib/libopen_manipulator_msgs__rosidl_generator_c.so" to ""
[13.967s] -- Installing: /home/marcelo/Documents/GitHub/RMAL/uam/ros_uam/install/open_manipulator_msgs/lib/libopen_manipulator_msgs__rosidl_typesupport_introspection_c.so
[13.967s] -- Set runtime path of "/home/marcelo/Documents/GitHub/RMAL/uam/ros_uam/install/open_manipulator_msgs/lib/libopen_manipulator_msgs__rosidl_typesupport_introspection_c.so" to ""
[13.967s] -- Installing: /home/marcelo/Documents/GitHub/RMAL/uam/ros_uam/install/open_manipulator_msgs/lib/libopen_manipulator_msgs__rosidl_typesupport_c.so
[13.968s] -- Set runtime path of "/home/marcelo/Documents/GitHub/RMAL/uam/ros_uam/install/open_manipulator_msgs/lib/libopen_manipulator_msgs__rosidl_typesupport_c.so" to ""
[13.968s] -- Installing: /home/marcelo/Documents/GitHub/RMAL/uam/ros_uam/install/open_manipulator_msgs/lib/libopen_manipulator_msgs__rosidl_typesupport_introspection_cpp.so
[13.970s] -- Set runtime path of "/home/marcelo/Documents/GitHub/RMAL/uam/ros_uam/install/open_manipulator_msgs/lib/libopen_manipulator_msgs__rosidl_typesupport_introspection_cpp.so" to ""
[13.970s] -- Installing: /home/marcelo/Documents/GitHub/RMAL/uam/ros_uam/install/open_manipulator_msgs/lib/libopen_manipulator_msgs__rosidl_typesupport_cpp.so
[13.971s] -- Set runtime path of "/home/marcelo/Documents/GitHub/RMAL/uam/ros_uam/install/open_manipulator_msgs/lib/libopen_manipulator_msgs__rosidl_typesupport_cpp.so" to ""
[13.999s] Compiling '/home/marcelo/Documents/GitHub/RMAL/uam/ros_uam/install/open_manipulator_msgs/lib/python3.8/site-packages/open_manipulator_msgs/__init__.py'...
[14.004s] -- Installing: /home/marcelo/Documents/GitHub/RMAL/uam/ros_uam/install/open_manipulator_msgs/share/open_manipulator_msgs/cmake/open_manipulator_msgs__rosidl_generator_cExport.cmake
[14.004s] -- Installing: /home/marcelo/Documents/GitHub/RMAL/uam/ros_uam/install/open_manipulator_msgs/share/open_manipulator_msgs/cmake/open_manipulator_msgs__rosidl_generator_cExport-noconfig.cmake
[14.004s] -- Installing: /home/marcelo/Documents/GitHub/RMAL/uam/ros_uam/install/open_manipulator_msgs/share/open_manipulator_msgs/cmake/open_manipulator_msgs__rosidl_typesupport_introspection_cExport.cmake
[14.005s] -- Installing: /home/marcelo/Documents/GitHub/RMAL/uam/ros_uam/install/open_manipulator_msgs/share/open_manipulator_msgs/cmake/open_manipulator_msgs__rosidl_typesupport_introspection_cExport-noconfig.cmake
[14.005s] -- Installing: /home/marcelo/Documents/GitHub/RMAL/uam/ros_uam/install/open_manipulator_msgs/share/open_manipulator_msgs/cmake/open_manipulator_msgs__rosidl_typesupport_cExport.cmake
[14.005s] -- Installing: /home/marcelo/Documents/GitHub/RMAL/uam/ros_uam/install/open_manipulator_msgs/share/open_manipulator_msgs/cmake/open_manipulator_msgs__rosidl_typesupport_cExport-noconfig.cmake
[14.005s] -- Installing: /home/marcelo/Documents/GitHub/RMAL/uam/ros_uam/install/open_manipulator_msgs/share/open_manipulator_msgs/cmake/open_manipulator_msgs__rosidl_generator_cppExport.cmake
[14.006s] -- Installing: /home/marcelo/Documents/GitHub/RMAL/uam/ros_uam/install/open_manipulator_msgs/share/open_manipulator_msgs/cmake/open_manipulator_msgs__rosidl_typesupport_introspection_cppExport.cmake
[14.007s] -- Installing: /home/marcelo/Documents/GitHub/RMAL/uam/ros_uam/install/open_manipulator_msgs/share/open_manipulator_msgs/cmake/open_manipulator_msgs__rosidl_typesupport_introspection_cppExport-noconfig.cmake
[14.007s] -- Installing: /home/marcelo/Documents/GitHub/RMAL/uam/ros_uam/install/open_manipulator_msgs/share/open_manipulator_msgs/cmake/open_manipulator_msgs__rosidl_typesupport_cppExport.cmake
[14.008s] -- Installing: /home/marcelo/Documents/GitHub/RMAL/uam/ros_uam/install/open_manipulator_msgs/share/open_manipulator_msgs/cmake/open_manipulator_msgs__rosidl_typesupport_cppExport-noconfig.cmake
[14.009s] Invoked command in '/home/marcelo/Documents/GitHub/RMAL/uam/ros_uam/build/open_manipulator_msgs' returned '0': CMAKE_PREFIX_PATH=/opt/ros/foxy /usr/bin/cmake --install /home/marcelo/Documents/GitHub/RMAL/uam/ros_uam/build/open_manipulator_msgs
