[0.027s] Invoking command in '/home/marcelo/Documents/GitHub/RMAL/uam/ros_uam/build/open_manipulator_x_libs': AMENT_PREFIX_PATH=/home/marcelo/Documents/GitHub/RMAL/uam/ros_uam/install/robotis_manipulator:/home/marcelo/Documents/GitHub/RMAL/uam/ros_uam/install/dynamixel_workbench_toolbox:/home/marcelo/Documents/GitHub/RMAL/uam/ros_uam/install/dynamixel_sdk:/home/marcelo/Documents/GitHub/RMAL/uam/ros_uam/install/cmake_modules:${AMENT_PREFIX_PATH} CMAKE_PREFIX_PATH=/home/marcelo/Documents/GitHub/RMAL/uam/ros_uam/install/robotis_manipulator:/home/marcelo/Documents/GitHub/RMAL/uam/ros_uam/install/dynamixel_workbench_toolbox:/home/marcelo/Documents/GitHub/RMAL/uam/ros_uam/install/dynamixel_sdk:/home/marcelo/Documents/GitHub/RMAL/uam/ros_uam/install/cmake_modules:/opt/ros/foxy LD_LIBRARY_PATH=/home/marcelo/Documents/GitHub/RMAL/uam/ros_uam/install/robotis_manipulator/lib:/home/marcelo/Documents/GitHub/RMAL/uam/ros_uam/install/dynamixel_workbench_toolbox/lib:/home/marcelo/Documents/GitHub/RMAL/uam/ros_uam/install/dynamixel_sdk/lib:${LD_LIBRARY_PATH} /usr/bin/cmake --build /home/marcelo/Documents/GitHub/RMAL/uam/ros_uam/build/open_manipulator_x_libs -- -j6 -l6
[0.108s] [100%] Built target open_manipulator_x_libs
[0.353s] Invoked command in '/home/marcelo/Documents/GitHub/RMAL/uam/ros_uam/build/open_manipulator_x_libs' returned '0': AMENT_PREFIX_PATH=/home/marcelo/Documents/GitHub/RMAL/uam/ros_uam/install/robotis_manipulator:/home/marcelo/Documents/GitHub/RMAL/uam/ros_uam/install/dynamixel_workbench_toolbox:/home/marcelo/Documents/GitHub/RMAL/uam/ros_uam/install/dynamixel_sdk:/home/marcelo/Documents/GitHub/RMAL/uam/ros_uam/install/cmake_modules:${AMENT_PREFIX_PATH} CMAKE_PREFIX_PATH=/home/marcelo/Documents/GitHub/RMAL/uam/ros_uam/install/robotis_manipulator:/home/marcelo/Documents/GitHub/RMAL/uam/ros_uam/install/dynamixel_workbench_toolbox:/home/marcelo/Documents/GitHub/RMAL/uam/ros_uam/install/dynamixel_sdk:/home/marcelo/Documents/GitHub/RMAL/uam/ros_uam/install/cmake_modules:/opt/ros/foxy LD_LIBRARY_PATH=/home/marcelo/Documents/GitHub/RMAL/uam/ros_uam/install/robotis_manipulator/lib:/home/marcelo/Documents/GitHub/RMAL/uam/ros_uam/install/dynamixel_workbench_toolbox/lib:/home/marcelo/Documents/GitHub/RMAL/uam/ros_uam/install/dynamixel_sdk/lib:${LD_LIBRARY_PATH} /usr/bin/cmake --build /home/marcelo/Documents/GitHub/RMAL/uam/ros_uam/build/open_manipulator_x_libs -- -j6 -l6
[0.416s] Invoking command in '/home/marcelo/Documents/GitHub/RMAL/uam/ros_uam/build/open_manipulator_x_libs': AMENT_PREFIX_PATH=/home/marcelo/Documents/GitHub/RMAL/uam/ros_uam/install/robotis_manipulator:/home/marcelo/Documents/GitHub/RMAL/uam/ros_uam/install/dynamixel_workbench_toolbox:/home/marcelo/Documents/GitHub/RMAL/uam/ros_uam/install/dynamixel_sdk:/home/marcelo/Documents/GitHub/RMAL/uam/ros_uam/install/cmake_modules:${AMENT_PREFIX_PATH} CMAKE_PREFIX_PATH=/home/marcelo/Documents/GitHub/RMAL/uam/ros_uam/install/robotis_manipulator:/home/marcelo/Documents/GitHub/RMAL/uam/ros_uam/install/dynamixel_workbench_toolbox:/home/marcelo/Documents/GitHub/RMAL/uam/ros_uam/install/dynamixel_sdk:/home/marcelo/Documents/GitHub/RMAL/uam/ros_uam/install/cmake_modules:/opt/ros/foxy LD_LIBRARY_PATH=/home/marcelo/Documents/GitHub/RMAL/uam/ros_uam/install/robotis_manipulator/lib:/home/marcelo/Documents/GitHub/RMAL/uam/ros_uam/install/dynamixel_workbench_toolbox/lib:/home/marcelo/Documents/GitHub/RMAL/uam/ros_uam/install/dynamixel_sdk/lib:${LD_LIBRARY_PATH} /usr/bin/cmake --install /home/marcelo/Documents/GitHub/RMAL/uam/ros_uam/build/open_manipulator_x_libs
[0.428s] -- Install configuration: ""
[0.428s] -- Execute custom install script
[0.428s] -- Up-to-date symlink: /home/marcelo/Documents/GitHub/RMAL/uam/ros_uam/install/open_manipulator_x_libs/lib/libopen_manipulator_x_libs.so
[0.428s] -- Up-to-date symlink: /home/marcelo/Documents/GitHub/RMAL/uam/ros_uam/install/open_manipulator_x_libs/include//open_manipulator_x_libs/custom_trajectory.hpp
[0.428s] -- Up-to-date symlink: /home/marcelo/Documents/GitHub/RMAL/uam/ros_uam/install/open_manipulator_x_libs/include//open_manipulator_x_libs/dynamixel.hpp
[0.428s] -- Up-to-date symlink: /home/marcelo/Documents/GitHub/RMAL/uam/ros_uam/install/open_manipulator_x_libs/include//open_manipulator_x_libs/kinematics.hpp
[0.428s] -- Up-to-date symlink: /home/marcelo/Documents/GitHub/RMAL/uam/ros_uam/install/open_manipulator_x_libs/include//open_manipulator_x_libs/open_manipulator_x.hpp
[0.428s] -- Up-to-date symlink: /home/marcelo/Documents/GitHub/RMAL/uam/ros_uam/install/open_manipulator_x_libs/share/open_manipulator_x_libs/environment/library_path.sh
[0.428s] -- Up-to-date symlink: /home/marcelo/Documents/GitHub/RMAL/uam/ros_uam/install/open_manipulator_x_libs/share/open_manipulator_x_libs/environment/library_path.dsv
[0.428s] -- Up-to-date symlink: /home/marcelo/Documents/GitHub/RMAL/uam/ros_uam/install/open_manipulator_x_libs/share/ament_index/resource_index/package_run_dependencies/open_manipulator_x_libs
[0.428s] -- Up-to-date symlink: /home/marcelo/Documents/GitHub/RMAL/uam/ros_uam/install/open_manipulator_x_libs/share/ament_index/resource_index/parent_prefix_path/open_manipulator_x_libs
[0.428s] -- Up-to-date symlink: /home/marcelo/Documents/GitHub/RMAL/uam/ros_uam/install/open_manipulator_x_libs/share/open_manipulator_x_libs/environment/ament_prefix_path.sh
[0.429s] -- Up-to-date symlink: /home/marcelo/Documents/GitHub/RMAL/uam/ros_uam/install/open_manipulator_x_libs/share/open_manipulator_x_libs/environment/ament_prefix_path.dsv
[0.429s] -- Up-to-date symlink: /home/marcelo/Documents/GitHub/RMAL/uam/ros_uam/install/open_manipulator_x_libs/share/open_manipulator_x_libs/environment/path.sh
[0.429s] -- Up-to-date symlink: /home/marcelo/Documents/GitHub/RMAL/uam/ros_uam/install/open_manipulator_x_libs/share/open_manipulator_x_libs/environment/path.dsv
[0.430s] -- Up-to-date symlink: /home/marcelo/Documents/GitHub/RMAL/uam/ros_uam/install/open_manipulator_x_libs/share/open_manipulator_x_libs/local_setup.bash
[0.430s] -- Up-to-date symlink: /home/marcelo/Documents/GitHub/RMAL/uam/ros_uam/install/open_manipulator_x_libs/share/open_manipulator_x_libs/local_setup.sh
[0.430s] -- Up-to-date symlink: /home/marcelo/Documents/GitHub/RMAL/uam/ros_uam/install/open_manipulator_x_libs/share/open_manipulator_x_libs/local_setup.zsh
[0.430s] -- Up-to-date symlink: /home/marcelo/Documents/GitHub/RMAL/uam/ros_uam/install/open_manipulator_x_libs/share/open_manipulator_x_libs/local_setup.dsv
[0.430s] -- Symlinking: /home/marcelo/Documents/GitHub/RMAL/uam/ros_uam/install/open_manipulator_x_libs/share/open_manipulator_x_libs/package.dsv
[0.439s] -- Up-to-date symlink: /home/marcelo/Documents/GitHub/RMAL/uam/ros_uam/install/open_manipulator_x_libs/share/ament_index/resource_index/packages/open_manipulator_x_libs
[0.439s] -- Up-to-date symlink: /home/marcelo/Documents/GitHub/RMAL/uam/ros_uam/install/open_manipulator_x_libs/share/open_manipulator_x_libs/cmake/ament_cmake_export_include_directories-extras.cmake
[0.440s] -- Up-to-date symlink: /home/marcelo/Documents/GitHub/RMAL/uam/ros_uam/install/open_manipulator_x_libs/share/open_manipulator_x_libs/cmake/ament_cmake_export_dependencies-extras.cmake
[0.440s] -- Up-to-date symlink: /home/marcelo/Documents/GitHub/RMAL/uam/ros_uam/install/open_manipulator_x_libs/share/open_manipulator_x_libs/cmake/ament_cmake_export_libraries-extras.cmake
[0.442s] -- Up-to-date symlink: /home/marcelo/Documents/GitHub/RMAL/uam/ros_uam/install/open_manipulator_x_libs/share/open_manipulator_x_libs/cmake/open_manipulator_x_libsConfig.cmake
[0.454s] -- Up-to-date symlink: /home/marcelo/Documents/GitHub/RMAL/uam/ros_uam/install/open_manipulator_x_libs/share/open_manipulator_x_libs/cmake/open_manipulator_x_libsConfig-version.cmake
[0.455s] -- Up-to-date symlink: /home/marcelo/Documents/GitHub/RMAL/uam/ros_uam/install/open_manipulator_x_libs/share/open_manipulator_x_libs/package.xml
[0.464s] Invoked command in '/home/marcelo/Documents/GitHub/RMAL/uam/ros_uam/build/open_manipulator_x_libs' returned '0': AMENT_PREFIX_PATH=/home/marcelo/Documents/GitHub/RMAL/uam/ros_uam/install/robotis_manipulator:/home/marcelo/Documents/GitHub/RMAL/uam/ros_uam/install/dynamixel_workbench_toolbox:/home/marcelo/Documents/GitHub/RMAL/uam/ros_uam/install/dynamixel_sdk:/home/marcelo/Documents/GitHub/RMAL/uam/ros_uam/install/cmake_modules:${AMENT_PREFIX_PATH} CMAKE_PREFIX_PATH=/home/marcelo/Documents/GitHub/RMAL/uam/ros_uam/install/robotis_manipulator:/home/marcelo/Documents/GitHub/RMAL/uam/ros_uam/install/dynamixel_workbench_toolbox:/home/marcelo/Documents/GitHub/RMAL/uam/ros_uam/install/dynamixel_sdk:/home/marcelo/Documents/GitHub/RMAL/uam/ros_uam/install/cmake_modules:/opt/ros/foxy LD_LIBRARY_PATH=/home/marcelo/Documents/GitHub/RMAL/uam/ros_uam/install/robotis_manipulator/lib:/home/marcelo/Documents/GitHub/RMAL/uam/ros_uam/install/dynamixel_workbench_toolbox/lib:/home/marcelo/Documents/GitHub/RMAL/uam/ros_uam/install/dynamixel_sdk/lib:${LD_LIBRARY_PATH} /usr/bin/cmake --install /home/marcelo/Documents/GitHub/RMAL/uam/ros_uam/build/open_manipulator_x_libs
