[0.068s] Invoking command in '/home/marcelo/Documents/GitHub/RMAL/uam/ros_uam/build/dynamixel_sdk_custom_interfaces': CMAKE_PREFIX_PATH=/opt/ros/foxy /usr/bin/cmake /home/marcelo/Documents/GitHub/RMAL/uam/ros_uam/src/DynamixelSDK/dynamixel_sdk_custom_interfaces -DAMENT_CMAKE_SYMLINK_INSTALL=1 -DCMAKE_INSTALL_PREFIX=/home/marcelo/Documents/GitHub/RMAL/uam/ros_uam/install/dynamixel_sdk_custom_interfaces
[0.276s] -- The C compiler identification is GNU 9.4.0
[0.359s] -- The CXX compiler identification is GNU 9.4.0
[0.365s] -- Check for working C compiler: /usr/bin/cc
[0.460s] -- Check for working C compiler: /usr/bin/cc -- works
[0.461s] -- Detecting C compiler ABI info
[0.543s] -- Detecting C compiler ABI info - done
[0.555s] -- Detecting C compile features
[0.556s] -- Detecting C compile features - done
[0.559s] -- Check for working CXX compiler: /usr/bin/c++
[0.636s] -- Check for working CXX compiler: /usr/bin/c++ -- works
[0.637s] -- Detecting CXX compiler ABI info
[0.730s] -- Detecting CXX compiler ABI info - done
[0.741s] -- Detecting CXX compile features
[0.742s] -- Detecting CXX compile features - done
[0.743s] -- Found ament_cmake: 0.9.11 (/opt/ros/foxy/share/ament_cmake/cmake)
[0.771s] -- Found PythonInterp: /usr/bin/python3 (found suitable version "3.8.10", minimum required is "3") 
[0.771s] -- Using PYTHON_EXECUTABLE: /usr/bin/python3
[0.928s] -- Override CMake install command with custom implementation using symlinks instead of copying resources
[0.945s] -- Found builtin_interfaces: 1.0.0 (/opt/ros/foxy/share/builtin_interfaces/cmake)
[0.972s] -- Using all available rosidl_typesupport_c: rosidl_typesupport_fastrtps_c;rosidl_typesupport_introspection_c
[0.980s] -- Found rosidl_adapter: 1.3.0 (/opt/ros/foxy/share/rosidl_adapter/cmake)
[1.112s] -- Found OpenSSL: /usr/lib/x86_64-linux-gnu/libcrypto.so (found version "1.1.1f")  
[1.149s] -- Found FastRTPS: /opt/ros/foxy/include  
[1.286s] -- Using all available rosidl_typesupport_cpp: rosidl_typesupport_fastrtps_cpp;rosidl_typesupport_introspection_cpp
[1.336s] -- Found rosidl_default_generators: 1.0.1 (/opt/ros/foxy/share/rosidl_default_generators/cmake)
[1.432s] -- Found PythonInterp: /usr/bin/python3 (found version "3.8.10") 
[1.679s] -- Found ament_cmake_ros: 0.9.2 (/opt/ros/foxy/share/ament_cmake_ros/cmake)
[1.788s] -- Using all available rosidl_typesupport_c: rosidl_typesupport_fastrtps_c;rosidl_typesupport_introspection_c
[1.801s] -- Using all available rosidl_typesupport_cpp: rosidl_typesupport_fastrtps_cpp;rosidl_typesupport_introspection_cpp
[1.822s] -- Found PythonInterp: /usr/bin/python3 (found suitable version "3.8.10", minimum required is "3.5") 
[1.824s] -- Found python_cmake_module: 0.8.1 (/opt/ros/foxy/share/python_cmake_module/cmake)
[1.856s] -- Found PythonLibs: /usr/lib/x86_64-linux-gnu/libpython3.8.so (found suitable version "3.8.10", minimum required is "3.5") 
[1.856s] -- Using PYTHON_EXECUTABLE: /usr/bin/python3
[1.856s] -- Using PYTHON_INCLUDE_DIRS: /usr/include/python3.8
[1.856s] -- Using PYTHON_LIBRARIES: /usr/lib/x86_64-linux-gnu/libpython3.8.so
[1.875s] -- Found PythonExtra: .so  
[1.934s] -- Configuring done
[1.972s] -- Generating done
[1.974s] -- Build files have been written to: /home/marcelo/Documents/GitHub/RMAL/uam/ros_uam/build/dynamixel_sdk_custom_interfaces
[1.980s] Invoked command in '/home/marcelo/Documents/GitHub/RMAL/uam/ros_uam/build/dynamixel_sdk_custom_interfaces' returned '0': CMAKE_PREFIX_PATH=/opt/ros/foxy /usr/bin/cmake /home/marcelo/Documents/GitHub/RMAL/uam/ros_uam/src/DynamixelSDK/dynamixel_sdk_custom_interfaces -DAMENT_CMAKE_SYMLINK_INSTALL=1 -DCMAKE_INSTALL_PREFIX=/home/marcelo/Documents/GitHub/RMAL/uam/ros_uam/install/dynamixel_sdk_custom_interfaces
[1.981s] Invoking command in '/home/marcelo/Documents/GitHub/RMAL/uam/ros_uam/build/dynamixel_sdk_custom_interfaces': CMAKE_PREFIX_PATH=/opt/ros/foxy /usr/bin/cmake --build /home/marcelo/Documents/GitHub/RMAL/uam/ros_uam/build/dynamixel_sdk_custom_interfaces -- -j6 -l6
[2.026s] [35m[1mScanning dependencies of target dynamixel_sdk_custom_interfaces__cpp[0m
[2.026s] [  2%] [34m[1mGenerating C code for ROS interfaces[0m
[2.036s] [  5%] [34m[1mGenerating C++ code for ROS interfaces[0m
[2.337s] [35m[1mScanning dependencies of target dynamixel_sdk_custom_interfaces__rosidl_generator_c[0m
[2.359s] [  7%] [32mBuilding C object CMakeFiles/dynamixel_sdk_custom_interfaces__rosidl_generator_c.dir/rosidl_generator_c/dynamixel_sdk_custom_interfaces/msg/detail/set_position__functions.c.o[0m
[2.364s] [ 10%] [32mBuilding C object CMakeFiles/dynamixel_sdk_custom_interfaces__rosidl_generator_c.dir/rosidl_generator_c/dynamixel_sdk_custom_interfaces/srv/detail/get_position__functions.c.o[0m
[2.364s] [ 10%] Built target dynamixel_sdk_custom_interfaces__cpp
[2.374s] [ 12%] [34m[1mGenerating C++ type support dispatch for ROS interfaces[0m
[2.380s] [ 15%] [34m[1mGenerating C++ introspection for ROS interfaces[0m
[2.392s] [ 17%] [34m[1mGenerating C++ type support for eProsima Fast-RTPS[0m
[2.436s] [ 20%] [32m[1mLinking C shared library libdynamixel_sdk_custom_interfaces__rosidl_generator_c.so[0m
[2.481s] [ 20%] Built target dynamixel_sdk_custom_interfaces__rosidl_generator_c
[2.500s] [ 23%] [34m[1mGenerating C introspection for ROS interfaces[0m
[2.508s] [ 25%] [34m[1mGenerating C type support dispatch for ROS interfaces[0m
[2.644s] [35m[1mScanning dependencies of target dynamixel_sdk_custom_interfaces__rosidl_typesupport_cpp[0m
[2.690s] [ 28%] [32mBuilding CXX object CMakeFiles/dynamixel_sdk_custom_interfaces__rosidl_typesupport_cpp.dir/rosidl_typesupport_cpp/dynamixel_sdk_custom_interfaces/msg/set_position__type_support.cpp.o[0m
[2.699s] [ 30%] [32mBuilding CXX object CMakeFiles/dynamixel_sdk_custom_interfaces__rosidl_typesupport_cpp.dir/rosidl_typesupport_cpp/dynamixel_sdk_custom_interfaces/srv/get_position__type_support.cpp.o[0m
[2.708s] [35m[1mScanning dependencies of target dynamixel_sdk_custom_interfaces__rosidl_typesupport_introspection_cpp[0m
[2.765s] [ 33%] [32mBuilding CXX object CMakeFiles/dynamixel_sdk_custom_interfaces__rosidl_typesupport_introspection_cpp.dir/rosidl_typesupport_introspection_cpp/dynamixel_sdk_custom_interfaces/msg/detail/set_position__type_support.cpp.o[0m
[2.768s] [35m[1mScanning dependencies of target dynamixel_sdk_custom_interfaces__rosidl_typesupport_fastrtps_cpp[0m
[2.848s] [ 35%] [32mBuilding CXX object CMakeFiles/dynamixel_sdk_custom_interfaces__rosidl_typesupport_fastrtps_cpp.dir/rosidl_typesupport_fastrtps_cpp/dynamixel_sdk_custom_interfaces/msg/detail/dds_fastrtps/set_position__type_support.cpp.o[0m
[2.865s] [35m[1mScanning dependencies of target dynamixel_sdk_custom_interfaces__rosidl_typesupport_c[0m
[2.928s] [ 38%] [32mBuilding CXX object CMakeFiles/dynamixel_sdk_custom_interfaces__rosidl_typesupport_c.dir/rosidl_typesupport_c/dynamixel_sdk_custom_interfaces/msg/set_position__type_support.cpp.o[0m
[3.008s] [35m[1mScanning dependencies of target dynamixel_sdk_custom_interfaces__rosidl_typesupport_introspection_c[0m
[3.012s] [ 41%] [32mBuilding CXX object CMakeFiles/dynamixel_sdk_custom_interfaces__rosidl_typesupport_c.dir/rosidl_typesupport_c/dynamixel_sdk_custom_interfaces/srv/get_position__type_support.cpp.o[0m
[3.032s] [ 43%] [32mBuilding CXX object CMakeFiles/dynamixel_sdk_custom_interfaces__rosidl_typesupport_fastrtps_cpp.dir/rosidl_typesupport_fastrtps_cpp/dynamixel_sdk_custom_interfaces/srv/detail/dds_fastrtps/get_position__type_support.cpp.o[0m
[3.074s] [ 46%] [32m[1mLinking CXX shared library libdynamixel_sdk_custom_interfaces__rosidl_typesupport_cpp.so[0m
[3.083s] [ 48%] [32mBuilding C object CMakeFiles/dynamixel_sdk_custom_interfaces__rosidl_typesupport_introspection_c.dir/rosidl_typesupport_introspection_c/dynamixel_sdk_custom_interfaces/msg/detail/set_position__type_support.c.o[0m
[3.099s] [ 51%] [32m[1mLinking CXX shared library libdynamixel_sdk_custom_interfaces__rosidl_typesupport_c.so[0m
[3.175s] [ 53%] [32mBuilding CXX object CMakeFiles/dynamixel_sdk_custom_interfaces__rosidl_typesupport_introspection_cpp.dir/rosidl_typesupport_introspection_cpp/dynamixel_sdk_custom_interfaces/srv/detail/get_position__type_support.cpp.o[0m
[3.182s] [ 56%] [32mBuilding C object CMakeFiles/dynamixel_sdk_custom_interfaces__rosidl_typesupport_introspection_c.dir/rosidl_typesupport_introspection_c/dynamixel_sdk_custom_interfaces/srv/detail/get_position__type_support.c.o[0m
[3.186s] [ 56%] Built target dynamixel_sdk_custom_interfaces__rosidl_typesupport_cpp
[3.212s] [ 56%] Built target dynamixel_sdk_custom_interfaces__rosidl_typesupport_c
[3.248s] [ 58%] [32m[1mLinking C shared library libdynamixel_sdk_custom_interfaces__rosidl_typesupport_introspection_c.so[0m
[3.344s] [ 58%] Built target dynamixel_sdk_custom_interfaces__rosidl_typesupport_introspection_c
[3.464s] [ 61%] [32m[1mLinking CXX shared library libdynamixel_sdk_custom_interfaces__rosidl_typesupport_fastrtps_cpp.so[0m
[3.482s] [ 64%] [32m[1mLinking CXX shared library libdynamixel_sdk_custom_interfaces__rosidl_typesupport_introspection_cpp.so[0m
[3.562s] [ 64%] Built target dynamixel_sdk_custom_interfaces__rosidl_typesupport_introspection_cpp
[3.614s] [ 64%] Built target dynamixel_sdk_custom_interfaces__rosidl_typesupport_fastrtps_cpp
[3.628s] [ 66%] [34m[1mGenerating C type support for eProsima Fast-RTPS[0m
[4.087s] [35m[1mScanning dependencies of target dynamixel_sdk_custom_interfaces__rosidl_typesupport_fastrtps_c[0m
[4.146s] [ 69%] [32mBuilding CXX object CMakeFiles/dynamixel_sdk_custom_interfaces__rosidl_typesupport_fastrtps_c.dir/rosidl_typesupport_fastrtps_c/dynamixel_sdk_custom_interfaces/msg/detail/set_position__type_support_c.cpp.o[0m
[4.156s] [ 71%] [32mBuilding CXX object CMakeFiles/dynamixel_sdk_custom_interfaces__rosidl_typesupport_fastrtps_c.dir/rosidl_typesupport_fastrtps_c/dynamixel_sdk_custom_interfaces/srv/detail/get_position__type_support_c.cpp.o[0m
[5.114s] [ 74%] [32m[1mLinking CXX shared library libdynamixel_sdk_custom_interfaces__rosidl_typesupport_fastrtps_c.so[0m
[5.500s] [ 74%] Built target dynamixel_sdk_custom_interfaces__rosidl_typesupport_fastrtps_c
[5.544s] [35m[1mScanning dependencies of target dynamixel_sdk_custom_interfaces[0m
[5.596s] [ 74%] Built target dynamixel_sdk_custom_interfaces
[5.685s] [35m[1mScanning dependencies of target dynamixel_sdk_custom_interfaces__py[0m
[5.756s] [ 76%] [34m[1mGenerating Python code for ROS interfaces[0m
[7.289s] [ 76%] Built target dynamixel_sdk_custom_interfaces__py
[7.348s] [35m[1mScanning dependencies of target dynamixel_sdk_custom_interfaces__python[0m
[7.443s] [ 79%] [32mBuilding C object CMakeFiles/dynamixel_sdk_custom_interfaces__python.dir/rosidl_generator_py/dynamixel_sdk_custom_interfaces/msg/_set_position_s.c.o[0m
[7.465s] [ 82%] [32mBuilding C object CMakeFiles/dynamixel_sdk_custom_interfaces__python.dir/rosidl_generator_py/dynamixel_sdk_custom_interfaces/srv/_get_position_s.c.o[0m
[7.724s] [ 84%] [32m[1mLinking C shared library rosidl_generator_py/dynamixel_sdk_custom_interfaces/libdynamixel_sdk_custom_interfaces__python.so[0m
[7.846s] [ 84%] Built target dynamixel_sdk_custom_interfaces__python
[7.894s] [35m[1mScanning dependencies of target dynamixel_sdk_custom_interfaces__rosidl_typesupport_c__pyext[0m
[7.914s] [35m[1mScanning dependencies of target dynamixel_sdk_custom_interfaces__rosidl_typesupport_introspection_c__pyext[0m
[7.945s] [35m[1mScanning dependencies of target dynamixel_sdk_custom_interfaces__rosidl_typesupport_fastrtps_c__pyext[0m
[7.962s] [ 87%] [32mBuilding C object CMakeFiles/dynamixel_sdk_custom_interfaces__rosidl_typesupport_introspection_c__pyext.dir/rosidl_generator_py/dynamixel_sdk_custom_interfaces/_dynamixel_sdk_custom_interfaces_s.ep.rosidl_typesupport_introspection_c.c.o[0m
[7.963s] [ 89%] [32mBuilding C object CMakeFiles/dynamixel_sdk_custom_interfaces__rosidl_typesupport_c__pyext.dir/rosidl_generator_py/dynamixel_sdk_custom_interfaces/_dynamixel_sdk_custom_interfaces_s.ep.rosidl_typesupport_c.c.o[0m
[8.022s] [ 92%] [32mBuilding C object CMakeFiles/dynamixel_sdk_custom_interfaces__rosidl_typesupport_fastrtps_c__pyext.dir/rosidl_generator_py/dynamixel_sdk_custom_interfaces/_dynamixel_sdk_custom_interfaces_s.ep.rosidl_typesupport_fastrtps_c.c.o[0m
[8.166s] [ 94%] [32m[1mLinking C shared library rosidl_generator_py/dynamixel_sdk_custom_interfaces/dynamixel_sdk_custom_interfaces_s__rosidl_typesupport_introspection_c.cpython-38-x86_64-linux-gnu.so[0m
[8.189s] [ 97%] [32m[1mLinking C shared library rosidl_generator_py/dynamixel_sdk_custom_interfaces/dynamixel_sdk_custom_interfaces_s__rosidl_typesupport_c.cpython-38-x86_64-linux-gnu.so[0m
[8.202s] [100%] [32m[1mLinking CXX shared library rosidl_generator_py/dynamixel_sdk_custom_interfaces/dynamixel_sdk_custom_interfaces_s__rosidl_typesupport_fastrtps_c.cpython-38-x86_64-linux-gnu.so[0m
[8.305s] [100%] Built target dynamixel_sdk_custom_interfaces__rosidl_typesupport_introspection_c__pyext
[8.369s] [100%] Built target dynamixel_sdk_custom_interfaces__rosidl_typesupport_c__pyext
[8.404s] [100%] Built target dynamixel_sdk_custom_interfaces__rosidl_typesupport_fastrtps_c__pyext
[8.442s] Invoked command in '/home/marcelo/Documents/GitHub/RMAL/uam/ros_uam/build/dynamixel_sdk_custom_interfaces' returned '0': CMAKE_PREFIX_PATH=/opt/ros/foxy /usr/bin/cmake --build /home/marcelo/Documents/GitHub/RMAL/uam/ros_uam/build/dynamixel_sdk_custom_interfaces -- -j6 -l6
[8.544s] Invoking command in '/home/marcelo/Documents/GitHub/RMAL/uam/ros_uam/build/dynamixel_sdk_custom_interfaces': CMAKE_PREFIX_PATH=/opt/ros/foxy /usr/bin/cmake --install /home/marcelo/Documents/GitHub/RMAL/uam/ros_uam/build/dynamixel_sdk_custom_interfaces
[8.555s] -- Install configuration: ""
[8.559s] -- Execute custom install script
[8.559s] -- Symlinking: /home/marcelo/Documents/GitHub/RMAL/uam/ros_uam/install/dynamixel_sdk_custom_interfaces/share/ament_index/resource_index/rosidl_interfaces/dynamixel_sdk_custom_interfaces
[8.569s] -- Symlinking: /home/marcelo/Documents/GitHub/RMAL/uam/ros_uam/install/dynamixel_sdk_custom_interfaces/include/dynamixel_sdk_custom_interfaces/msg/detail/set_position__functions.h
[8.579s] -- Symlinking: /home/marcelo/Documents/GitHub/RMAL/uam/ros_uam/install/dynamixel_sdk_custom_interfaces/include/dynamixel_sdk_custom_interfaces/msg/detail/set_position__struct.h
[8.590s] -- Symlinking: /home/marcelo/Documents/GitHub/RMAL/uam/ros_uam/install/dynamixel_sdk_custom_interfaces/include/dynamixel_sdk_custom_interfaces/msg/detail/set_position__type_support.h
[8.601s] -- Symlinking: /home/marcelo/Documents/GitHub/RMAL/uam/ros_uam/install/dynamixel_sdk_custom_interfaces/include/dynamixel_sdk_custom_interfaces/msg/rosidl_generator_c__visibility_control.h
[8.609s] -- Symlinking: /home/marcelo/Documents/GitHub/RMAL/uam/ros_uam/install/dynamixel_sdk_custom_interfaces/include/dynamixel_sdk_custom_interfaces/msg/set_position.h
[8.618s] -- Symlinking: /home/marcelo/Documents/GitHub/RMAL/uam/ros_uam/install/dynamixel_sdk_custom_interfaces/include/dynamixel_sdk_custom_interfaces/srv/detail/get_position__functions.h
[8.628s] -- Symlinking: /home/marcelo/Documents/GitHub/RMAL/uam/ros_uam/install/dynamixel_sdk_custom_interfaces/include/dynamixel_sdk_custom_interfaces/srv/detail/get_position__struct.h
[8.641s] -- Symlinking: /home/marcelo/Documents/GitHub/RMAL/uam/ros_uam/install/dynamixel_sdk_custom_interfaces/include/dynamixel_sdk_custom_interfaces/srv/detail/get_position__type_support.h
[8.649s] -- Symlinking: /home/marcelo/Documents/GitHub/RMAL/uam/ros_uam/install/dynamixel_sdk_custom_interfaces/include/dynamixel_sdk_custom_interfaces/srv/get_position.h
[8.658s] -- Symlinking: /home/marcelo/Documents/GitHub/RMAL/uam/ros_uam/install/dynamixel_sdk_custom_interfaces/share/dynamixel_sdk_custom_interfaces/environment/library_path.sh
[8.670s] -- Symlinking: /home/marcelo/Documents/GitHub/RMAL/uam/ros_uam/install/dynamixel_sdk_custom_interfaces/share/dynamixel_sdk_custom_interfaces/environment/library_path.dsv
[8.679s] -- Symlinking: /home/marcelo/Documents/GitHub/RMAL/uam/ros_uam/install/dynamixel_sdk_custom_interfaces/include/dynamixel_sdk_custom_interfaces/msg/detail/set_position__rosidl_typesupport_fastrtps_c.h
[8.690s] -- Symlinking: /home/marcelo/Documents/GitHub/RMAL/uam/ros_uam/install/dynamixel_sdk_custom_interfaces/include/dynamixel_sdk_custom_interfaces/msg/rosidl_typesupport_fastrtps_c__visibility_control.h
[8.697s] -- Symlinking: /home/marcelo/Documents/GitHub/RMAL/uam/ros_uam/install/dynamixel_sdk_custom_interfaces/include/dynamixel_sdk_custom_interfaces/srv/detail/get_position__rosidl_typesupport_fastrtps_c.h
[8.705s] -- Symlinking: /home/marcelo/Documents/GitHub/RMAL/uam/ros_uam/install/dynamixel_sdk_custom_interfaces/lib/libdynamixel_sdk_custom_interfaces__rosidl_typesupport_fastrtps_c.so
[8.714s] -- Symlinking: /home/marcelo/Documents/GitHub/RMAL/uam/ros_uam/install/dynamixel_sdk_custom_interfaces/include/dynamixel_sdk_custom_interfaces/msg/detail/set_position__rosidl_typesupport_fastrtps_cpp.hpp
[8.722s] -- Symlinking: /home/marcelo/Documents/GitHub/RMAL/uam/ros_uam/install/dynamixel_sdk_custom_interfaces/include/dynamixel_sdk_custom_interfaces/msg/rosidl_typesupport_fastrtps_cpp__visibility_control.h
[8.735s] -- Symlinking: /home/marcelo/Documents/GitHub/RMAL/uam/ros_uam/install/dynamixel_sdk_custom_interfaces/include/dynamixel_sdk_custom_interfaces/srv/detail/get_position__rosidl_typesupport_fastrtps_cpp.hpp
[8.743s] -- Symlinking: /home/marcelo/Documents/GitHub/RMAL/uam/ros_uam/install/dynamixel_sdk_custom_interfaces/lib/libdynamixel_sdk_custom_interfaces__rosidl_typesupport_fastrtps_cpp.so
[8.751s] -- Symlinking: /home/marcelo/Documents/GitHub/RMAL/uam/ros_uam/install/dynamixel_sdk_custom_interfaces/include/dynamixel_sdk_custom_interfaces/msg/detail/set_position__rosidl_typesupport_introspection_c.h
[8.759s] -- Symlinking: /home/marcelo/Documents/GitHub/RMAL/uam/ros_uam/install/dynamixel_sdk_custom_interfaces/include/dynamixel_sdk_custom_interfaces/msg/rosidl_typesupport_introspection_c__visibility_control.h
[8.767s] -- Symlinking: /home/marcelo/Documents/GitHub/RMAL/uam/ros_uam/install/dynamixel_sdk_custom_interfaces/include/dynamixel_sdk_custom_interfaces/srv/detail/get_position__rosidl_typesupport_introspection_c.h
[8.775s] -- Symlinking: /home/marcelo/Documents/GitHub/RMAL/uam/ros_uam/install/dynamixel_sdk_custom_interfaces/include/dynamixel_sdk_custom_interfaces/msg/detail/set_position__builder.hpp
[8.784s] -- Symlinking: /home/marcelo/Documents/GitHub/RMAL/uam/ros_uam/install/dynamixel_sdk_custom_interfaces/include/dynamixel_sdk_custom_interfaces/msg/detail/set_position__struct.hpp
[8.792s] -- Symlinking: /home/marcelo/Documents/GitHub/RMAL/uam/ros_uam/install/dynamixel_sdk_custom_interfaces/include/dynamixel_sdk_custom_interfaces/msg/detail/set_position__traits.hpp
[8.800s] -- Symlinking: /home/marcelo/Documents/GitHub/RMAL/uam/ros_uam/install/dynamixel_sdk_custom_interfaces/include/dynamixel_sdk_custom_interfaces/msg/set_position.hpp
[8.807s] -- Symlinking: /home/marcelo/Documents/GitHub/RMAL/uam/ros_uam/install/dynamixel_sdk_custom_interfaces/include/dynamixel_sdk_custom_interfaces/srv/detail/get_position__builder.hpp
[8.815s] -- Symlinking: /home/marcelo/Documents/GitHub/RMAL/uam/ros_uam/install/dynamixel_sdk_custom_interfaces/include/dynamixel_sdk_custom_interfaces/srv/detail/get_position__struct.hpp
[8.828s] -- Symlinking: /home/marcelo/Documents/GitHub/RMAL/uam/ros_uam/install/dynamixel_sdk_custom_interfaces/include/dynamixel_sdk_custom_interfaces/srv/detail/get_position__traits.hpp
[8.835s] -- Symlinking: /home/marcelo/Documents/GitHub/RMAL/uam/ros_uam/install/dynamixel_sdk_custom_interfaces/include/dynamixel_sdk_custom_interfaces/srv/get_position.hpp
[8.844s] -- Symlinking: /home/marcelo/Documents/GitHub/RMAL/uam/ros_uam/install/dynamixel_sdk_custom_interfaces/include/dynamixel_sdk_custom_interfaces/msg/detail/set_position__rosidl_typesupport_introspection_cpp.hpp
[8.852s] -- Symlinking: /home/marcelo/Documents/GitHub/RMAL/uam/ros_uam/install/dynamixel_sdk_custom_interfaces/include/dynamixel_sdk_custom_interfaces/srv/detail/get_position__rosidl_typesupport_introspection_cpp.hpp
[8.859s] -- Symlinking: /home/marcelo/Documents/GitHub/RMAL/uam/ros_uam/install/dynamixel_sdk_custom_interfaces/share/dynamixel_sdk_custom_interfaces/environment/pythonpath.sh
[8.872s] -- Symlinking: /home/marcelo/Documents/GitHub/RMAL/uam/ros_uam/install/dynamixel_sdk_custom_interfaces/share/dynamixel_sdk_custom_interfaces/environment/pythonpath.dsv
[8.880s] -- Symlinking: /home/marcelo/Documents/GitHub/RMAL/uam/ros_uam/install/dynamixel_sdk_custom_interfaces/lib/python3.8/site-packages/dynamixel_sdk_custom_interfaces/__init__.py
[8.888s] -- Symlinking: /home/marcelo/Documents/GitHub/RMAL/uam/ros_uam/install/dynamixel_sdk_custom_interfaces/lib/python3.8/site-packages/dynamixel_sdk_custom_interfaces/msg/__init__.py
[8.896s] -- Symlinking: /home/marcelo/Documents/GitHub/RMAL/uam/ros_uam/install/dynamixel_sdk_custom_interfaces/lib/python3.8/site-packages/dynamixel_sdk_custom_interfaces/msg/_set_position.py
[8.904s] -- Symlinking: /home/marcelo/Documents/GitHub/RMAL/uam/ros_uam/install/dynamixel_sdk_custom_interfaces/lib/python3.8/site-packages/dynamixel_sdk_custom_interfaces/srv/__init__.py
[8.911s] -- Symlinking: /home/marcelo/Documents/GitHub/RMAL/uam/ros_uam/install/dynamixel_sdk_custom_interfaces/lib/python3.8/site-packages/dynamixel_sdk_custom_interfaces/srv/_get_position.py
[8.919s] -- Symlinking: /home/marcelo/Documents/GitHub/RMAL/uam/ros_uam/install/dynamixel_sdk_custom_interfaces/lib/python3.8/site-packages/dynamixel_sdk_custom_interfaces/dynamixel_sdk_custom_interfaces_s__rosidl_typesupport_fastrtps_c.cpython-38-x86_64-linux-gnu.so
[8.928s] -- Symlinking: /home/marcelo/Documents/GitHub/RMAL/uam/ros_uam/install/dynamixel_sdk_custom_interfaces/lib/python3.8/site-packages/dynamixel_sdk_custom_interfaces/dynamixel_sdk_custom_interfaces_s__rosidl_typesupport_introspection_c.cpython-38-x86_64-linux-gnu.so
[8.936s] -- Symlinking: /home/marcelo/Documents/GitHub/RMAL/uam/ros_uam/install/dynamixel_sdk_custom_interfaces/lib/python3.8/site-packages/dynamixel_sdk_custom_interfaces/dynamixel_sdk_custom_interfaces_s__rosidl_typesupport_c.cpython-38-x86_64-linux-gnu.so
[8.945s] -- Symlinking: /home/marcelo/Documents/GitHub/RMAL/uam/ros_uam/install/dynamixel_sdk_custom_interfaces/lib/libdynamixel_sdk_custom_interfaces__python.so
[8.953s] -- Symlinking: /home/marcelo/Documents/GitHub/RMAL/uam/ros_uam/install/dynamixel_sdk_custom_interfaces/share/dynamixel_sdk_custom_interfaces/msg/SetPosition.idl
[8.964s] -- Symlinking: /home/marcelo/Documents/GitHub/RMAL/uam/ros_uam/install/dynamixel_sdk_custom_interfaces/share/dynamixel_sdk_custom_interfaces/srv/GetPosition.idl
[8.972s] -- Symlinking: /home/marcelo/Documents/GitHub/RMAL/uam/ros_uam/install/dynamixel_sdk_custom_interfaces/share/dynamixel_sdk_custom_interfaces/msg/SetPosition.msg
[8.984s] -- Symlinking: /home/marcelo/Documents/GitHub/RMAL/uam/ros_uam/install/dynamixel_sdk_custom_interfaces/share/dynamixel_sdk_custom_interfaces/srv/GetPosition.srv
[8.992s] -- Symlinking: /home/marcelo/Documents/GitHub/RMAL/uam/ros_uam/install/dynamixel_sdk_custom_interfaces/share/dynamixel_sdk_custom_interfaces/srv/GetPosition_Request.msg
[9.000s] -- Symlinking: /home/marcelo/Documents/GitHub/RMAL/uam/ros_uam/install/dynamixel_sdk_custom_interfaces/share/dynamixel_sdk_custom_interfaces/srv/GetPosition_Response.msg
[9.012s] -- Symlinking: /home/marcelo/Documents/GitHub/RMAL/uam/ros_uam/install/dynamixel_sdk_custom_interfaces/share/ament_index/resource_index/package_run_dependencies/dynamixel_sdk_custom_interfaces
[9.021s] -- Symlinking: /home/marcelo/Documents/GitHub/RMAL/uam/ros_uam/install/dynamixel_sdk_custom_interfaces/share/ament_index/resource_index/parent_prefix_path/dynamixel_sdk_custom_interfaces
[9.029s] -- Symlinking: /home/marcelo/Documents/GitHub/RMAL/uam/ros_uam/install/dynamixel_sdk_custom_interfaces/share/dynamixel_sdk_custom_interfaces/environment/ament_prefix_path.sh
[9.037s] -- Symlinking: /home/marcelo/Documents/GitHub/RMAL/uam/ros_uam/install/dynamixel_sdk_custom_interfaces/share/dynamixel_sdk_custom_interfaces/environment/ament_prefix_path.dsv
[9.046s] -- Symlinking: /home/marcelo/Documents/GitHub/RMAL/uam/ros_uam/install/dynamixel_sdk_custom_interfaces/share/dynamixel_sdk_custom_interfaces/environment/path.sh
[9.053s] -- Symlinking: /home/marcelo/Documents/GitHub/RMAL/uam/ros_uam/install/dynamixel_sdk_custom_interfaces/share/dynamixel_sdk_custom_interfaces/environment/path.dsv
[9.067s] -- Symlinking: /home/marcelo/Documents/GitHub/RMAL/uam/ros_uam/install/dynamixel_sdk_custom_interfaces/share/dynamixel_sdk_custom_interfaces/local_setup.bash
[9.076s] -- Symlinking: /home/marcelo/Documents/GitHub/RMAL/uam/ros_uam/install/dynamixel_sdk_custom_interfaces/share/dynamixel_sdk_custom_interfaces/local_setup.sh
[9.084s] -- Symlinking: /home/marcelo/Documents/GitHub/RMAL/uam/ros_uam/install/dynamixel_sdk_custom_interfaces/share/dynamixel_sdk_custom_interfaces/local_setup.zsh
[9.092s] -- Symlinking: /home/marcelo/Documents/GitHub/RMAL/uam/ros_uam/install/dynamixel_sdk_custom_interfaces/share/dynamixel_sdk_custom_interfaces/local_setup.dsv
[9.100s] -- Symlinking: /home/marcelo/Documents/GitHub/RMAL/uam/ros_uam/install/dynamixel_sdk_custom_interfaces/share/dynamixel_sdk_custom_interfaces/package.dsv
[9.108s] -- Symlinking: /home/marcelo/Documents/GitHub/RMAL/uam/ros_uam/install/dynamixel_sdk_custom_interfaces/share/ament_index/resource_index/packages/dynamixel_sdk_custom_interfaces
[9.117s] -- Symlinking: /home/marcelo/Documents/GitHub/RMAL/uam/ros_uam/install/dynamixel_sdk_custom_interfaces/share/dynamixel_sdk_custom_interfaces/cmake/rosidl_cmake-extras.cmake
[9.126s] -- Symlinking: /home/marcelo/Documents/GitHub/RMAL/uam/ros_uam/install/dynamixel_sdk_custom_interfaces/share/dynamixel_sdk_custom_interfaces/cmake/ament_cmake_export_dependencies-extras.cmake
[9.134s] -- Symlinking: /home/marcelo/Documents/GitHub/RMAL/uam/ros_uam/install/dynamixel_sdk_custom_interfaces/share/dynamixel_sdk_custom_interfaces/cmake/ament_cmake_export_libraries-extras.cmake
[9.143s] -- Symlinking: /home/marcelo/Documents/GitHub/RMAL/uam/ros_uam/install/dynamixel_sdk_custom_interfaces/share/dynamixel_sdk_custom_interfaces/cmake/ament_cmake_export_targets-extras.cmake
[9.152s] -- Symlinking: /home/marcelo/Documents/GitHub/RMAL/uam/ros_uam/install/dynamixel_sdk_custom_interfaces/share/dynamixel_sdk_custom_interfaces/cmake/ament_cmake_export_include_directories-extras.cmake
[9.160s] -- Symlinking: /home/marcelo/Documents/GitHub/RMAL/uam/ros_uam/install/dynamixel_sdk_custom_interfaces/share/dynamixel_sdk_custom_interfaces/cmake/rosidl_cmake_export_typesupport_libraries-extras.cmake
[9.168s] -- Symlinking: /home/marcelo/Documents/GitHub/RMAL/uam/ros_uam/install/dynamixel_sdk_custom_interfaces/share/dynamixel_sdk_custom_interfaces/cmake/rosidl_cmake_export_typesupport_targets-extras.cmake
[9.176s] -- Symlinking: /home/marcelo/Documents/GitHub/RMAL/uam/ros_uam/install/dynamixel_sdk_custom_interfaces/share/dynamixel_sdk_custom_interfaces/cmake/dynamixel_sdk_custom_interfacesConfig.cmake
[9.184s] -- Symlinking: /home/marcelo/Documents/GitHub/RMAL/uam/ros_uam/install/dynamixel_sdk_custom_interfaces/share/dynamixel_sdk_custom_interfaces/cmake/dynamixel_sdk_custom_interfacesConfig-version.cmake
[9.192s] -- Symlinking: /home/marcelo/Documents/GitHub/RMAL/uam/ros_uam/install/dynamixel_sdk_custom_interfaces/share/dynamixel_sdk_custom_interfaces/package.xml
[9.200s] -- Installing: /home/marcelo/Documents/GitHub/RMAL/uam/ros_uam/install/dynamixel_sdk_custom_interfaces/lib/libdynamixel_sdk_custom_interfaces__rosidl_generator_c.so
[9.201s] -- Set runtime path of "/home/marcelo/Documents/GitHub/RMAL/uam/ros_uam/install/dynamixel_sdk_custom_interfaces/lib/libdynamixel_sdk_custom_interfaces__rosidl_generator_c.so" to ""
[9.201s] -- Installing: /home/marcelo/Documents/GitHub/RMAL/uam/ros_uam/install/dynamixel_sdk_custom_interfaces/lib/libdynamixel_sdk_custom_interfaces__rosidl_typesupport_introspection_c.so
[9.202s] -- Set runtime path of "/home/marcelo/Documents/GitHub/RMAL/uam/ros_uam/install/dynamixel_sdk_custom_interfaces/lib/libdynamixel_sdk_custom_interfaces__rosidl_typesupport_introspection_c.so" to ""
[9.202s] -- Installing: /home/marcelo/Documents/GitHub/RMAL/uam/ros_uam/install/dynamixel_sdk_custom_interfaces/lib/libdynamixel_sdk_custom_interfaces__rosidl_typesupport_c.so
[9.202s] -- Set runtime path of "/home/marcelo/Documents/GitHub/RMAL/uam/ros_uam/install/dynamixel_sdk_custom_interfaces/lib/libdynamixel_sdk_custom_interfaces__rosidl_typesupport_c.so" to ""
[9.203s] -- Installing: /home/marcelo/Documents/GitHub/RMAL/uam/ros_uam/install/dynamixel_sdk_custom_interfaces/lib/libdynamixel_sdk_custom_interfaces__rosidl_typesupport_introspection_cpp.so
[9.203s] -- Set runtime path of "/home/marcelo/Documents/GitHub/RMAL/uam/ros_uam/install/dynamixel_sdk_custom_interfaces/lib/libdynamixel_sdk_custom_interfaces__rosidl_typesupport_introspection_cpp.so" to ""
[9.204s] -- Installing: /home/marcelo/Documents/GitHub/RMAL/uam/ros_uam/install/dynamixel_sdk_custom_interfaces/lib/libdynamixel_sdk_custom_interfaces__rosidl_typesupport_cpp.so
[9.204s] -- Set runtime path of "/home/marcelo/Documents/GitHub/RMAL/uam/ros_uam/install/dynamixel_sdk_custom_interfaces/lib/libdynamixel_sdk_custom_interfaces__rosidl_typesupport_cpp.so" to ""
[9.231s] Compiling '/home/marcelo/Documents/GitHub/RMAL/uam/ros_uam/install/dynamixel_sdk_custom_interfaces/lib/python3.8/site-packages/dynamixel_sdk_custom_interfaces/__init__.py'...
[9.237s] -- Installing: /home/marcelo/Documents/GitHub/RMAL/uam/ros_uam/install/dynamixel_sdk_custom_interfaces/share/dynamixel_sdk_custom_interfaces/cmake/dynamixel_sdk_custom_interfaces__rosidl_generator_cExport.cmake
[9.237s] -- Installing: /home/marcelo/Documents/GitHub/RMAL/uam/ros_uam/install/dynamixel_sdk_custom_interfaces/share/dynamixel_sdk_custom_interfaces/cmake/dynamixel_sdk_custom_interfaces__rosidl_generator_cExport-noconfig.cmake
[9.238s] -- Installing: /home/marcelo/Documents/GitHub/RMAL/uam/ros_uam/install/dynamixel_sdk_custom_interfaces/share/dynamixel_sdk_custom_interfaces/cmake/dynamixel_sdk_custom_interfaces__rosidl_typesupport_introspection_cExport.cmake
[9.239s] -- Installing: /home/marcelo/Documents/GitHub/RMAL/uam/ros_uam/install/dynamixel_sdk_custom_interfaces/share/dynamixel_sdk_custom_interfaces/cmake/dynamixel_sdk_custom_interfaces__rosidl_typesupport_introspection_cExport-noconfig.cmake
[9.239s] -- Installing: /home/marcelo/Documents/GitHub/RMAL/uam/ros_uam/install/dynamixel_sdk_custom_interfaces/share/dynamixel_sdk_custom_interfaces/cmake/dynamixel_sdk_custom_interfaces__rosidl_typesupport_cExport.cmake
[9.241s] -- Installing: /home/marcelo/Documents/GitHub/RMAL/uam/ros_uam/install/dynamixel_sdk_custom_interfaces/share/dynamixel_sdk_custom_interfaces/cmake/dynamixel_sdk_custom_interfaces__rosidl_typesupport_cExport-noconfig.cmake
[9.242s] -- Installing: /home/marcelo/Documents/GitHub/RMAL/uam/ros_uam/install/dynamixel_sdk_custom_interfaces/share/dynamixel_sdk_custom_interfaces/cmake/dynamixel_sdk_custom_interfaces__rosidl_generator_cppExport.cmake
[9.243s] -- Installing: /home/marcelo/Documents/GitHub/RMAL/uam/ros_uam/install/dynamixel_sdk_custom_interfaces/share/dynamixel_sdk_custom_interfaces/cmake/dynamixel_sdk_custom_interfaces__rosidl_typesupport_introspection_cppExport.cmake
[9.243s] -- Installing: /home/marcelo/Documents/GitHub/RMAL/uam/ros_uam/install/dynamixel_sdk_custom_interfaces/share/dynamixel_sdk_custom_interfaces/cmake/dynamixel_sdk_custom_interfaces__rosidl_typesupport_introspection_cppExport-noconfig.cmake
[9.243s] -- Installing: /home/marcelo/Documents/GitHub/RMAL/uam/ros_uam/install/dynamixel_sdk_custom_interfaces/share/dynamixel_sdk_custom_interfaces/cmake/dynamixel_sdk_custom_interfaces__rosidl_typesupport_cppExport.cmake
[9.243s] -- Installing: /home/marcelo/Documents/GitHub/RMAL/uam/ros_uam/install/dynamixel_sdk_custom_interfaces/share/dynamixel_sdk_custom_interfaces/cmake/dynamixel_sdk_custom_interfaces__rosidl_typesupport_cppExport-noconfig.cmake
[9.249s] Invoked command in '/home/marcelo/Documents/GitHub/RMAL/uam/ros_uam/build/dynamixel_sdk_custom_interfaces' returned '0': CMAKE_PREFIX_PATH=/opt/ros/foxy /usr/bin/cmake --install /home/marcelo/Documents/GitHub/RMAL/uam/ros_uam/build/dynamixel_sdk_custom_interfaces
