[0.029s] Invoking command in '/home/marcelo/Documents/GitHub/RMAL/uam/ros_uam/build/open_manipulator_x_controller': AMENT_PREFIX_PATH=/home/marcelo/Documents/GitHub/RMAL/uam/ros_uam/install/open_manipulator_x_libs:/home/marcelo/Documents/GitHub/RMAL/uam/ros_uam/install/robotis_manipulator:/home/marcelo/Documents/GitHub/RMAL/uam/ros_uam/install/dynamixel_workbench_toolbox:/home/marcelo/Documents/GitHub/RMAL/uam/ros_uam/install/open_manipulator_msgs:/home/marcelo/Documents/GitHub/RMAL/uam/ros_uam/install/dynamixel_sdk:/home/marcelo/Documents/GitHub/RMAL/uam/ros_uam/install/cmake_modules:${AMENT_PREFIX_PATH} CMAKE_PREFIX_PATH=/home/marcelo/Documents/GitHub/RMAL/uam/ros_uam/install/open_manipulator_x_libs:/home/marcelo/Documents/GitHub/RMAL/uam/ros_uam/install/robotis_manipulator:/home/marcelo/Documents/GitHub/RMAL/uam/ros_uam/install/dynamixel_workbench_toolbox:/home/marcelo/Documents/GitHub/RMAL/uam/ros_uam/install/open_manipulator_msgs:/home/marcelo/Documents/GitHub/RMAL/uam/ros_uam/install/dynamixel_sdk:/home/marcelo/Documents/GitHub/RMAL/uam/ros_uam/install/cmake_modules:/opt/ros/foxy LD_LIBRARY_PATH=/home/marcelo/Documents/GitHub/RMAL/uam/ros_uam/install/open_manipulator_x_libs/lib:/home/marcelo/Documents/GitHub/RMAL/uam/ros_uam/install/robotis_manipulator/lib:/home/marcelo/Documents/GitHub/RMAL/uam/ros_uam/install/dynamixel_workbench_toolbox/lib:/home/marcelo/Documents/GitHub/RMAL/uam/ros_uam/install/open_manipulator_msgs/lib:/home/marcelo/Documents/GitHub/RMAL/uam/ros_uam/install/dynamixel_sdk/lib:${LD_LIBRARY_PATH} PYTHONPATH=/home/marcelo/Documents/GitHub/RMAL/uam/ros_uam/install/open_manipulator_msgs/lib/python3.8/site-packages:${PYTHONPATH} /usr/bin/cmake /home/marcelo/Documents/GitHub/RMAL/uam/ros_uam/src/open_manipulator/open_manipulator_x_controller -DAMENT_CMAKE_SYMLINK_INSTALL=1 -DCMAKE_INSTALL_PREFIX=/home/marcelo/Documents/GitHub/RMAL/uam/ros_uam/install/open_manipulator_x_controller
[0.112s] -- The C compiler identification is GNU 9.4.0
[0.179s] -- The CXX compiler identification is GNU 9.4.0
[0.187s] -- Check for working C compiler: /usr/bin/cc
[0.287s] -- Check for working C compiler: /usr/bin/cc -- works
[0.289s] -- Detecting C compiler ABI info
[0.384s] -- Detecting C compiler ABI info - done
[0.398s] -- Detecting C compile features
[0.399s] -- Detecting C compile features - done
[0.401s] -- Check for working CXX compiler: /usr/bin/c++
[0.509s] -- Check for working CXX compiler: /usr/bin/c++ -- works
[0.512s] -- Detecting CXX compiler ABI info
[0.613s] -- Detecting CXX compiler ABI info - done
[0.630s] -- Detecting CXX compile features
[0.630s] -- Detecting CXX compile features - done
[0.632s] -- Found ament_cmake: 0.9.11 (/opt/ros/foxy/share/ament_cmake/cmake)
[0.659s] -- Found PythonInterp: /usr/bin/python3 (found suitable version "3.8.10", minimum required is "3") 
[0.659s] -- Using PYTHON_EXECUTABLE: /usr/bin/python3
[0.808s] -- Override CMake install command with custom implementation using symlinks instead of copying resources
[0.841s] -- Found geometry_msgs: 2.0.5 (/opt/ros/foxy/share/geometry_msgs/cmake)
[0.871s] -- Using all available rosidl_typesupport_c: rosidl_typesupport_fastrtps_c;rosidl_typesupport_introspection_c
[0.877s] -- Found rosidl_adapter: 1.3.0 (/opt/ros/foxy/share/rosidl_adapter/cmake)
[1.008s] -- Found OpenSSL: /usr/lib/x86_64-linux-gnu/libcrypto.so (found version "1.1.1f")  
[1.044s] -- Found FastRTPS: /opt/ros/foxy/include  
[1.130s] -- Using all available rosidl_typesupport_cpp: rosidl_typesupport_fastrtps_cpp;rosidl_typesupport_introspection_cpp
[1.205s] -- Found open_manipulator_msgs: 2.2.0 (/home/marcelo/Documents/GitHub/RMAL/uam/ros_uam/install/open_manipulator_msgs/share/open_manipulator_msgs/cmake)
[1.278s] -- Found open_manipulator_x_libs: 2.3.0 (/home/marcelo/Documents/GitHub/RMAL/uam/ros_uam/install/open_manipulator_x_libs/share/open_manipulator_x_libs/cmake)
[1.324s] -- Found rmw_implementation_cmake: 1.0.4 (/opt/ros/foxy/share/rmw_implementation_cmake/cmake)
[1.325s] -- Using RMW implementation 'rmw_fastrtps_cpp' as default
[1.326s] -- Looking for pthread.h
[1.429s] -- Looking for pthread.h - found
[1.430s] -- Performing Test CMAKE_HAVE_LIBC_PTHREAD
[1.533s] -- Performing Test CMAKE_HAVE_LIBC_PTHREAD - Failed
[1.534s] -- Looking for pthread_create in pthreads
[1.626s] -- Looking for pthread_create in pthreads - not found
[1.626s] -- Looking for pthread_create in pthread
[1.712s] -- Looking for pthread_create in pthread - found
[1.715s] -- Found Threads: TRUE  
[1.868s] -- Found sensor_msgs: 2.0.5 (/opt/ros/foxy/share/sensor_msgs/cmake)
[1.946s] -- Found trajectory_msgs: 2.0.5 (/opt/ros/foxy/share/trajectory_msgs/cmake)
[2.103s] -- Configuring done
[2.117s] -- Generating done
[2.118s] -- Build files have been written to: /home/marcelo/Documents/GitHub/RMAL/uam/ros_uam/build/open_manipulator_x_controller
[2.126s] Invoked command in '/home/marcelo/Documents/GitHub/RMAL/uam/ros_uam/build/open_manipulator_x_controller' returned '0': AMENT_PREFIX_PATH=/home/marcelo/Documents/GitHub/RMAL/uam/ros_uam/install/open_manipulator_x_libs:/home/marcelo/Documents/GitHub/RMAL/uam/ros_uam/install/robotis_manipulator:/home/marcelo/Documents/GitHub/RMAL/uam/ros_uam/install/dynamixel_workbench_toolbox:/home/marcelo/Documents/GitHub/RMAL/uam/ros_uam/install/open_manipulator_msgs:/home/marcelo/Documents/GitHub/RMAL/uam/ros_uam/install/dynamixel_sdk:/home/marcelo/Documents/GitHub/RMAL/uam/ros_uam/install/cmake_modules:${AMENT_PREFIX_PATH} CMAKE_PREFIX_PATH=/home/marcelo/Documents/GitHub/RMAL/uam/ros_uam/install/open_manipulator_x_libs:/home/marcelo/Documents/GitHub/RMAL/uam/ros_uam/install/robotis_manipulator:/home/marcelo/Documents/GitHub/RMAL/uam/ros_uam/install/dynamixel_workbench_toolbox:/home/marcelo/Documents/GitHub/RMAL/uam/ros_uam/install/open_manipulator_msgs:/home/marcelo/Documents/GitHub/RMAL/uam/ros_uam/install/dynamixel_sdk:/home/marcelo/Documents/GitHub/RMAL/uam/ros_uam/install/cmake_modules:/opt/ros/foxy LD_LIBRARY_PATH=/home/marcelo/Documents/GitHub/RMAL/uam/ros_uam/install/open_manipulator_x_libs/lib:/home/marcelo/Documents/GitHub/RMAL/uam/ros_uam/install/robotis_manipulator/lib:/home/marcelo/Documents/GitHub/RMAL/uam/ros_uam/install/dynamixel_workbench_toolbox/lib:/home/marcelo/Documents/GitHub/RMAL/uam/ros_uam/install/open_manipulator_msgs/lib:/home/marcelo/Documents/GitHub/RMAL/uam/ros_uam/install/dynamixel_sdk/lib:${LD_LIBRARY_PATH} PYTHONPATH=/home/marcelo/Documents/GitHub/RMAL/uam/ros_uam/install/open_manipulator_msgs/lib/python3.8/site-packages:${PYTHONPATH} /usr/bin/cmake /home/marcelo/Documents/GitHub/RMAL/uam/ros_uam/src/open_manipulator/open_manipulator_x_controller -DAMENT_CMAKE_SYMLINK_INSTALL=1 -DCMAKE_INSTALL_PREFIX=/home/marcelo/Documents/GitHub/RMAL/uam/ros_uam/install/open_manipulator_x_controller
[2.131s] Invoking command in '/home/marcelo/Documents/GitHub/RMAL/uam/ros_uam/build/open_manipulator_x_controller': AMENT_PREFIX_PATH=/home/marcelo/Documents/GitHub/RMAL/uam/ros_uam/install/open_manipulator_x_libs:/home/marcelo/Documents/GitHub/RMAL/uam/ros_uam/install/robotis_manipulator:/home/marcelo/Documents/GitHub/RMAL/uam/ros_uam/install/dynamixel_workbench_toolbox:/home/marcelo/Documents/GitHub/RMAL/uam/ros_uam/install/open_manipulator_msgs:/home/marcelo/Documents/GitHub/RMAL/uam/ros_uam/install/dynamixel_sdk:/home/marcelo/Documents/GitHub/RMAL/uam/ros_uam/install/cmake_modules:${AMENT_PREFIX_PATH} CMAKE_PREFIX_PATH=/home/marcelo/Documents/GitHub/RMAL/uam/ros_uam/install/open_manipulator_x_libs:/home/marcelo/Documents/GitHub/RMAL/uam/ros_uam/install/robotis_manipulator:/home/marcelo/Documents/GitHub/RMAL/uam/ros_uam/install/dynamixel_workbench_toolbox:/home/marcelo/Documents/GitHub/RMAL/uam/ros_uam/install/open_manipulator_msgs:/home/marcelo/Documents/GitHub/RMAL/uam/ros_uam/install/dynamixel_sdk:/home/marcelo/Documents/GitHub/RMAL/uam/ros_uam/install/cmake_modules:/opt/ros/foxy LD_LIBRARY_PATH=/home/marcelo/Documents/GitHub/RMAL/uam/ros_uam/install/open_manipulator_x_libs/lib:/home/marcelo/Documents/GitHub/RMAL/uam/ros_uam/install/robotis_manipulator/lib:/home/marcelo/Documents/GitHub/RMAL/uam/ros_uam/install/dynamixel_workbench_toolbox/lib:/home/marcelo/Documents/GitHub/RMAL/uam/ros_uam/install/open_manipulator_msgs/lib:/home/marcelo/Documents/GitHub/RMAL/uam/ros_uam/install/dynamixel_sdk/lib:${LD_LIBRARY_PATH} PYTHONPATH=/home/marcelo/Documents/GitHub/RMAL/uam/ros_uam/install/open_manipulator_msgs/lib/python3.8/site-packages:${PYTHONPATH} /usr/bin/cmake --build /home/marcelo/Documents/GitHub/RMAL/uam/ros_uam/build/open_manipulator_x_controller -- -j6 -l6
[2.190s] [35m[1mScanning dependencies of target open_manipulator_x_controller[0m
[2.248s] [ 50%] [32mBuilding CXX object CMakeFiles/open_manipulator_x_controller.dir/src/open_manipulator_x_controller.cpp.o[0m
[4.253s] [01m[K/home/marcelo/Documents/GitHub/RMAL/uam/ros_uam/src/open_manipulator/open_manipulator_x_controller/src/open_manipulator_x_controller.cpp:[m[K In member function ‘[01m[Kvoid open_manipulator_x_controller::OpenManipulatorXController::init_publisher()[m[K’:
[4.253s] [01m[K/home/marcelo/Documents/GitHub/RMAL/uam/ros_uam/src/open_manipulator/open_manipulator_x_controller/src/open_manipulator_x_controller.cpp:103:21:[m[K [01;35m[Kwarning: [m[Kunused variable ‘[01m[Kname[m[K’ [[01;35m[K-Wunused-variable[m[K]
[4.253s]   103 |   for (auto const & [01;35m[Kname[m[K:tools_name)
[4.254s]       |                     [01;35m[K^~~~[m[K
[10.109s] [100%] [32m[1mLinking CXX executable open_manipulator_x_controller[0m
[10.743s] [100%] Built target open_manipulator_x_controller
[10.754s] Invoked command in '/home/marcelo/Documents/GitHub/RMAL/uam/ros_uam/build/open_manipulator_x_controller' returned '0': AMENT_PREFIX_PATH=/home/marcelo/Documents/GitHub/RMAL/uam/ros_uam/install/open_manipulator_x_libs:/home/marcelo/Documents/GitHub/RMAL/uam/ros_uam/install/robotis_manipulator:/home/marcelo/Documents/GitHub/RMAL/uam/ros_uam/install/dynamixel_workbench_toolbox:/home/marcelo/Documents/GitHub/RMAL/uam/ros_uam/install/open_manipulator_msgs:/home/marcelo/Documents/GitHub/RMAL/uam/ros_uam/install/dynamixel_sdk:/home/marcelo/Documents/GitHub/RMAL/uam/ros_uam/install/cmake_modules:${AMENT_PREFIX_PATH} CMAKE_PREFIX_PATH=/home/marcelo/Documents/GitHub/RMAL/uam/ros_uam/install/open_manipulator_x_libs:/home/marcelo/Documents/GitHub/RMAL/uam/ros_uam/install/robotis_manipulator:/home/marcelo/Documents/GitHub/RMAL/uam/ros_uam/install/dynamixel_workbench_toolbox:/home/marcelo/Documents/GitHub/RMAL/uam/ros_uam/install/open_manipulator_msgs:/home/marcelo/Documents/GitHub/RMAL/uam/ros_uam/install/dynamixel_sdk:/home/marcelo/Documents/GitHub/RMAL/uam/ros_uam/install/cmake_modules:/opt/ros/foxy LD_LIBRARY_PATH=/home/marcelo/Documents/GitHub/RMAL/uam/ros_uam/install/open_manipulator_x_libs/lib:/home/marcelo/Documents/GitHub/RMAL/uam/ros_uam/install/robotis_manipulator/lib:/home/marcelo/Documents/GitHub/RMAL/uam/ros_uam/install/dynamixel_workbench_toolbox/lib:/home/marcelo/Documents/GitHub/RMAL/uam/ros_uam/install/open_manipulator_msgs/lib:/home/marcelo/Documents/GitHub/RMAL/uam/ros_uam/install/dynamixel_sdk/lib:${LD_LIBRARY_PATH} PYTHONPATH=/home/marcelo/Documents/GitHub/RMAL/uam/ros_uam/install/open_manipulator_msgs/lib/python3.8/site-packages:${PYTHONPATH} /usr/bin/cmake --build /home/marcelo/Documents/GitHub/RMAL/uam/ros_uam/build/open_manipulator_x_controller -- -j6 -l6
[10.792s] Invoking command in '/home/marcelo/Documents/GitHub/RMAL/uam/ros_uam/build/open_manipulator_x_controller': AMENT_PREFIX_PATH=/home/marcelo/Documents/GitHub/RMAL/uam/ros_uam/install/open_manipulator_x_libs:/home/marcelo/Documents/GitHub/RMAL/uam/ros_uam/install/robotis_manipulator:/home/marcelo/Documents/GitHub/RMAL/uam/ros_uam/install/dynamixel_workbench_toolbox:/home/marcelo/Documents/GitHub/RMAL/uam/ros_uam/install/open_manipulator_msgs:/home/marcelo/Documents/GitHub/RMAL/uam/ros_uam/install/dynamixel_sdk:/home/marcelo/Documents/GitHub/RMAL/uam/ros_uam/install/cmake_modules:${AMENT_PREFIX_PATH} CMAKE_PREFIX_PATH=/home/marcelo/Documents/GitHub/RMAL/uam/ros_uam/install/open_manipulator_x_libs:/home/marcelo/Documents/GitHub/RMAL/uam/ros_uam/install/robotis_manipulator:/home/marcelo/Documents/GitHub/RMAL/uam/ros_uam/install/dynamixel_workbench_toolbox:/home/marcelo/Documents/GitHub/RMAL/uam/ros_uam/install/open_manipulator_msgs:/home/marcelo/Documents/GitHub/RMAL/uam/ros_uam/install/dynamixel_sdk:/home/marcelo/Documents/GitHub/RMAL/uam/ros_uam/install/cmake_modules:/opt/ros/foxy LD_LIBRARY_PATH=/home/marcelo/Documents/GitHub/RMAL/uam/ros_uam/install/open_manipulator_x_libs/lib:/home/marcelo/Documents/GitHub/RMAL/uam/ros_uam/install/robotis_manipulator/lib:/home/marcelo/Documents/GitHub/RMAL/uam/ros_uam/install/dynamixel_workbench_toolbox/lib:/home/marcelo/Documents/GitHub/RMAL/uam/ros_uam/install/open_manipulator_msgs/lib:/home/marcelo/Documents/GitHub/RMAL/uam/ros_uam/install/dynamixel_sdk/lib:${LD_LIBRARY_PATH} PYTHONPATH=/home/marcelo/Documents/GitHub/RMAL/uam/ros_uam/install/open_manipulator_msgs/lib/python3.8/site-packages:${PYTHONPATH} /usr/bin/cmake --install /home/marcelo/Documents/GitHub/RMAL/uam/ros_uam/build/open_manipulator_x_controller
[10.798s] -- Install configuration: ""
[10.799s] -- Execute custom install script
[10.799s] -- Symlinking: /home/marcelo/Documents/GitHub/RMAL/uam/ros_uam/install/open_manipulator_x_controller/lib/open_manipulator_x_controller/open_manipulator_x_controller
[10.813s] -- Symlinking: /home/marcelo/Documents/GitHub/RMAL/uam/ros_uam/install/open_manipulator_x_controller/share/open_manipulator_x_controller/99-open-manipulator-cdc.rules
[10.827s] -- Symlinking: /home/marcelo/Documents/GitHub/RMAL/uam/ros_uam/install/open_manipulator_x_controller/share/open_manipulator_x_controller/launch/open_manipulator_x_controller.launch.py
[10.839s] -- Symlinking: /home/marcelo/Documents/GitHub/RMAL/uam/ros_uam/install/open_manipulator_x_controller/share/open_manipulator_x_controller/param/open_manipulator_x_controller_params.yaml
[10.854s] -- Symlinking: /home/marcelo/Documents/GitHub/RMAL/uam/ros_uam/install/open_manipulator_x_controller/lib/open_manipulator_x_controller/create_udev_rules
[10.867s] -- Symlinking: /home/marcelo/Documents/GitHub/RMAL/uam/ros_uam/install/open_manipulator_x_controller/share/ament_index/resource_index/package_run_dependencies/open_manipulator_x_controller
[10.882s] -- Symlinking: /home/marcelo/Documents/GitHub/RMAL/uam/ros_uam/install/open_manipulator_x_controller/share/ament_index/resource_index/parent_prefix_path/open_manipulator_x_controller
[10.898s] -- Symlinking: /home/marcelo/Documents/GitHub/RMAL/uam/ros_uam/install/open_manipulator_x_controller/share/open_manipulator_x_controller/environment/ament_prefix_path.sh
[10.914s] -- Symlinking: /home/marcelo/Documents/GitHub/RMAL/uam/ros_uam/install/open_manipulator_x_controller/share/open_manipulator_x_controller/environment/ament_prefix_path.dsv
[10.927s] -- Symlinking: /home/marcelo/Documents/GitHub/RMAL/uam/ros_uam/install/open_manipulator_x_controller/share/open_manipulator_x_controller/environment/path.sh
[10.942s] -- Symlinking: /home/marcelo/Documents/GitHub/RMAL/uam/ros_uam/install/open_manipulator_x_controller/share/open_manipulator_x_controller/environment/path.dsv
[10.955s] -- Symlinking: /home/marcelo/Documents/GitHub/RMAL/uam/ros_uam/install/open_manipulator_x_controller/share/open_manipulator_x_controller/local_setup.bash
[10.971s] -- Symlinking: /home/marcelo/Documents/GitHub/RMAL/uam/ros_uam/install/open_manipulator_x_controller/share/open_manipulator_x_controller/local_setup.sh
[10.987s] -- Symlinking: /home/marcelo/Documents/GitHub/RMAL/uam/ros_uam/install/open_manipulator_x_controller/share/open_manipulator_x_controller/local_setup.zsh
[11.001s] -- Symlinking: /home/marcelo/Documents/GitHub/RMAL/uam/ros_uam/install/open_manipulator_x_controller/share/open_manipulator_x_controller/local_setup.dsv
[11.013s] -- Symlinking: /home/marcelo/Documents/GitHub/RMAL/uam/ros_uam/install/open_manipulator_x_controller/share/open_manipulator_x_controller/package.dsv
[11.029s] -- Symlinking: /home/marcelo/Documents/GitHub/RMAL/uam/ros_uam/install/open_manipulator_x_controller/share/ament_index/resource_index/packages/open_manipulator_x_controller
[11.043s] -- Symlinking: /home/marcelo/Documents/GitHub/RMAL/uam/ros_uam/install/open_manipulator_x_controller/share/open_manipulator_x_controller/cmake/ament_cmake_export_include_directories-extras.cmake
[11.051s] -- Symlinking: /home/marcelo/Documents/GitHub/RMAL/uam/ros_uam/install/open_manipulator_x_controller/share/open_manipulator_x_controller/cmake/ament_cmake_export_dependencies-extras.cmake
[11.066s] -- Symlinking: /home/marcelo/Documents/GitHub/RMAL/uam/ros_uam/install/open_manipulator_x_controller/share/open_manipulator_x_controller/cmake/open_manipulator_x_controllerConfig.cmake
[11.079s] -- Symlinking: /home/marcelo/Documents/GitHub/RMAL/uam/ros_uam/install/open_manipulator_x_controller/share/open_manipulator_x_controller/cmake/open_manipulator_x_controllerConfig-version.cmake
[11.095s] -- Symlinking: /home/marcelo/Documents/GitHub/RMAL/uam/ros_uam/install/open_manipulator_x_controller/share/open_manipulator_x_controller/package.xml
[11.113s] Invoked command in '/home/marcelo/Documents/GitHub/RMAL/uam/ros_uam/build/open_manipulator_x_controller' returned '0': AMENT_PREFIX_PATH=/home/marcelo/Documents/GitHub/RMAL/uam/ros_uam/install/open_manipulator_x_libs:/home/marcelo/Documents/GitHub/RMAL/uam/ros_uam/install/robotis_manipulator:/home/marcelo/Documents/GitHub/RMAL/uam/ros_uam/install/dynamixel_workbench_toolbox:/home/marcelo/Documents/GitHub/RMAL/uam/ros_uam/install/open_manipulator_msgs:/home/marcelo/Documents/GitHub/RMAL/uam/ros_uam/install/dynamixel_sdk:/home/marcelo/Documents/GitHub/RMAL/uam/ros_uam/install/cmake_modules:${AMENT_PREFIX_PATH} CMAKE_PREFIX_PATH=/home/marcelo/Documents/GitHub/RMAL/uam/ros_uam/install/open_manipulator_x_libs:/home/marcelo/Documents/GitHub/RMAL/uam/ros_uam/install/robotis_manipulator:/home/marcelo/Documents/GitHub/RMAL/uam/ros_uam/install/dynamixel_workbench_toolbox:/home/marcelo/Documents/GitHub/RMAL/uam/ros_uam/install/open_manipulator_msgs:/home/marcelo/Documents/GitHub/RMAL/uam/ros_uam/install/dynamixel_sdk:/home/marcelo/Documents/GitHub/RMAL/uam/ros_uam/install/cmake_modules:/opt/ros/foxy LD_LIBRARY_PATH=/home/marcelo/Documents/GitHub/RMAL/uam/ros_uam/install/open_manipulator_x_libs/lib:/home/marcelo/Documents/GitHub/RMAL/uam/ros_uam/install/robotis_manipulator/lib:/home/marcelo/Documents/GitHub/RMAL/uam/ros_uam/install/dynamixel_workbench_toolbox/lib:/home/marcelo/Documents/GitHub/RMAL/uam/ros_uam/install/open_manipulator_msgs/lib:/home/marcelo/Documents/GitHub/RMAL/uam/ros_uam/install/dynamixel_sdk/lib:${LD_LIBRARY_PATH} PYTHONPATH=/home/marcelo/Documents/GitHub/RMAL/uam/ros_uam/install/open_manipulator_msgs/lib/python3.8/site-packages:${PYTHONPATH} /usr/bin/cmake --install /home/marcelo/Documents/GitHub/RMAL/uam/ros_uam/build/open_manipulator_x_controller
