[0.065s] Invoking command in '/home/marcelo/Documents/GitHub/RMAL/uam/ros_uam/build/dynamixel_sdk_examples': AMENT_PREFIX_PATH=/home/marcelo/Documents/GitHub/RMAL/uam/ros_uam/install/dynamixel_sdk_custom_interfaces:/home/marcelo/Documents/GitHub/RMAL/uam/ros_uam/install/dynamixel_sdk:${AMENT_PREFIX_PATH} CMAKE_PREFIX_PATH=/home/marcelo/Documents/GitHub/RMAL/uam/ros_uam/install/dynamixel_sdk_custom_interfaces:/home/marcelo/Documents/GitHub/RMAL/uam/ros_uam/install/dynamixel_sdk:/opt/ros/foxy LD_LIBRARY_PATH=/home/marcelo/Documents/GitHub/RMAL/uam/ros_uam/install/dynamixel_sdk_custom_interfaces/lib:/home/marcelo/Documents/GitHub/RMAL/uam/ros_uam/install/dynamixel_sdk/lib:${LD_LIBRARY_PATH} PYTHONPATH=/home/marcelo/Documents/GitHub/RMAL/uam/ros_uam/install/dynamixel_sdk_custom_interfaces/lib/python3.8/site-packages:${PYTHONPATH} /usr/bin/cmake /home/marcelo/Documents/GitHub/RMAL/uam/ros_uam/src/DynamixelSDK/dynamixel_sdk_examples -DAMENT_CMAKE_SYMLINK_INSTALL=1 -DCMAKE_INSTALL_PREFIX=/home/marcelo/Documents/GitHub/RMAL/uam/ros_uam/install/dynamixel_sdk_examples
[0.226s] -- The C compiler identification is GNU 9.4.0
[0.293s] -- The CXX compiler identification is GNU 9.4.0
[0.293s] -- Check for working C compiler: /usr/bin/cc
[0.374s] -- Check for working C compiler: /usr/bin/cc -- works
[0.376s] -- Detecting C compiler ABI info
[0.468s] -- Detecting C compiler ABI info - done
[0.486s] -- Detecting C compile features
[0.486s] -- Detecting C compile features - done
[0.488s] -- Check for working CXX compiler: /usr/bin/c++
[0.587s] -- Check for working CXX compiler: /usr/bin/c++ -- works
[0.589s] -- Detecting CXX compiler ABI info
[0.678s] -- Detecting CXX compiler ABI info - done
[0.698s] -- Detecting CXX compile features
[0.698s] -- Detecting CXX compile features - done
[0.699s] -- Found ament_cmake: 0.9.11 (/opt/ros/foxy/share/ament_cmake/cmake)
[0.727s] -- Found PythonInterp: /usr/bin/python3 (found suitable version "3.8.10", minimum required is "3") 
[0.727s] -- Using PYTHON_EXECUTABLE: /usr/bin/python3
[0.875s] -- Override CMake install command with custom implementation using symlinks instead of copying resources
[0.896s] -- Found dynamixel_sdk: 3.7.40 (/home/marcelo/Documents/GitHub/RMAL/uam/ros_uam/install/dynamixel_sdk/share/dynamixel_sdk/cmake)
[0.899s] -- Found dynamixel_sdk_custom_interfaces: 3.7.40 (/home/marcelo/Documents/GitHub/RMAL/uam/ros_uam/install/dynamixel_sdk_custom_interfaces/share/dynamixel_sdk_custom_interfaces/cmake)
[0.941s] -- Using all available rosidl_typesupport_c: rosidl_typesupport_fastrtps_c;rosidl_typesupport_introspection_c
[0.946s] -- Found rosidl_adapter: 1.3.0 (/opt/ros/foxy/share/rosidl_adapter/cmake)
[1.033s] -- Found OpenSSL: /usr/lib/x86_64-linux-gnu/libcrypto.so (found version "1.1.1f")  
[1.063s] -- Found FastRTPS: /opt/ros/foxy/include  
[1.134s] -- Using all available rosidl_typesupport_cpp: rosidl_typesupport_fastrtps_cpp;rosidl_typesupport_introspection_cpp
[1.176s] -- Found rclcpp: 2.4.2 (/opt/ros/foxy/share/rclcpp/cmake)
[1.214s] -- Found rmw_implementation_cmake: 1.0.4 (/opt/ros/foxy/share/rmw_implementation_cmake/cmake)
[1.215s] -- Using RMW implementation 'rmw_fastrtps_cpp' as default
[1.216s] -- Looking for pthread.h
[1.302s] -- Looking for pthread.h - found
[1.303s] -- Performing Test CMAKE_HAVE_LIBC_PTHREAD
[1.404s] -- Performing Test CMAKE_HAVE_LIBC_PTHREAD - Failed
[1.404s] -- Looking for pthread_create in pthreads
[1.491s] -- Looking for pthread_create in pthreads - not found
[1.491s] -- Looking for pthread_create in pthread
[1.575s] -- Looking for pthread_create in pthread - found
[1.577s] -- Found Threads: TRUE  
[1.718s] -- Found ament_lint_auto: 0.9.8 (/opt/ros/foxy/share/ament_lint_auto/cmake)
[1.799s] -- Added test 'copyright' to check source files copyright and LICENSE
[1.800s] -- Added test 'cppcheck' to perform static code analysis on C / C++ code
[1.800s] -- Configured cppcheck include dirs: /home/marcelo/Documents/GitHub/RMAL/uam/ros_uam/src/DynamixelSDK/dynamixel_sdk_examples/include
[1.800s] -- Configured cppcheck exclude dirs and/or files: 
[1.801s] -- Added test 'cpplint' to check C / C++ code against the Google style
[1.801s] -- Configured cpplint exclude dirs and/or files: 
[1.802s] -- Added test 'lint_cmake' to check CMake code style
[1.803s] -- Added test 'uncrustify' to check C / C++ code style
[1.804s] -- Configured uncrustify additional arguments: 
[1.804s] -- Added test 'xmllint' to check XML markup files
[1.806s] -- Configuring done
[1.812s] -- Generating done
[1.814s] -- Build files have been written to: /home/marcelo/Documents/GitHub/RMAL/uam/ros_uam/build/dynamixel_sdk_examples
[1.824s] Invoked command in '/home/marcelo/Documents/GitHub/RMAL/uam/ros_uam/build/dynamixel_sdk_examples' returned '0': AMENT_PREFIX_PATH=/home/marcelo/Documents/GitHub/RMAL/uam/ros_uam/install/dynamixel_sdk_custom_interfaces:/home/marcelo/Documents/GitHub/RMAL/uam/ros_uam/install/dynamixel_sdk:${AMENT_PREFIX_PATH} CMAKE_PREFIX_PATH=/home/marcelo/Documents/GitHub/RMAL/uam/ros_uam/install/dynamixel_sdk_custom_interfaces:/home/marcelo/Documents/GitHub/RMAL/uam/ros_uam/install/dynamixel_sdk:/opt/ros/foxy LD_LIBRARY_PATH=/home/marcelo/Documents/GitHub/RMAL/uam/ros_uam/install/dynamixel_sdk_custom_interfaces/lib:/home/marcelo/Documents/GitHub/RMAL/uam/ros_uam/install/dynamixel_sdk/lib:${LD_LIBRARY_PATH} PYTHONPATH=/home/marcelo/Documents/GitHub/RMAL/uam/ros_uam/install/dynamixel_sdk_custom_interfaces/lib/python3.8/site-packages:${PYTHONPATH} /usr/bin/cmake /home/marcelo/Documents/GitHub/RMAL/uam/ros_uam/src/DynamixelSDK/dynamixel_sdk_examples -DAMENT_CMAKE_SYMLINK_INSTALL=1 -DCMAKE_INSTALL_PREFIX=/home/marcelo/Documents/GitHub/RMAL/uam/ros_uam/install/dynamixel_sdk_examples
[1.825s] Invoking command in '/home/marcelo/Documents/GitHub/RMAL/uam/ros_uam/build/dynamixel_sdk_examples': AMENT_PREFIX_PATH=/home/marcelo/Documents/GitHub/RMAL/uam/ros_uam/install/dynamixel_sdk_custom_interfaces:/home/marcelo/Documents/GitHub/RMAL/uam/ros_uam/install/dynamixel_sdk:${AMENT_PREFIX_PATH} CMAKE_PREFIX_PATH=/home/marcelo/Documents/GitHub/RMAL/uam/ros_uam/install/dynamixel_sdk_custom_interfaces:/home/marcelo/Documents/GitHub/RMAL/uam/ros_uam/install/dynamixel_sdk:/opt/ros/foxy LD_LIBRARY_PATH=/home/marcelo/Documents/GitHub/RMAL/uam/ros_uam/install/dynamixel_sdk_custom_interfaces/lib:/home/marcelo/Documents/GitHub/RMAL/uam/ros_uam/install/dynamixel_sdk/lib:${LD_LIBRARY_PATH} PYTHONPATH=/home/marcelo/Documents/GitHub/RMAL/uam/ros_uam/install/dynamixel_sdk_custom_interfaces/lib/python3.8/site-packages:${PYTHONPATH} /usr/bin/cmake --build /home/marcelo/Documents/GitHub/RMAL/uam/ros_uam/build/dynamixel_sdk_examples -- -j6 -l6
[1.880s] [35m[1mScanning dependencies of target read_write_node[0m
[1.969s] [ 50%] [32mBuilding CXX object CMakeFiles/read_write_node.dir/src/read_write_node.cpp.o[0m
[6.959s] [100%] [32m[1mLinking CXX executable read_write_node[0m
[7.232s] [100%] Built target read_write_node
[7.249s] Invoked command in '/home/marcelo/Documents/GitHub/RMAL/uam/ros_uam/build/dynamixel_sdk_examples' returned '0': AMENT_PREFIX_PATH=/home/marcelo/Documents/GitHub/RMAL/uam/ros_uam/install/dynamixel_sdk_custom_interfaces:/home/marcelo/Documents/GitHub/RMAL/uam/ros_uam/install/dynamixel_sdk:${AMENT_PREFIX_PATH} CMAKE_PREFIX_PATH=/home/marcelo/Documents/GitHub/RMAL/uam/ros_uam/install/dynamixel_sdk_custom_interfaces:/home/marcelo/Documents/GitHub/RMAL/uam/ros_uam/install/dynamixel_sdk:/opt/ros/foxy LD_LIBRARY_PATH=/home/marcelo/Documents/GitHub/RMAL/uam/ros_uam/install/dynamixel_sdk_custom_interfaces/lib:/home/marcelo/Documents/GitHub/RMAL/uam/ros_uam/install/dynamixel_sdk/lib:${LD_LIBRARY_PATH} PYTHONPATH=/home/marcelo/Documents/GitHub/RMAL/uam/ros_uam/install/dynamixel_sdk_custom_interfaces/lib/python3.8/site-packages:${PYTHONPATH} /usr/bin/cmake --build /home/marcelo/Documents/GitHub/RMAL/uam/ros_uam/build/dynamixel_sdk_examples -- -j6 -l6
[7.285s] Invoking command in '/home/marcelo/Documents/GitHub/RMAL/uam/ros_uam/build/dynamixel_sdk_examples': AMENT_PREFIX_PATH=/home/marcelo/Documents/GitHub/RMAL/uam/ros_uam/install/dynamixel_sdk_custom_interfaces:/home/marcelo/Documents/GitHub/RMAL/uam/ros_uam/install/dynamixel_sdk:${AMENT_PREFIX_PATH} CMAKE_PREFIX_PATH=/home/marcelo/Documents/GitHub/RMAL/uam/ros_uam/install/dynamixel_sdk_custom_interfaces:/home/marcelo/Documents/GitHub/RMAL/uam/ros_uam/install/dynamixel_sdk:/opt/ros/foxy LD_LIBRARY_PATH=/home/marcelo/Documents/GitHub/RMAL/uam/ros_uam/install/dynamixel_sdk_custom_interfaces/lib:/home/marcelo/Documents/GitHub/RMAL/uam/ros_uam/install/dynamixel_sdk/lib:${LD_LIBRARY_PATH} PYTHONPATH=/home/marcelo/Documents/GitHub/RMAL/uam/ros_uam/install/dynamixel_sdk_custom_interfaces/lib/python3.8/site-packages:${PYTHONPATH} /usr/bin/cmake --install /home/marcelo/Documents/GitHub/RMAL/uam/ros_uam/build/dynamixel_sdk_examples
[7.298s] -- Install configuration: ""
[7.298s] -- Execute custom install script
[7.299s] -- Symlinking: /home/marcelo/Documents/GitHub/RMAL/uam/ros_uam/install/dynamixel_sdk_examples/lib/dynamixel_sdk_examples/read_write_node
[7.315s] -- Symlinking: /home/marcelo/Documents/GitHub/RMAL/uam/ros_uam/install/dynamixel_sdk_examples/share/ament_index/resource_index/package_run_dependencies/dynamixel_sdk_examples
[7.325s] -- Symlinking: /home/marcelo/Documents/GitHub/RMAL/uam/ros_uam/install/dynamixel_sdk_examples/share/ament_index/resource_index/parent_prefix_path/dynamixel_sdk_examples
[7.334s] -- Symlinking: /home/marcelo/Documents/GitHub/RMAL/uam/ros_uam/install/dynamixel_sdk_examples/share/dynamixel_sdk_examples/environment/ament_prefix_path.sh
[7.342s] -- Symlinking: /home/marcelo/Documents/GitHub/RMAL/uam/ros_uam/install/dynamixel_sdk_examples/share/dynamixel_sdk_examples/environment/ament_prefix_path.dsv
[7.351s] -- Symlinking: /home/marcelo/Documents/GitHub/RMAL/uam/ros_uam/install/dynamixel_sdk_examples/share/dynamixel_sdk_examples/environment/path.sh
[7.360s] -- Symlinking: /home/marcelo/Documents/GitHub/RMAL/uam/ros_uam/install/dynamixel_sdk_examples/share/dynamixel_sdk_examples/environment/path.dsv
[7.368s] -- Symlinking: /home/marcelo/Documents/GitHub/RMAL/uam/ros_uam/install/dynamixel_sdk_examples/share/dynamixel_sdk_examples/local_setup.bash
[7.377s] -- Symlinking: /home/marcelo/Documents/GitHub/RMAL/uam/ros_uam/install/dynamixel_sdk_examples/share/dynamixel_sdk_examples/local_setup.sh
[7.387s] -- Symlinking: /home/marcelo/Documents/GitHub/RMAL/uam/ros_uam/install/dynamixel_sdk_examples/share/dynamixel_sdk_examples/local_setup.zsh
[7.395s] -- Symlinking: /home/marcelo/Documents/GitHub/RMAL/uam/ros_uam/install/dynamixel_sdk_examples/share/dynamixel_sdk_examples/local_setup.dsv
[7.406s] -- Symlinking: /home/marcelo/Documents/GitHub/RMAL/uam/ros_uam/install/dynamixel_sdk_examples/share/dynamixel_sdk_examples/package.dsv
[7.415s] -- Symlinking: /home/marcelo/Documents/GitHub/RMAL/uam/ros_uam/install/dynamixel_sdk_examples/share/ament_index/resource_index/packages/dynamixel_sdk_examples
[7.424s] -- Symlinking: /home/marcelo/Documents/GitHub/RMAL/uam/ros_uam/install/dynamixel_sdk_examples/share/dynamixel_sdk_examples/cmake/dynamixel_sdk_examplesConfig.cmake
[7.436s] -- Symlinking: /home/marcelo/Documents/GitHub/RMAL/uam/ros_uam/install/dynamixel_sdk_examples/share/dynamixel_sdk_examples/cmake/dynamixel_sdk_examplesConfig-version.cmake
[7.445s] -- Symlinking: /home/marcelo/Documents/GitHub/RMAL/uam/ros_uam/install/dynamixel_sdk_examples/share/dynamixel_sdk_examples/package.xml
[7.458s] Invoked command in '/home/marcelo/Documents/GitHub/RMAL/uam/ros_uam/build/dynamixel_sdk_examples' returned '0': AMENT_PREFIX_PATH=/home/marcelo/Documents/GitHub/RMAL/uam/ros_uam/install/dynamixel_sdk_custom_interfaces:/home/marcelo/Documents/GitHub/RMAL/uam/ros_uam/install/dynamixel_sdk:${AMENT_PREFIX_PATH} CMAKE_PREFIX_PATH=/home/marcelo/Documents/GitHub/RMAL/uam/ros_uam/install/dynamixel_sdk_custom_interfaces:/home/marcelo/Documents/GitHub/RMAL/uam/ros_uam/install/dynamixel_sdk:/opt/ros/foxy LD_LIBRARY_PATH=/home/marcelo/Documents/GitHub/RMAL/uam/ros_uam/install/dynamixel_sdk_custom_interfaces/lib:/home/marcelo/Documents/GitHub/RMAL/uam/ros_uam/install/dynamixel_sdk/lib:${LD_LIBRARY_PATH} PYTHONPATH=/home/marcelo/Documents/GitHub/RMAL/uam/ros_uam/install/dynamixel_sdk_custom_interfaces/lib/python3.8/site-packages:${PYTHONPATH} /usr/bin/cmake --install /home/marcelo/Documents/GitHub/RMAL/uam/ros_uam/build/dynamixel_sdk_examples
