[0.065s] Invoking command in '/home/marcelo/Documents/GitHub/RMAL/uam/ros_uam/build/dynamixel_sdk_examples': AMENT_PREFIX_PATH=/home/marcelo/Documents/GitHub/RMAL/uam/ros_uam/install/dynamixel_sdk_custom_interfaces:/home/marcelo/Documents/GitHub/RMAL/uam/ros_uam/install/dynamixel_sdk:${AMENT_PREFIX_PATH} CMAKE_PREFIX_PATH=/home/marcelo/Documents/GitHub/RMAL/uam/ros_uam/install/dynamixel_sdk_custom_interfaces:/home/marcelo/Documents/GitHub/RMAL/uam/ros_uam/install/dynamixel_sdk:/opt/ros/foxy LD_LIBRARY_PATH=/home/marcelo/Documents/GitHub/RMAL/uam/ros_uam/install/dynamixel_sdk_custom_interfaces/lib:/home/marcelo/Documents/GitHub/RMAL/uam/ros_uam/install/dynamixel_sdk/lib:${LD_LIBRARY_PATH} PYTHONPATH=/home/marcelo/Documents/GitHub/RMAL/uam/ros_uam/install/dynamixel_sdk_custom_interfaces/lib/python3.8/site-packages:${PYTHONPATH} /usr/bin/cmake --build /home/marcelo/Documents/GitHub/RMAL/uam/ros_uam/build/dynamixel_sdk_examples -- -j6 -l6
[0.137s] [100%] Built target read_write_node
[0.156s] Invoked command in '/home/marcelo/Documents/GitHub/RMAL/uam/ros_uam/build/dynamixel_sdk_examples' returned '0': AMENT_PREFIX_PATH=/home/marcelo/Documents/GitHub/RMAL/uam/ros_uam/install/dynamixel_sdk_custom_interfaces:/home/marcelo/Documents/GitHub/RMAL/uam/ros_uam/install/dynamixel_sdk:${AMENT_PREFIX_PATH} CMAKE_PREFIX_PATH=/home/marcelo/Documents/GitHub/RMAL/uam/ros_uam/install/dynamixel_sdk_custom_interfaces:/home/marcelo/Documents/GitHub/RMAL/uam/ros_uam/install/dynamixel_sdk:/opt/ros/foxy LD_LIBRARY_PATH=/home/marcelo/Documents/GitHub/RMAL/uam/ros_uam/install/dynamixel_sdk_custom_interfaces/lib:/home/marcelo/Documents/GitHub/RMAL/uam/ros_uam/install/dynamixel_sdk/lib:${LD_LIBRARY_PATH} PYTHONPATH=/home/marcelo/Documents/GitHub/RMAL/uam/ros_uam/install/dynamixel_sdk_custom_interfaces/lib/python3.8/site-packages:${PYTHONPATH} /usr/bin/cmake --build /home/marcelo/Documents/GitHub/RMAL/uam/ros_uam/build/dynamixel_sdk_examples -- -j6 -l6
[0.207s] Invoking command in '/home/marcelo/Documents/GitHub/RMAL/uam/ros_uam/build/dynamixel_sdk_examples': AMENT_PREFIX_PATH=/home/marcelo/Documents/GitHub/RMAL/uam/ros_uam/install/dynamixel_sdk_custom_interfaces:/home/marcelo/Documents/GitHub/RMAL/uam/ros_uam/install/dynamixel_sdk:${AMENT_PREFIX_PATH} CMAKE_PREFIX_PATH=/home/marcelo/Documents/GitHub/RMAL/uam/ros_uam/install/dynamixel_sdk_custom_interfaces:/home/marcelo/Documents/GitHub/RMAL/uam/ros_uam/install/dynamixel_sdk:/opt/ros/foxy LD_LIBRARY_PATH=/home/marcelo/Documents/GitHub/RMAL/uam/ros_uam/install/dynamixel_sdk_custom_interfaces/lib:/home/marcelo/Documents/GitHub/RMAL/uam/ros_uam/install/dynamixel_sdk/lib:${LD_LIBRARY_PATH} PYTHONPATH=/home/marcelo/Documents/GitHub/RMAL/uam/ros_uam/install/dynamixel_sdk_custom_interfaces/lib/python3.8/site-packages:${PYTHONPATH} /usr/bin/cmake --install /home/marcelo/Documents/GitHub/RMAL/uam/ros_uam/build/dynamixel_sdk_examples
[0.220s] -- Install configuration: ""
[0.220s] -- Execute custom install script
[0.221s] -- Up-to-date symlink: /home/marcelo/Documents/GitHub/RMAL/uam/ros_uam/install/dynamixel_sdk_examples/lib/dynamixel_sdk_examples/read_write_node
[0.221s] -- Up-to-date symlink: /home/marcelo/Documents/GitHub/RMAL/uam/ros_uam/install/dynamixel_sdk_examples/share/ament_index/resource_index/package_run_dependencies/dynamixel_sdk_examples
[0.221s] -- Up-to-date symlink: /home/marcelo/Documents/GitHub/RMAL/uam/ros_uam/install/dynamixel_sdk_examples/share/ament_index/resource_index/parent_prefix_path/dynamixel_sdk_examples
[0.221s] -- Up-to-date symlink: /home/marcelo/Documents/GitHub/RMAL/uam/ros_uam/install/dynamixel_sdk_examples/share/dynamixel_sdk_examples/environment/ament_prefix_path.sh
[0.221s] -- Up-to-date symlink: /home/marcelo/Documents/GitHub/RMAL/uam/ros_uam/install/dynamixel_sdk_examples/share/dynamixel_sdk_examples/environment/ament_prefix_path.dsv
[0.221s] -- Up-to-date symlink: /home/marcelo/Documents/GitHub/RMAL/uam/ros_uam/install/dynamixel_sdk_examples/share/dynamixel_sdk_examples/environment/path.sh
[0.221s] -- Up-to-date symlink: /home/marcelo/Documents/GitHub/RMAL/uam/ros_uam/install/dynamixel_sdk_examples/share/dynamixel_sdk_examples/environment/path.dsv
[0.222s] -- Up-to-date symlink: /home/marcelo/Documents/GitHub/RMAL/uam/ros_uam/install/dynamixel_sdk_examples/share/dynamixel_sdk_examples/local_setup.bash
[0.222s] -- Up-to-date symlink: /home/marcelo/Documents/GitHub/RMAL/uam/ros_uam/install/dynamixel_sdk_examples/share/dynamixel_sdk_examples/local_setup.sh
[0.222s] -- Up-to-date symlink: /home/marcelo/Documents/GitHub/RMAL/uam/ros_uam/install/dynamixel_sdk_examples/share/dynamixel_sdk_examples/local_setup.zsh
[0.222s] -- Up-to-date symlink: /home/marcelo/Documents/GitHub/RMAL/uam/ros_uam/install/dynamixel_sdk_examples/share/dynamixel_sdk_examples/local_setup.dsv
[0.222s] -- Symlinking: /home/marcelo/Documents/GitHub/RMAL/uam/ros_uam/install/dynamixel_sdk_examples/share/dynamixel_sdk_examples/package.dsv
[0.233s] -- Up-to-date symlink: /home/marcelo/Documents/GitHub/RMAL/uam/ros_uam/install/dynamixel_sdk_examples/share/ament_index/resource_index/packages/dynamixel_sdk_examples
[0.233s] -- Up-to-date symlink: /home/marcelo/Documents/GitHub/RMAL/uam/ros_uam/install/dynamixel_sdk_examples/share/dynamixel_sdk_examples/cmake/dynamixel_sdk_examplesConfig.cmake
[0.233s] -- Up-to-date symlink: /home/marcelo/Documents/GitHub/RMAL/uam/ros_uam/install/dynamixel_sdk_examples/share/dynamixel_sdk_examples/cmake/dynamixel_sdk_examplesConfig-version.cmake
[0.233s] -- Up-to-date symlink: /home/marcelo/Documents/GitHub/RMAL/uam/ros_uam/install/dynamixel_sdk_examples/share/dynamixel_sdk_examples/package.xml
[0.238s] Invoked command in '/home/marcelo/Documents/GitHub/RMAL/uam/ros_uam/build/dynamixel_sdk_examples' returned '0': AMENT_PREFIX_PATH=/home/marcelo/Documents/GitHub/RMAL/uam/ros_uam/install/dynamixel_sdk_custom_interfaces:/home/marcelo/Documents/GitHub/RMAL/uam/ros_uam/install/dynamixel_sdk:${AMENT_PREFIX_PATH} CMAKE_PREFIX_PATH=/home/marcelo/Documents/GitHub/RMAL/uam/ros_uam/install/dynamixel_sdk_custom_interfaces:/home/marcelo/Documents/GitHub/RMAL/uam/ros_uam/install/dynamixel_sdk:/opt/ros/foxy LD_LIBRARY_PATH=/home/marcelo/Documents/GitHub/RMAL/uam/ros_uam/install/dynamixel_sdk_custom_interfaces/lib:/home/marcelo/Documents/GitHub/RMAL/uam/ros_uam/install/dynamixel_sdk/lib:${LD_LIBRARY_PATH} PYTHONPATH=/home/marcelo/Documents/GitHub/RMAL/uam/ros_uam/install/dynamixel_sdk_custom_interfaces/lib/python3.8/site-packages:${PYTHONPATH} /usr/bin/cmake --install /home/marcelo/Documents/GitHub/RMAL/uam/ros_uam/build/dynamixel_sdk_examples
