[0.605s] Invoking command in '/home/marcelo/Documents/GitHub/RMAL/uam/ros_uam/src/aruco_detector': PYTHONPATH=/home/marcelo/Documents/GitHub/RMAL/uam/ros_uam/build/aruco_detector/prefix_override:/home/marcelo/Documents/GitHub/RMAL/uam/ros_uam/install/aruco_detector/lib/python3.8/site-packages:${PYTHONPATH} /usr/bin/python3 setup.py egg_info --egg-base ../../build/aruco_detector build --build-base /home/marcelo/Documents/GitHub/RMAL/uam/ros_uam/build/aruco_detector/build install --record /home/marcelo/Documents/GitHub/RMAL/uam/ros_uam/build/aruco_detector/install.log --install-scripts $base/lib/aruco_detector --single-version-externally-managed
[0.789s] running egg_info
[0.789s] creating ../../build/aruco_detector/aruco_detector.egg-info
[0.789s] writing ../../build/aruco_detector/aruco_detector.egg-info/PKG-INFO
[0.790s] writing dependency_links to ../../build/aruco_detector/aruco_detector.egg-info/dependency_links.txt
[0.790s] writing entry points to ../../build/aruco_detector/aruco_detector.egg-info/entry_points.txt
[0.790s] writing requirements to ../../build/aruco_detector/aruco_detector.egg-info/requires.txt
[0.790s] writing top-level names to ../../build/aruco_detector/aruco_detector.egg-info/top_level.txt
[0.792s] writing manifest file '../../build/aruco_detector/aruco_detector.egg-info/SOURCES.txt'
[0.821s] reading manifest file '../../build/aruco_detector/aruco_detector.egg-info/SOURCES.txt'
[0.822s] writing manifest file '../../build/aruco_detector/aruco_detector.egg-info/SOURCES.txt'
[0.823s] running build
[0.823s] running build_py
[0.823s] creating /home/marcelo/Documents/GitHub/RMAL/uam/ros_uam/build/aruco_detector/build
[0.823s] creating /home/marcelo/Documents/GitHub/RMAL/uam/ros_uam/build/aruco_detector/build/lib
[0.824s] creating /home/marcelo/Documents/GitHub/RMAL/uam/ros_uam/build/aruco_detector/build/lib/aruco_detector
[0.824s] copying aruco_detector/__init__.py -> /home/marcelo/Documents/GitHub/RMAL/uam/ros_uam/build/aruco_detector/build/lib/aruco_detector
[0.824s] copying aruco_detector/detector.py -> /home/marcelo/Documents/GitHub/RMAL/uam/ros_uam/build/aruco_detector/build/lib/aruco_detector
[0.824s] running install
[0.825s] running install_lib
[0.825s] creating /home/marcelo/Documents/GitHub/RMAL/uam/ros_uam/install/aruco_detector/lib/python3.8/site-packages/aruco_detector
[0.825s] copying /home/marcelo/Documents/GitHub/RMAL/uam/ros_uam/build/aruco_detector/build/lib/aruco_detector/__init__.py -> /home/marcelo/Documents/GitHub/RMAL/uam/ros_uam/install/aruco_detector/lib/python3.8/site-packages/aruco_detector
[0.825s] copying /home/marcelo/Documents/GitHub/RMAL/uam/ros_uam/build/aruco_detector/build/lib/aruco_detector/detector.py -> /home/marcelo/Documents/GitHub/RMAL/uam/ros_uam/install/aruco_detector/lib/python3.8/site-packages/aruco_detector
[0.825s] byte-compiling /home/marcelo/Documents/GitHub/RMAL/uam/ros_uam/install/aruco_detector/lib/python3.8/site-packages/aruco_detector/__init__.py to __init__.cpython-38.pyc
[0.826s] byte-compiling /home/marcelo/Documents/GitHub/RMAL/uam/ros_uam/install/aruco_detector/lib/python3.8/site-packages/aruco_detector/detector.py to detector.cpython-38.pyc
[0.826s] running install_data
[0.827s] creating /home/marcelo/Documents/GitHub/RMAL/uam/ros_uam/install/aruco_detector/share/ament_index
[0.827s] creating /home/marcelo/Documents/GitHub/RMAL/uam/ros_uam/install/aruco_detector/share/ament_index/resource_index
[0.827s] creating /home/marcelo/Documents/GitHub/RMAL/uam/ros_uam/install/aruco_detector/share/ament_index/resource_index/packages
[0.827s] copying resource/aruco_detector -> /home/marcelo/Documents/GitHub/RMAL/uam/ros_uam/install/aruco_detector/share/ament_index/resource_index/packages
[0.827s] copying package.xml -> /home/marcelo/Documents/GitHub/RMAL/uam/ros_uam/install/aruco_detector/share/aruco_detector
[0.828s] running install_egg_info
[0.828s] Copying ../../build/aruco_detector/aruco_detector.egg-info to /home/marcelo/Documents/GitHub/RMAL/uam/ros_uam/install/aruco_detector/lib/python3.8/site-packages/aruco_detector-0.0.0-py3.8.egg-info
[0.829s] running install_scripts
[0.843s] writing list of installed files to '/home/marcelo/Documents/GitHub/RMAL/uam/ros_uam/build/aruco_detector/install.log'
[0.869s] Invoked command in '/home/marcelo/Documents/GitHub/RMAL/uam/ros_uam/src/aruco_detector' returned '0': PYTHONPATH=/home/marcelo/Documents/GitHub/RMAL/uam/ros_uam/build/aruco_detector/prefix_override:/home/marcelo/Documents/GitHub/RMAL/uam/ros_uam/install/aruco_detector/lib/python3.8/site-packages:${PYTHONPATH} /usr/bin/python3 setup.py egg_info --egg-base ../../build/aruco_detector build --build-base /home/marcelo/Documents/GitHub/RMAL/uam/ros_uam/build/aruco_detector/build install --record /home/marcelo/Documents/GitHub/RMAL/uam/ros_uam/build/aruco_detector/install.log --install-scripts $base/lib/aruco_detector --single-version-externally-managed
