[0.057s] Invoking command in '/home/marcelo/Documents/GitHub/RMAL/uam/ros_uam/build/open_manipulator_x_description': CMAKE_PREFIX_PATH=/opt/ros/foxy /usr/bin/cmake /home/marcelo/Documents/GitHub/RMAL/uam/ros_uam/src/open_manipulator/open_manipulator_x_description -DAMENT_CMAKE_SYMLINK_INSTALL=1 -DCMAKE_INSTALL_PREFIX=/home/marcelo/Documents/GitHub/RMAL/uam/ros_uam/install/open_manipulator_x_description
[0.260s] -- The C compiler identification is GNU 9.4.0
[0.346s] -- The CXX compiler identification is GNU 9.4.0
[0.350s] -- Check for working C compiler: /usr/bin/cc
[0.425s] -- Check for working C compiler: /usr/bin/cc -- works
[0.426s] -- Detecting C compiler ABI info
[0.498s] -- Detecting C compiler ABI info - done
[0.507s] -- Detecting C compile features
[0.507s] -- Detecting C compile features - done
[0.509s] -- Check for working CXX compiler: /usr/bin/c++
[0.597s] -- Check for working CXX compiler: /usr/bin/c++ -- works
[0.599s] -- Detecting CXX compiler ABI info
[0.683s] -- Detecting CXX compiler ABI info - done
[0.694s] -- Detecting CXX compile features
[0.695s] -- Detecting CXX compile features - done
[0.697s] -- Found ament_cmake: 0.9.11 (/opt/ros/foxy/share/ament_cmake/cmake)
[0.725s] -- Found PythonInterp: /usr/bin/python3 (found suitable version "3.8.10", minimum required is "3") 
[0.725s] -- Using PYTHON_EXECUTABLE: /usr/bin/python3
[0.886s] -- Override CMake install command with custom implementation using symlinks instead of copying resources
[0.980s] -- Configuring done
[0.980s] -- Generating done
[0.980s] -- Build files have been written to: /home/marcelo/Documents/GitHub/RMAL/uam/ros_uam/build/open_manipulator_x_description
[0.990s] Invoked command in '/home/marcelo/Documents/GitHub/RMAL/uam/ros_uam/build/open_manipulator_x_description' returned '0': CMAKE_PREFIX_PATH=/opt/ros/foxy /usr/bin/cmake /home/marcelo/Documents/GitHub/RMAL/uam/ros_uam/src/open_manipulator/open_manipulator_x_description -DAMENT_CMAKE_SYMLINK_INSTALL=1 -DCMAKE_INSTALL_PREFIX=/home/marcelo/Documents/GitHub/RMAL/uam/ros_uam/install/open_manipulator_x_description
[0.991s] Invoking command in '/home/marcelo/Documents/GitHub/RMAL/uam/ros_uam/build/open_manipulator_x_description': CMAKE_PREFIX_PATH=/opt/ros/foxy /usr/bin/cmake --build /home/marcelo/Documents/GitHub/RMAL/uam/ros_uam/build/open_manipulator_x_description -- -j6 -l6
[1.037s] Invoked command in '/home/marcelo/Documents/GitHub/RMAL/uam/ros_uam/build/open_manipulator_x_description' returned '0': CMAKE_PREFIX_PATH=/opt/ros/foxy /usr/bin/cmake --build /home/marcelo/Documents/GitHub/RMAL/uam/ros_uam/build/open_manipulator_x_description -- -j6 -l6
[1.116s] Invoking command in '/home/marcelo/Documents/GitHub/RMAL/uam/ros_uam/build/open_manipulator_x_description': CMAKE_PREFIX_PATH=/opt/ros/foxy /usr/bin/cmake --install /home/marcelo/Documents/GitHub/RMAL/uam/ros_uam/build/open_manipulator_x_description
[1.291s] -- Install configuration: ""
[1.291s] -- Execute custom install script
[1.292s] -- Symlinking: /home/marcelo/Documents/GitHub/RMAL/uam/ros_uam/install/open_manipulator_x_description/share/open_manipulator_x_description/launch/.DS_Store
[1.292s] -- Symlinking: /home/marcelo/Documents/GitHub/RMAL/uam/ros_uam/install/open_manipulator_x_description/share/open_manipulator_x_description/launch/open_manipulator_x_rviz.launch.py
[1.292s] -- Symlinking: /home/marcelo/Documents/GitHub/RMAL/uam/ros_uam/install/open_manipulator_x_description/share/open_manipulator_x_description/meshes/chain_link1.stl
[1.292s] -- Symlinking: /home/marcelo/Documents/GitHub/RMAL/uam/ros_uam/install/open_manipulator_x_description/share/open_manipulator_x_description/meshes/chain_link2.stl
[1.292s] -- Symlinking: /home/marcelo/Documents/GitHub/RMAL/uam/ros_uam/install/open_manipulator_x_description/share/open_manipulator_x_description/meshes/chain_link3.stl
[1.297s] -- Symlinking: /home/marcelo/Documents/GitHub/RMAL/uam/ros_uam/install/open_manipulator_x_description/share/open_manipulator_x_description/meshes/chain_link4.stl
[1.313s] -- Symlinking: /home/marcelo/Documents/GitHub/RMAL/uam/ros_uam/install/open_manipulator_x_description/share/open_manipulator_x_description/meshes/chain_link5.stl
[1.338s] -- Symlinking: /home/marcelo/Documents/GitHub/RMAL/uam/ros_uam/install/open_manipulator_x_description/share/open_manipulator_x_description/meshes/chain_link_grip_l.stl
[1.365s] -- Symlinking: /home/marcelo/Documents/GitHub/RMAL/uam/ros_uam/install/open_manipulator_x_description/share/open_manipulator_x_description/meshes/chain_link_grip_r.stl
[1.379s] -- Symlinking: /home/marcelo/Documents/GitHub/RMAL/uam/ros_uam/install/open_manipulator_x_description/share/open_manipulator_x_description/rviz/open_manipulator_x.rviz
[1.411s] -- Symlinking: /home/marcelo/Documents/GitHub/RMAL/uam/ros_uam/install/open_manipulator_x_description/share/open_manipulator_x_description/urdf/materials.xacro
[1.452s] -- Symlinking: /home/marcelo/Documents/GitHub/RMAL/uam/ros_uam/install/open_manipulator_x_description/share/open_manipulator_x_description/urdf/open_manipulator_x.gazebo.xacro
[1.485s] -- Symlinking: /home/marcelo/Documents/GitHub/RMAL/uam/ros_uam/install/open_manipulator_x_description/share/open_manipulator_x_description/urdf/open_manipulator_x.transmission.xacro
[1.508s] -- Symlinking: /home/marcelo/Documents/GitHub/RMAL/uam/ros_uam/install/open_manipulator_x_description/share/open_manipulator_x_description/urdf/open_manipulator_x.urdf.xacro
[1.523s] -- Symlinking: /home/marcelo/Documents/GitHub/RMAL/uam/ros_uam/install/open_manipulator_x_description/share/open_manipulator_x_description/urdf/open_manipulator_x_robot.urdf.xacro
[1.550s] -- Symlinking: /home/marcelo/Documents/GitHub/RMAL/uam/ros_uam/install/open_manipulator_x_description/share/ament_index/resource_index/package_run_dependencies/open_manipulator_x_description
[1.566s] -- Symlinking: /home/marcelo/Documents/GitHub/RMAL/uam/ros_uam/install/open_manipulator_x_description/share/ament_index/resource_index/parent_prefix_path/open_manipulator_x_description
[1.575s] -- Symlinking: /home/marcelo/Documents/GitHub/RMAL/uam/ros_uam/install/open_manipulator_x_description/share/open_manipulator_x_description/environment/ament_prefix_path.sh
[1.583s] -- Symlinking: /home/marcelo/Documents/GitHub/RMAL/uam/ros_uam/install/open_manipulator_x_description/share/open_manipulator_x_description/environment/ament_prefix_path.dsv
[1.602s] -- Symlinking: /home/marcelo/Documents/GitHub/RMAL/uam/ros_uam/install/open_manipulator_x_description/share/open_manipulator_x_description/environment/path.sh
[1.613s] -- Symlinking: /home/marcelo/Documents/GitHub/RMAL/uam/ros_uam/install/open_manipulator_x_description/share/open_manipulator_x_description/environment/path.dsv
[1.621s] -- Symlinking: /home/marcelo/Documents/GitHub/RMAL/uam/ros_uam/install/open_manipulator_x_description/share/open_manipulator_x_description/local_setup.bash
[1.631s] -- Symlinking: /home/marcelo/Documents/GitHub/RMAL/uam/ros_uam/install/open_manipulator_x_description/share/open_manipulator_x_description/local_setup.sh
[1.638s] -- Symlinking: /home/marcelo/Documents/GitHub/RMAL/uam/ros_uam/install/open_manipulator_x_description/share/open_manipulator_x_description/local_setup.zsh
[1.646s] -- Symlinking: /home/marcelo/Documents/GitHub/RMAL/uam/ros_uam/install/open_manipulator_x_description/share/open_manipulator_x_description/local_setup.dsv
[1.655s] -- Symlinking: /home/marcelo/Documents/GitHub/RMAL/uam/ros_uam/install/open_manipulator_x_description/share/open_manipulator_x_description/package.dsv
[1.663s] -- Symlinking: /home/marcelo/Documents/GitHub/RMAL/uam/ros_uam/install/open_manipulator_x_description/share/ament_index/resource_index/packages/open_manipulator_x_description
[1.672s] -- Symlinking: /home/marcelo/Documents/GitHub/RMAL/uam/ros_uam/install/open_manipulator_x_description/share/open_manipulator_x_description/cmake/open_manipulator_x_descriptionConfig.cmake
[1.679s] -- Symlinking: /home/marcelo/Documents/GitHub/RMAL/uam/ros_uam/install/open_manipulator_x_description/share/open_manipulator_x_description/cmake/open_manipulator_x_descriptionConfig-version.cmake
[1.694s] -- Symlinking: /home/marcelo/Documents/GitHub/RMAL/uam/ros_uam/install/open_manipulator_x_description/share/open_manipulator_x_description/package.xml
[1.707s] Invoked command in '/home/marcelo/Documents/GitHub/RMAL/uam/ros_uam/build/open_manipulator_x_description' returned '0': CMAKE_PREFIX_PATH=/opt/ros/foxy /usr/bin/cmake --install /home/marcelo/Documents/GitHub/RMAL/uam/ros_uam/build/open_manipulator_x_description
