[0.076s] Invoking command in '/home/marcelo/Documents/GitHub/RMAL/uam/ros_uam/build/dynamixel_sdk': CMAKE_PREFIX_PATH=/opt/ros/foxy /usr/bin/cmake /home/marcelo/Documents/GitHub/RMAL/uam/ros_uam/src/DynamixelSDK/dynamixel_sdk -DAMENT_CMAKE_SYMLINK_INSTALL=1 -DCMAKE_INSTALL_PREFIX=/home/marcelo/Documents/GitHub/RMAL/uam/ros_uam/install/dynamixel_sdk
[0.302s] -- The C compiler identification is GNU 9.4.0
[0.383s] -- The CXX compiler identification is GNU 9.4.0
[0.394s] -- Check for working C compiler: /usr/bin/cc
[0.466s] -- Check for working C compiler: /usr/bin/cc -- works
[0.467s] -- Detecting C compiler ABI info
[0.541s] -- Detecting C compiler ABI info - done
[0.552s] -- Detecting C compile features
[0.552s] -- Detecting C compile features - done
[0.555s] -- Check for working CXX compiler: /usr/bin/c++
[0.634s] -- Check for working CXX compiler: /usr/bin/c++ -- works
[0.635s] -- Detecting CXX compiler ABI info
[0.723s] -- Detecting CXX compiler ABI info - done
[0.734s] -- Detecting CXX compile features
[0.734s] -- Detecting CXX compile features - done
[0.739s] -- Found ament_cmake: 0.9.11 (/opt/ros/foxy/share/ament_cmake/cmake)
[0.766s] -- Found PythonInterp: /usr/bin/python3 (found suitable version "3.8.10", minimum required is "3") 
[0.766s] -- Using PYTHON_EXECUTABLE: /usr/bin/python3
[0.936s] -- Override CMake install command with custom implementation using symlinks instead of copying resources
[1.016s] -- Configuring done
[1.020s] -- Generating done
[1.021s] -- Build files have been written to: /home/marcelo/Documents/GitHub/RMAL/uam/ros_uam/build/dynamixel_sdk
[1.028s] Invoked command in '/home/marcelo/Documents/GitHub/RMAL/uam/ros_uam/build/dynamixel_sdk' returned '0': CMAKE_PREFIX_PATH=/opt/ros/foxy /usr/bin/cmake /home/marcelo/Documents/GitHub/RMAL/uam/ros_uam/src/DynamixelSDK/dynamixel_sdk -DAMENT_CMAKE_SYMLINK_INSTALL=1 -DCMAKE_INSTALL_PREFIX=/home/marcelo/Documents/GitHub/RMAL/uam/ros_uam/install/dynamixel_sdk
[1.031s] Invoking command in '/home/marcelo/Documents/GitHub/RMAL/uam/ros_uam/build/dynamixel_sdk': CMAKE_PREFIX_PATH=/opt/ros/foxy /usr/bin/cmake --build /home/marcelo/Documents/GitHub/RMAL/uam/ros_uam/build/dynamixel_sdk -- -j6 -l6
[1.080s] [35m[1mScanning dependencies of target dynamixel_sdk[0m
[1.094s] [ 10%] [32mBuilding CXX object CMakeFiles/dynamixel_sdk.dir/src/dynamixel_sdk/protocol2_packet_handler.cpp.o[0m
[1.099s] [ 20%] [32mBuilding CXX object CMakeFiles/dynamixel_sdk.dir/src/dynamixel_sdk/group_sync_read.cpp.o[0m
[1.100s] [ 30%] [32mBuilding CXX object CMakeFiles/dynamixel_sdk.dir/src/dynamixel_sdk/packet_handler.cpp.o[0m
[1.101s] [ 40%] [32mBuilding CXX object CMakeFiles/dynamixel_sdk.dir/src/dynamixel_sdk/group_bulk_read.cpp.o[0m
[1.104s] [ 50%] [32mBuilding CXX object CMakeFiles/dynamixel_sdk.dir/src/dynamixel_sdk/group_sync_write.cpp.o[0m
[1.106s] [ 60%] [32mBuilding CXX object CMakeFiles/dynamixel_sdk.dir/src/dynamixel_sdk/protocol1_packet_handler.cpp.o[0m
[1.256s] [ 70%] [32mBuilding CXX object CMakeFiles/dynamixel_sdk.dir/src/dynamixel_sdk/group_bulk_write.cpp.o[0m
[1.318s] [ 80%] [32mBuilding CXX object CMakeFiles/dynamixel_sdk.dir/src/dynamixel_sdk/port_handler.cpp.o[0m
[1.417s] [ 90%] [32mBuilding CXX object CMakeFiles/dynamixel_sdk.dir/src/dynamixel_sdk/port_handler_linux.cpp.o[0m
[1.772s] [100%] [32m[1mLinking CXX shared library libdynamixel_sdk.so[0m
[1.878s] [100%] Built target dynamixel_sdk
[1.889s] Invoked command in '/home/marcelo/Documents/GitHub/RMAL/uam/ros_uam/build/dynamixel_sdk' returned '0': CMAKE_PREFIX_PATH=/opt/ros/foxy /usr/bin/cmake --build /home/marcelo/Documents/GitHub/RMAL/uam/ros_uam/build/dynamixel_sdk -- -j6 -l6
[1.928s] Invoking command in '/home/marcelo/Documents/GitHub/RMAL/uam/ros_uam/build/dynamixel_sdk': CMAKE_PREFIX_PATH=/opt/ros/foxy /usr/bin/cmake --install /home/marcelo/Documents/GitHub/RMAL/uam/ros_uam/build/dynamixel_sdk
[1.939s] -- Install configuration: ""
[1.939s] -- Execute custom install script
[1.939s] -- Symlinking: /home/marcelo/Documents/GitHub/RMAL/uam/ros_uam/install/dynamixel_sdk/include//dynamixel_sdk/dynamixel_sdk.h
[1.948s] -- Symlinking: /home/marcelo/Documents/GitHub/RMAL/uam/ros_uam/install/dynamixel_sdk/include//dynamixel_sdk/group_bulk_read.h
[1.957s] -- Symlinking: /home/marcelo/Documents/GitHub/RMAL/uam/ros_uam/install/dynamixel_sdk/include//dynamixel_sdk/group_bulk_write.h
[1.967s] -- Symlinking: /home/marcelo/Documents/GitHub/RMAL/uam/ros_uam/install/dynamixel_sdk/include//dynamixel_sdk/group_sync_read.h
[1.974s] -- Symlinking: /home/marcelo/Documents/GitHub/RMAL/uam/ros_uam/install/dynamixel_sdk/include//dynamixel_sdk/group_sync_write.h
[1.981s] -- Symlinking: /home/marcelo/Documents/GitHub/RMAL/uam/ros_uam/install/dynamixel_sdk/include//dynamixel_sdk/packet_handler.h
[1.992s] -- Symlinking: /home/marcelo/Documents/GitHub/RMAL/uam/ros_uam/install/dynamixel_sdk/include//dynamixel_sdk/port_handler.h
[2.000s] -- Symlinking: /home/marcelo/Documents/GitHub/RMAL/uam/ros_uam/install/dynamixel_sdk/include//dynamixel_sdk/port_handler_arduino.h
[2.008s] -- Symlinking: /home/marcelo/Documents/GitHub/RMAL/uam/ros_uam/install/dynamixel_sdk/include//dynamixel_sdk/port_handler_linux.h
[2.015s] -- Symlinking: /home/marcelo/Documents/GitHub/RMAL/uam/ros_uam/install/dynamixel_sdk/include//dynamixel_sdk/port_handler_mac.h
[2.022s] -- Symlinking: /home/marcelo/Documents/GitHub/RMAL/uam/ros_uam/install/dynamixel_sdk/include//dynamixel_sdk/port_handler_windows.h
[2.029s] -- Symlinking: /home/marcelo/Documents/GitHub/RMAL/uam/ros_uam/install/dynamixel_sdk/include//dynamixel_sdk/protocol1_packet_handler.h
[2.036s] -- Symlinking: /home/marcelo/Documents/GitHub/RMAL/uam/ros_uam/install/dynamixel_sdk/include//dynamixel_sdk/protocol2_packet_handler.h
[2.044s] -- Symlinking: /home/marcelo/Documents/GitHub/RMAL/uam/ros_uam/install/dynamixel_sdk/lib/libdynamixel_sdk.so
[2.058s] -- Symlinking: /home/marcelo/Documents/GitHub/RMAL/uam/ros_uam/install/dynamixel_sdk/share/dynamixel_sdk/environment/library_path.sh
[2.067s] -- Symlinking: /home/marcelo/Documents/GitHub/RMAL/uam/ros_uam/install/dynamixel_sdk/share/dynamixel_sdk/environment/library_path.dsv
[2.080s] -- Symlinking: /home/marcelo/Documents/GitHub/RMAL/uam/ros_uam/install/dynamixel_sdk/share/ament_index/resource_index/package_run_dependencies/dynamixel_sdk
[2.089s] -- Symlinking: /home/marcelo/Documents/GitHub/RMAL/uam/ros_uam/install/dynamixel_sdk/share/ament_index/resource_index/parent_prefix_path/dynamixel_sdk
[2.097s] -- Symlinking: /home/marcelo/Documents/GitHub/RMAL/uam/ros_uam/install/dynamixel_sdk/share/dynamixel_sdk/environment/ament_prefix_path.sh
[2.106s] -- Symlinking: /home/marcelo/Documents/GitHub/RMAL/uam/ros_uam/install/dynamixel_sdk/share/dynamixel_sdk/environment/ament_prefix_path.dsv
[2.114s] -- Symlinking: /home/marcelo/Documents/GitHub/RMAL/uam/ros_uam/install/dynamixel_sdk/share/dynamixel_sdk/environment/path.sh
[2.125s] -- Symlinking: /home/marcelo/Documents/GitHub/RMAL/uam/ros_uam/install/dynamixel_sdk/share/dynamixel_sdk/environment/path.dsv
[2.134s] -- Symlinking: /home/marcelo/Documents/GitHub/RMAL/uam/ros_uam/install/dynamixel_sdk/share/dynamixel_sdk/local_setup.bash
[2.142s] -- Symlinking: /home/marcelo/Documents/GitHub/RMAL/uam/ros_uam/install/dynamixel_sdk/share/dynamixel_sdk/local_setup.sh
[2.149s] -- Symlinking: /home/marcelo/Documents/GitHub/RMAL/uam/ros_uam/install/dynamixel_sdk/share/dynamixel_sdk/local_setup.zsh
[2.157s] -- Symlinking: /home/marcelo/Documents/GitHub/RMAL/uam/ros_uam/install/dynamixel_sdk/share/dynamixel_sdk/local_setup.dsv
[2.168s] -- Symlinking: /home/marcelo/Documents/GitHub/RMAL/uam/ros_uam/install/dynamixel_sdk/share/dynamixel_sdk/package.dsv
[2.175s] -- Symlinking: /home/marcelo/Documents/GitHub/RMAL/uam/ros_uam/install/dynamixel_sdk/share/ament_index/resource_index/packages/dynamixel_sdk
[2.182s] -- Symlinking: /home/marcelo/Documents/GitHub/RMAL/uam/ros_uam/install/dynamixel_sdk/share/dynamixel_sdk/cmake/ament_cmake_export_include_directories-extras.cmake
[2.190s] -- Symlinking: /home/marcelo/Documents/GitHub/RMAL/uam/ros_uam/install/dynamixel_sdk/share/dynamixel_sdk/cmake/ament_cmake_export_libraries-extras.cmake
[2.202s] -- Symlinking: /home/marcelo/Documents/GitHub/RMAL/uam/ros_uam/install/dynamixel_sdk/share/dynamixel_sdk/cmake/dynamixel_sdkConfig.cmake
[2.210s] -- Symlinking: /home/marcelo/Documents/GitHub/RMAL/uam/ros_uam/install/dynamixel_sdk/share/dynamixel_sdk/cmake/dynamixel_sdkConfig-version.cmake
[2.218s] -- Symlinking: /home/marcelo/Documents/GitHub/RMAL/uam/ros_uam/install/dynamixel_sdk/share/dynamixel_sdk/package.xml
[2.236s] Invoked command in '/home/marcelo/Documents/GitHub/RMAL/uam/ros_uam/build/dynamixel_sdk' returned '0': CMAKE_PREFIX_PATH=/opt/ros/foxy /usr/bin/cmake --install /home/marcelo/Documents/GitHub/RMAL/uam/ros_uam/build/dynamixel_sdk
