[0.039s] Invoking command in '/home/marcelo/Documents/GitHub/RMAL/uam/ros_uam/build/robotis_manipulator': AMENT_PREFIX_PATH=/home/marcelo/Documents/GitHub/RMAL/uam/ros_uam/install/cmake_modules:${AMENT_PREFIX_PATH} CMAKE_PREFIX_PATH=/home/marcelo/Documents/GitHub/RMAL/uam/ros_uam/install/cmake_modules:/opt/ros/foxy /usr/bin/cmake --build /home/marcelo/Documents/GitHub/RMAL/uam/ros_uam/build/robotis_manipulator -- -j6 -l6
[0.125s] [100%] Built target robotis_manipulator
[0.134s] Invoked command in '/home/marcelo/Documents/GitHub/RMAL/uam/ros_uam/build/robotis_manipulator' returned '0': AMENT_PREFIX_PATH=/home/marcelo/Documents/GitHub/RMAL/uam/ros_uam/install/cmake_modules:${AMENT_PREFIX_PATH} CMAKE_PREFIX_PATH=/home/marcelo/Documents/GitHub/RMAL/uam/ros_uam/install/cmake_modules:/opt/ros/foxy /usr/bin/cmake --build /home/marcelo/Documents/GitHub/RMAL/uam/ros_uam/build/robotis_manipulator -- -j6 -l6
[0.220s] Invoking command in '/home/marcelo/Documents/GitHub/RMAL/uam/ros_uam/build/robotis_manipulator': AMENT_PREFIX_PATH=/home/marcelo/Documents/GitHub/RMAL/uam/ros_uam/install/cmake_modules:${AMENT_PREFIX_PATH} CMAKE_PREFIX_PATH=/home/marcelo/Documents/GitHub/RMAL/uam/ros_uam/install/cmake_modules:/opt/ros/foxy /usr/bin/cmake --install /home/marcelo/Documents/GitHub/RMAL/uam/ros_uam/build/robotis_manipulator
[0.235s] -- Install configuration: ""
[0.235s] -- Execute custom install script
[0.235s] -- Up-to-date symlink: /home/marcelo/Documents/GitHub/RMAL/uam/ros_uam/install/robotis_manipulator/lib/librobotis_manipulator.so
[0.235s] -- Up-to-date symlink: /home/marcelo/Documents/GitHub/RMAL/uam/ros_uam/install/robotis_manipulator/include//robotis_manipulator/robotis_manipulator.h
[0.235s] -- Up-to-date symlink: /home/marcelo/Documents/GitHub/RMAL/uam/ros_uam/install/robotis_manipulator/include//robotis_manipulator/robotis_manipulator_common.h
[0.235s] -- Up-to-date symlink: /home/marcelo/Documents/GitHub/RMAL/uam/ros_uam/install/robotis_manipulator/include//robotis_manipulator/robotis_manipulator_log.h
[0.236s] -- Up-to-date symlink: /home/marcelo/Documents/GitHub/RMAL/uam/ros_uam/install/robotis_manipulator/include//robotis_manipulator/robotis_manipulator_manager.h
[0.236s] -- Up-to-date symlink: /home/marcelo/Documents/GitHub/RMAL/uam/ros_uam/install/robotis_manipulator/include//robotis_manipulator/robotis_manipulator_math.h
[0.236s] -- Up-to-date symlink: /home/marcelo/Documents/GitHub/RMAL/uam/ros_uam/install/robotis_manipulator/include//robotis_manipulator/robotis_manipulator_trajectory_generator.h
[0.236s] -- Up-to-date symlink: /home/marcelo/Documents/GitHub/RMAL/uam/ros_uam/install/robotis_manipulator/share/robotis_manipulator/environment/library_path.sh
[0.236s] -- Up-to-date symlink: /home/marcelo/Documents/GitHub/RMAL/uam/ros_uam/install/robotis_manipulator/share/robotis_manipulator/environment/library_path.dsv
[0.236s] -- Up-to-date symlink: /home/marcelo/Documents/GitHub/RMAL/uam/ros_uam/install/robotis_manipulator/share/ament_index/resource_index/package_run_dependencies/robotis_manipulator
[0.237s] -- Up-to-date symlink: /home/marcelo/Documents/GitHub/RMAL/uam/ros_uam/install/robotis_manipulator/share/ament_index/resource_index/parent_prefix_path/robotis_manipulator
[0.237s] -- Up-to-date symlink: /home/marcelo/Documents/GitHub/RMAL/uam/ros_uam/install/robotis_manipulator/share/robotis_manipulator/environment/ament_prefix_path.sh
[0.237s] -- Up-to-date symlink: /home/marcelo/Documents/GitHub/RMAL/uam/ros_uam/install/robotis_manipulator/share/robotis_manipulator/environment/ament_prefix_path.dsv
[0.237s] -- Up-to-date symlink: /home/marcelo/Documents/GitHub/RMAL/uam/ros_uam/install/robotis_manipulator/share/robotis_manipulator/environment/path.sh
[0.238s] -- Up-to-date symlink: /home/marcelo/Documents/GitHub/RMAL/uam/ros_uam/install/robotis_manipulator/share/robotis_manipulator/environment/path.dsv
[0.238s] -- Up-to-date symlink: /home/marcelo/Documents/GitHub/RMAL/uam/ros_uam/install/robotis_manipulator/share/robotis_manipulator/local_setup.bash
[0.238s] -- Up-to-date symlink: /home/marcelo/Documents/GitHub/RMAL/uam/ros_uam/install/robotis_manipulator/share/robotis_manipulator/local_setup.sh
[0.238s] -- Up-to-date symlink: /home/marcelo/Documents/GitHub/RMAL/uam/ros_uam/install/robotis_manipulator/share/robotis_manipulator/local_setup.zsh
[0.238s] -- Up-to-date symlink: /home/marcelo/Documents/GitHub/RMAL/uam/ros_uam/install/robotis_manipulator/share/robotis_manipulator/local_setup.dsv
[0.238s] -- Symlinking: /home/marcelo/Documents/GitHub/RMAL/uam/ros_uam/install/robotis_manipulator/share/robotis_manipulator/package.dsv
[0.250s] -- Up-to-date symlink: /home/marcelo/Documents/GitHub/RMAL/uam/ros_uam/install/robotis_manipulator/share/ament_index/resource_index/packages/robotis_manipulator
[0.250s] -- Up-to-date symlink: /home/marcelo/Documents/GitHub/RMAL/uam/ros_uam/install/robotis_manipulator/share/robotis_manipulator/cmake/ament_cmake_export_include_directories-extras.cmake
[0.251s] -- Up-to-date symlink: /home/marcelo/Documents/GitHub/RMAL/uam/ros_uam/install/robotis_manipulator/share/robotis_manipulator/cmake/ament_cmake_export_dependencies-extras.cmake
[0.251s] -- Up-to-date symlink: /home/marcelo/Documents/GitHub/RMAL/uam/ros_uam/install/robotis_manipulator/share/robotis_manipulator/cmake/ament_cmake_export_libraries-extras.cmake
[0.251s] -- Up-to-date symlink: /home/marcelo/Documents/GitHub/RMAL/uam/ros_uam/install/robotis_manipulator/share/robotis_manipulator/cmake/robotis_manipulatorConfig.cmake
[0.251s] -- Up-to-date symlink: /home/marcelo/Documents/GitHub/RMAL/uam/ros_uam/install/robotis_manipulator/share/robotis_manipulator/cmake/robotis_manipulatorConfig-version.cmake
[0.252s] -- Up-to-date symlink: /home/marcelo/Documents/GitHub/RMAL/uam/ros_uam/install/robotis_manipulator/share/robotis_manipulator/package.xml
[0.276s] Invoked command in '/home/marcelo/Documents/GitHub/RMAL/uam/ros_uam/build/robotis_manipulator' returned '0': AMENT_PREFIX_PATH=/home/marcelo/Documents/GitHub/RMAL/uam/ros_uam/install/cmake_modules:${AMENT_PREFIX_PATH} CMAKE_PREFIX_PATH=/home/marcelo/Documents/GitHub/RMAL/uam/ros_uam/install/cmake_modules:/opt/ros/foxy /usr/bin/cmake --install /home/marcelo/Documents/GitHub/RMAL/uam/ros_uam/build/robotis_manipulator
