[0.082s] Invoking command in '/home/marcelo/Documents/GitHub/RMAL/uam/ros_uam/build/dynamixel_sdk': CMAKE_PREFIX_PATH=/opt/ros/foxy /usr/bin/cmake --build /home/marcelo/Documents/GitHub/RMAL/uam/ros_uam/build/dynamixel_sdk -- -j6 -l6
[0.321s] [100%] Built target dynamixel_sdk
[0.330s] Invoked command in '/home/marcelo/Documents/GitHub/RMAL/uam/ros_uam/build/dynamixel_sdk' returned '0': CMAKE_PREFIX_PATH=/opt/ros/foxy /usr/bin/cmake --build /home/marcelo/Documents/GitHub/RMAL/uam/ros_uam/build/dynamixel_sdk -- -j6 -l6
[0.423s] Invoking command in '/home/marcelo/Documents/GitHub/RMAL/uam/ros_uam/build/dynamixel_sdk': CMAKE_PREFIX_PATH=/opt/ros/foxy /usr/bin/cmake --install /home/marcelo/Documents/GitHub/RMAL/uam/ros_uam/build/dynamixel_sdk
[0.438s] -- Install configuration: ""
[0.438s] -- Execute custom install script
[0.438s] -- Up-to-date symlink: /home/marcelo/Documents/GitHub/RMAL/uam/ros_uam/install/dynamixel_sdk/include//dynamixel_sdk/dynamixel_sdk.h
[0.438s] -- Up-to-date symlink: /home/marcelo/Documents/GitHub/RMAL/uam/ros_uam/install/dynamixel_sdk/include//dynamixel_sdk/group_bulk_read.h
[0.439s] -- Up-to-date symlink: /home/marcelo/Documents/GitHub/RMAL/uam/ros_uam/install/dynamixel_sdk/include//dynamixel_sdk/group_bulk_write.h
[0.439s] -- Up-to-date symlink: /home/marcelo/Documents/GitHub/RMAL/uam/ros_uam/install/dynamixel_sdk/include//dynamixel_sdk/group_sync_read.h
[0.439s] -- Up-to-date symlink: /home/marcelo/Documents/GitHub/RMAL/uam/ros_uam/install/dynamixel_sdk/include//dynamixel_sdk/group_sync_write.h
[0.440s] -- Up-to-date symlink: /home/marcelo/Documents/GitHub/RMAL/uam/ros_uam/install/dynamixel_sdk/include//dynamixel_sdk/packet_handler.h
[0.440s] -- Up-to-date symlink: /home/marcelo/Documents/GitHub/RMAL/uam/ros_uam/install/dynamixel_sdk/include//dynamixel_sdk/port_handler.h
[0.440s] -- Up-to-date symlink: /home/marcelo/Documents/GitHub/RMAL/uam/ros_uam/install/dynamixel_sdk/include//dynamixel_sdk/port_handler_arduino.h
[0.440s] -- Up-to-date symlink: /home/marcelo/Documents/GitHub/RMAL/uam/ros_uam/install/dynamixel_sdk/include//dynamixel_sdk/port_handler_linux.h
[0.440s] -- Up-to-date symlink: /home/marcelo/Documents/GitHub/RMAL/uam/ros_uam/install/dynamixel_sdk/include//dynamixel_sdk/port_handler_mac.h
[0.440s] -- Up-to-date symlink: /home/marcelo/Documents/GitHub/RMAL/uam/ros_uam/install/dynamixel_sdk/include//dynamixel_sdk/port_handler_windows.h
[0.440s] -- Up-to-date symlink: /home/marcelo/Documents/GitHub/RMAL/uam/ros_uam/install/dynamixel_sdk/include//dynamixel_sdk/protocol1_packet_handler.h
[0.440s] -- Up-to-date symlink: /home/marcelo/Documents/GitHub/RMAL/uam/ros_uam/install/dynamixel_sdk/include//dynamixel_sdk/protocol2_packet_handler.h
[0.441s] -- Up-to-date symlink: /home/marcelo/Documents/GitHub/RMAL/uam/ros_uam/install/dynamixel_sdk/lib/libdynamixel_sdk.so
[0.441s] -- Up-to-date symlink: /home/marcelo/Documents/GitHub/RMAL/uam/ros_uam/install/dynamixel_sdk/share/dynamixel_sdk/environment/library_path.sh
[0.441s] -- Up-to-date symlink: /home/marcelo/Documents/GitHub/RMAL/uam/ros_uam/install/dynamixel_sdk/share/dynamixel_sdk/environment/library_path.dsv
[0.443s] -- Up-to-date symlink: /home/marcelo/Documents/GitHub/RMAL/uam/ros_uam/install/dynamixel_sdk/share/ament_index/resource_index/package_run_dependencies/dynamixel_sdk
[0.443s] -- Up-to-date symlink: /home/marcelo/Documents/GitHub/RMAL/uam/ros_uam/install/dynamixel_sdk/share/ament_index/resource_index/parent_prefix_path/dynamixel_sdk
[0.444s] -- Up-to-date symlink: /home/marcelo/Documents/GitHub/RMAL/uam/ros_uam/install/dynamixel_sdk/share/dynamixel_sdk/environment/ament_prefix_path.sh
[0.444s] -- Up-to-date symlink: /home/marcelo/Documents/GitHub/RMAL/uam/ros_uam/install/dynamixel_sdk/share/dynamixel_sdk/environment/ament_prefix_path.dsv
[0.447s] -- Up-to-date symlink: /home/marcelo/Documents/GitHub/RMAL/uam/ros_uam/install/dynamixel_sdk/share/dynamixel_sdk/environment/path.sh
[0.447s] -- Up-to-date symlink: /home/marcelo/Documents/GitHub/RMAL/uam/ros_uam/install/dynamixel_sdk/share/dynamixel_sdk/environment/path.dsv
[0.447s] -- Up-to-date symlink: /home/marcelo/Documents/GitHub/RMAL/uam/ros_uam/install/dynamixel_sdk/share/dynamixel_sdk/local_setup.bash
[0.447s] -- Up-to-date symlink: /home/marcelo/Documents/GitHub/RMAL/uam/ros_uam/install/dynamixel_sdk/share/dynamixel_sdk/local_setup.sh
[0.447s] -- Up-to-date symlink: /home/marcelo/Documents/GitHub/RMAL/uam/ros_uam/install/dynamixel_sdk/share/dynamixel_sdk/local_setup.zsh
[0.447s] -- Up-to-date symlink: /home/marcelo/Documents/GitHub/RMAL/uam/ros_uam/install/dynamixel_sdk/share/dynamixel_sdk/local_setup.dsv
[0.447s] -- Symlinking: /home/marcelo/Documents/GitHub/RMAL/uam/ros_uam/install/dynamixel_sdk/share/dynamixel_sdk/package.dsv
[0.455s] -- Up-to-date symlink: /home/marcelo/Documents/GitHub/RMAL/uam/ros_uam/install/dynamixel_sdk/share/ament_index/resource_index/packages/dynamixel_sdk
[0.455s] -- Up-to-date symlink: /home/marcelo/Documents/GitHub/RMAL/uam/ros_uam/install/dynamixel_sdk/share/dynamixel_sdk/cmake/ament_cmake_export_include_directories-extras.cmake
[0.456s] -- Up-to-date symlink: /home/marcelo/Documents/GitHub/RMAL/uam/ros_uam/install/dynamixel_sdk/share/dynamixel_sdk/cmake/ament_cmake_export_libraries-extras.cmake
[0.456s] -- Up-to-date symlink: /home/marcelo/Documents/GitHub/RMAL/uam/ros_uam/install/dynamixel_sdk/share/dynamixel_sdk/cmake/dynamixel_sdkConfig.cmake
[0.456s] -- Up-to-date symlink: /home/marcelo/Documents/GitHub/RMAL/uam/ros_uam/install/dynamixel_sdk/share/dynamixel_sdk/cmake/dynamixel_sdkConfig-version.cmake
[0.456s] -- Up-to-date symlink: /home/marcelo/Documents/GitHub/RMAL/uam/ros_uam/install/dynamixel_sdk/share/dynamixel_sdk/package.xml
[0.495s] Invoked command in '/home/marcelo/Documents/GitHub/RMAL/uam/ros_uam/build/dynamixel_sdk' returned '0': CMAKE_PREFIX_PATH=/opt/ros/foxy /usr/bin/cmake --install /home/marcelo/Documents/GitHub/RMAL/uam/ros_uam/build/dynamixel_sdk
